<?xml version="1.0" encoding="UTF-8"?>
<coverage generated="1779165013416" clover="3.2.0">
  <project timestamp="1779165013416" name="All files">
    <metrics statements="2221" coveredstatements="1898" conditionals="1048" coveredconditionals="727" methods="285" coveredmethods="240" elements="3554" coveredelements="2865" complexity="0" loc="2221" ncloc="2221" packages="5" files="29" classes="29"/>
    <package name="audio">
      <metrics statements="1130" coveredstatements="1054" conditionals="391" coveredconditionals="318" methods="127" coveredmethods="116"/>
      <file name="analyzer.ts" path="/home/chuby9726/clawspace/web-praat/src/audio/analyzer.ts">
        <metrics statements="151" coveredstatements="151" conditionals="45" coveredconditionals="38" methods="11" coveredmethods="11"/>
        <line num="18" count="20" type="stmt"/>
        <line num="30" count="2" type="stmt"/>
        <line num="31" count="2" type="stmt"/>
        <line num="32" count="2" type="stmt"/>
        <line num="33" count="2" type="stmt"/>
        <line num="34" count="2" type="stmt"/>
        <line num="35" count="2" type="stmt"/>
        <line num="36" count="2" type="stmt"/>
        <line num="37" count="2" type="stmt"/>
        <line num="39" count="2" type="stmt"/>
        <line num="59" count="3" type="stmt"/>
        <line num="60" count="3" type="stmt"/>
        <line num="61" count="3" type="stmt"/>
        <line num="62" count="3" type="stmt"/>
        <line num="63" count="3" type="stmt"/>
        <line num="64" count="3" type="stmt"/>
        <line num="65" count="3" type="stmt"/>
        <line num="66" count="3" type="stmt"/>
        <line num="68" count="3" type="stmt"/>
        <line num="69" count="99" type="stmt"/>
        <line num="70" count="99" type="stmt"/>
        <line num="71" count="99" type="stmt"/>
        <line num="72" count="101376" type="cond" truecount="1" falsecount="1"/>
        <line num="74" count="99" type="stmt"/>
        <line num="75" count="99" type="stmt"/>
        <line num="76" count="99" type="stmt"/>
        <line num="79" count="3" type="stmt"/>
        <line num="98" count="12" type="stmt"/>
        <line num="99" count="12" type="stmt"/>
        <line num="100" count="12" type="stmt"/>
        <line num="101" count="12" type="stmt"/>
        <line num="102" count="12" type="stmt"/>
        <line num="103" count="12" type="stmt"/>
        <line num="104" count="12" type="stmt"/>
        <line num="107" count="12" type="stmt"/>
        <line num="108" count="12" type="stmt"/>
        <line num="109" count="151400" type="stmt"/>
        <line num="110" count="151400" type="cond" truecount="2" falsecount="0"/>
        <line num="113" count="12" type="stmt"/>
        <line num="114" count="12" type="stmt"/>
        <line num="117" count="12" type="stmt"/>
        <line num="118" count="584" type="stmt"/>
        <line num="119" count="584" type="stmt"/>
        <line num="120" count="584" type="stmt"/>
        <line num="121" count="576776" type="stmt"/>
        <line num="122" count="584" type="stmt"/>
        <line num="125" count="584" type="stmt"/>
        <line num="126" count="584" type="stmt"/>
        <line num="127" count="576776" type="stmt"/>
        <line num="128" count="576776" type="cond" truecount="2" falsecount="0"/>
        <line num="130" count="584" type="cond" truecount="2" falsecount="0"/>
        <line num="133" count="584" type="stmt"/>
        <line num="135" count="584" type="cond" truecount="2" falsecount="0"/>
        <line num="137" count="572" type="stmt"/>
        <line num="138" count="572" type="stmt"/>
        <line num="139" count="572" type="stmt"/>
        <line num="140" count="572" type="stmt"/>
        <line num="141" count="163781" type="stmt"/>
        <line num="142" count="163781" type="stmt"/>
        <line num="143" count="175389947" type="stmt"/>
        <line num="144" count="175389947" type="stmt"/>
        <line num="145" count="175389947" type="stmt"/>
        <line num="147" count="163781" type="stmt"/>
        <line num="148" count="163781" type="cond" truecount="1" falsecount="1"/>
        <line num="150" count="163781" type="cond" truecount="5" falsecount="0"/>
        <line num="151" count="1751" type="stmt"/>
        <line num="153" count="163781" type="stmt"/>
        <line num="154" count="163781" type="stmt"/>
        <line num="157" count="572" type="cond" truecount="4" falsecount="0"/>
        <line num="158" count="303" type="stmt"/>
        <line num="162" count="2130" type="stmt"/>
        <line num="163" count="572" type="stmt"/>
        <line num="164" count="572" type="stmt"/>
        <line num="165" count="2054" type="stmt"/>
        <line num="167" count="2054" type="stmt"/>
        <line num="168" count="2054" type="stmt"/>
        <line num="172" count="584" type="stmt"/>
        <line num="176" count="584" type="stmt"/>
        <line num="177" count="584" type="cond" truecount="1" falsecount="1"/>
        <line num="180" count="12" type="stmt"/>
        <line num="181" count="12" type="stmt"/>
        <line num="184" count="46" type="stmt"/>
        <line num="185" count="46" type="stmt"/>
        <line num="188" count="12" type="stmt"/>
        <line num="190" count="12" type="stmt"/>
        <line num="191" count="572" type="stmt"/>
        <line num="192" count="572" type="stmt"/>
        <line num="193" count="572" type="stmt"/>
        <line num="194" count="572" type="stmt"/>
        <line num="196" count="572" type="stmt"/>
        <line num="197" count="2592" type="stmt"/>
        <line num="198" count="2592" type="stmt"/>
        <line num="200" count="2592" type="stmt"/>
        <line num="201" count="13802" type="stmt"/>
        <line num="202" count="13802" type="stmt"/>
        <line num="203" count="13802" type="stmt"/>
        <line num="205" count="13802" type="cond" truecount="2" falsecount="0"/>
        <line num="207" count="4038" type="stmt"/>
        <line num="208" count="9764" type="cond" truecount="4" falsecount="0"/>
        <line num="210" count="9192" type="stmt"/>
        <line num="214" count="13802" type="stmt"/>
        <line num="215" count="13802" type="cond" truecount="2" falsecount="0"/>
        <line num="216" count="4985" type="stmt"/>
        <line num="217" count="4985" type="stmt"/>
        <line num="222" count="2592" type="stmt"/>
        <line num="223" count="2592" type="stmt"/>
        <line num="228" count="12" type="stmt"/>
        <line num="229" count="12" type="stmt"/>
        <line num="230" count="12" type="stmt"/>
        <line num="231" count="12" type="stmt"/>
        <line num="232" count="48" type="cond" truecount="2" falsecount="0"/>
        <line num="233" count="25" type="stmt"/>
        <line num="234" count="25" type="stmt"/>
        <line num="237" count="12" type="stmt"/>
        <line num="238" count="12" type="stmt"/>
        <line num="239" count="572" type="stmt"/>
        <line num="243" count="12" type="stmt"/>
        <line num="244" count="584" type="stmt"/>
        <line num="245" count="584" type="cond" truecount="2" falsecount="0"/>
        <line num="248" count="12" type="stmt"/>
        <line num="256" count="3" type="stmt"/>
        <line num="257" count="3" type="stmt"/>
        <line num="258" count="3" type="stmt"/>
        <line num="259" count="3" type="stmt"/>
        <line num="260" count="3" type="stmt"/>
        <line num="262" count="3" type="stmt"/>
        <line num="263" count="194" type="stmt"/>
        <line num="264" count="194" type="stmt"/>
        <line num="265" count="136894" type="stmt"/>
        <line num="267" count="194" type="stmt"/>
        <line num="268" count="194" type="stmt"/>
        <line num="269" count="194" type="stmt"/>
        <line num="275" count="194" type="stmt"/>
        <line num="277" count="145" type="cond" truecount="2" falsecount="0"/>
        <line num="281" count="194" type="stmt"/>
        <line num="282" count="194" type="stmt"/>
        <line num="283" count="194" type="stmt"/>
        <line num="288" count="194" type="stmt"/>
        <line num="290" count="194" type="stmt"/>
        <line num="301" count="3" type="stmt"/>
        <line num="302" count="3" type="stmt"/>
        <line num="303" count="3" type="stmt"/>
        <line num="304" count="3" type="stmt"/>
        <line num="306" count="3" type="stmt"/>
        <line num="307" count="191" type="stmt"/>
        <line num="308" count="191" type="stmt"/>
        <line num="309" count="85760" type="stmt"/>
        <line num="311" count="191" type="stmt"/>
        <line num="312" count="191" type="cond" truecount="1" falsecount="1"/>
        <line num="313" count="191" type="stmt"/>
        <line num="316" count="3" type="stmt"/>
      </file>
      <file name="cochleagram.ts" path="/home/chuby9726/clawspace/web-praat/src/audio/cochleagram.ts">
        <metrics statements="40" coveredstatements="40" conditionals="9" coveredconditionals="7" methods="5" coveredmethods="5"/>
        <line num="14" count="19" type="stmt"/>
        <line num="20" count="1061" type="stmt"/>
        <line num="21" count="1061" type="stmt"/>
        <line num="26" count="4" type="stmt"/>
        <line num="31" count="4" type="stmt"/>
        <line num="58" count="1" type="stmt"/>
        <line num="72" count="6" type="stmt"/>
        <line num="73" count="6" type="stmt"/>
        <line num="75" count="6" type="stmt"/>
        <line num="76" count="6" type="stmt"/>
        <line num="77" count="6" type="stmt"/>
        <line num="80" count="6" type="stmt"/>
        <line num="81" count="6" type="stmt"/>
        <line num="82" count="6" type="stmt"/>
        <line num="83" count="352" type="stmt"/>
        <line num="84" count="352" type="stmt"/>
        <line num="88" count="6" type="cond" truecount="2" falsecount="0"/>
        <line num="89" count="6" type="cond" truecount="2" falsecount="0"/>
        <line num="92" count="6" type="stmt"/>
        <line num="93" count="6" type="stmt"/>
        <line num="94" count="352" type="stmt"/>
        <line num="95" count="352" type="stmt"/>
        <line num="96" count="352" type="stmt"/>
        <line num="97" count="352" type="stmt"/>
        <line num="98" count="352" type="stmt"/>
        <line num="102" count="6" type="stmt"/>
        <line num="103" count="6" type="stmt"/>
        <line num="104" count="29" type="stmt"/>
        <line num="105" count="29" type="stmt"/>
        <line num="106" count="29" type="stmt"/>
        <line num="107" count="1824" type="stmt"/>
        <line num="108" count="1824" type="cond" truecount="1" falsecount="1"/>
        <line num="109" count="1824" type="stmt"/>
        <line num="110" count="1824" type="stmt"/>
        <line num="111" count="1824" type="stmt"/>
        <line num="112" count="11445" type="stmt"/>
        <line num="113" count="11445" type="stmt"/>
        <line num="115" count="1824" type="cond" truecount="1" falsecount="1"/>
        <line num="117" count="29" type="stmt"/>
        <line num="120" count="6" type="stmt"/>
      </file>
      <file name="defaults.ts" path="/home/chuby9726/clawspace/web-praat/src/audio/defaults.ts">
        <metrics statements="3" coveredstatements="3" conditionals="0" coveredconditionals="0" methods="1" coveredmethods="1"/>
        <line num="3" count="6" type="stmt"/>
        <line num="33" count="6" type="stmt"/>
        <line num="40" count="8" type="stmt"/>
      </file>
      <file name="editor.ts" path="/home/chuby9726/clawspace/web-praat/src/audio/editor.ts">
        <metrics statements="53" coveredstatements="48" conditionals="8" coveredconditionals="5" methods="18" coveredmethods="15"/>
        <line num="12" count="25" type="stmt"/>
        <line num="16" count="25" type="stmt"/>
        <line num="17" count="10" type="stmt"/>
        <line num="18" count="10" type="stmt"/>
        <line num="19" count="10" type="stmt"/>
        <line num="20" count="25" type="stmt"/>
        <line num="21" count="25" type="stmt"/>
        <line num="23" count="10" type="stmt"/>
        <line num="27" count="5" type="stmt"/>
        <line num="28" count="5" type="stmt"/>
        <line num="29" count="5" type="stmt"/>
        <line num="33" count="5" type="stmt"/>
        <line num="34" count="5" type="stmt"/>
        <line num="35" count="5" type="stmt"/>
        <line num="43" count="5" type="stmt"/>
        <line num="44" count="5" type="stmt"/>
        <line num="51" count="3" type="stmt"/>
        <line num="52" count="3" type="stmt"/>
        <line num="53" count="3" type="stmt"/>
        <line num="55" count="3" type="stmt"/>
        <line num="59" count="4" type="stmt"/>
        <line num="60" count="4" type="stmt"/>
        <line num="61" count="4" type="stmt"/>
        <line num="62" count="4" type="stmt"/>
        <line num="69" count="1" type="stmt"/>
        <line num="70" count="1" type="stmt"/>
        <line num="71" count="1" type="stmt"/>
        <line num="76" count="2" type="stmt"/>
        <line num="77" count="2" type="stmt"/>
        <line num="81" count="2" type="stmt"/>
        <line num="85" count="0" type="stmt"/>
        <line num="86" count="0" type="stmt"/>
        <line num="87" count="0" type="stmt"/>
        <line num="91" count="8" type="stmt"/>
        <line num="98" count="1" type="stmt"/>
        <line num="99" count="1" type="stmt"/>
        <line num="100" count="1" type="stmt"/>
        <line num="104" count="3" type="stmt"/>
        <line num="105" count="3" type="stmt"/>
        <line num="106" count="3" type="stmt"/>
        <line num="107" count="3" type="stmt"/>
        <line num="111" count="0" type="stmt"/>
        <line num="115" count="0" type="stmt"/>
        <line num="119" count="1" type="stmt"/>
        <line num="120" count="1" type="cond" truecount="1" falsecount="1"/>
        <line num="121" count="1" type="stmt"/>
        <line num="122" count="1" type="stmt"/>
        <line num="123" count="1" type="stmt"/>
        <line num="127" count="1" type="stmt"/>
        <line num="128" count="1" type="cond" truecount="1" falsecount="1"/>
        <line num="129" count="1" type="stmt"/>
        <line num="130" count="1" type="stmt"/>
        <line num="131" count="1" type="stmt"/>
      </file>
      <file name="experiment.ts" path="/home/chuby9726/clawspace/web-praat/src/audio/experiment.ts">
        <metrics statements="13" coveredstatements="13" conditionals="2" coveredconditionals="2" methods="3" coveredmethods="3"/>
        <line num="37" count="5" type="stmt"/>
        <line num="38" count="5" type="stmt"/>
        <line num="39" count="20" type="stmt"/>
        <line num="40" count="60" type="stmt"/>
        <line num="43" count="5" type="cond" truecount="2" falsecount="0"/>
        <line num="45" count="2" type="stmt"/>
        <line num="46" count="22" type="stmt"/>
        <line num="47" count="22" type="stmt"/>
        <line num="50" count="5" type="stmt"/>
        <line num="57" count="2" type="stmt"/>
        <line num="58" count="2" type="stmt"/>
        <line num="59" count="2" type="stmt"/>
        <line num="61" count="2" type="stmt"/>
      </file>
      <file name="filters.ts" path="/home/chuby9726/clawspace/web-praat/src/audio/filters.ts">
        <metrics statements="119" coveredstatements="100" conditionals="36" coveredconditionals="24" methods="14" coveredmethods="13"/>
        <line num="22" count="520" type="stmt"/>
        <line num="37" count="520" type="stmt"/>
        <line num="38" count="520" type="stmt"/>
        <line num="39" count="520" type="stmt"/>
        <line num="40" count="520" type="stmt"/>
        <line num="42" count="520" type="cond" truecount="2" falsecount="0"/>
        <line num="43" count="516" type="stmt"/>
        <line num="53" count="4" type="cond" truecount="2" falsecount="0"/>
        <line num="54" count="2" type="stmt"/>
        <line num="64" count="2" type="cond" truecount="2" falsecount="0"/>
        <line num="65" count="1" type="stmt"/>
        <line num="76" count="1" type="stmt"/>
        <line num="90" count="506" type="stmt"/>
        <line num="91" count="506" type="stmt"/>
        <line num="92" count="506" type="stmt"/>
        <line num="93" count="2255560" type="stmt"/>
        <line num="94" count="2255560" type="stmt"/>
        <line num="96" count="2255560" type="stmt"/>
        <line num="97" count="2255560" type="stmt"/>
        <line num="98" count="2255560" type="stmt"/>
        <line num="100" count="506" type="stmt"/>
        <line num="108" count="5" type="cond" truecount="2" falsecount="0"/>
        <line num="109" count="1" type="stmt"/>
        <line num="111" count="4" type="stmt"/>
        <line num="112" count="4" type="stmt"/>
        <line num="128" count="7" type="stmt"/>
        <line num="129" count="7" type="stmt"/>
        <line num="131" count="7" type="cond" truecount="1" falsecount="1"/>
        <line num="133" count="0" type="stmt"/>
        <line num="134" count="0" type="cond" truecount="0" falsecount="2"/>
        <line num="135" count="0" type="cond" truecount="0" falsecount="2"/>
        <line num="136" count="0" type="stmt"/>
        <line num="137" count="0" type="stmt"/>
        <line num="138" count="0" type="stmt"/>
        <line num="142" count="7" type="stmt"/>
        <line num="143" count="7" type="stmt"/>
        <line num="145" count="7" type="stmt"/>
        <line num="146" count="512" type="stmt"/>
        <line num="147" count="512" type="stmt"/>
        <line num="150" count="7" type="cond" truecount="2" falsecount="0"/>
        <line num="152" count="1" type="stmt"/>
        <line num="153" count="1" type="stmt"/>
        <line num="154" count="1" type="stmt"/>
        <line num="155" count="1" type="cond" truecount="1" falsecount="1"/>
        <line num="156" count="1" type="stmt"/>
        <line num="157" count="1" type="stmt"/>
        <line num="165" count="0" type="stmt"/>
        <line num="166" count="0" type="stmt"/>
        <line num="176" count="7" type="stmt"/>
        <line num="186" count="2" type="stmt"/>
        <line num="187" count="2" type="stmt"/>
        <line num="188" count="502" type="stmt"/>
        <line num="190" count="2" type="stmt"/>
        <line num="204" count="2" type="stmt"/>
        <line num="205" count="2" type="stmt"/>
        <line num="211" count="2" type="stmt"/>
        <line num="218" count="3" type="stmt"/>
        <line num="220" count="576" type="stmt"/>
        <line num="221" count="3" type="stmt"/>
        <line num="223" count="3" type="stmt"/>
        <line num="224" count="576" type="stmt"/>
        <line num="225" count="576" type="stmt"/>
        <line num="233" count="0" type="stmt"/>
        <line num="234" count="0" type="stmt"/>
        <line num="235" count="0" type="stmt"/>
        <line num="236" count="0" type="stmt"/>
        <line num="238" count="0" type="stmt"/>
        <line num="239" count="0" type="stmt"/>
        <line num="252" count="2" type="stmt"/>
        <line num="253" count="2" type="stmt"/>
        <line num="256" count="2" type="stmt"/>
        <line num="257" count="2" type="stmt"/>
        <line num="258" count="512" type="stmt"/>
        <line num="259" count="2" type="stmt"/>
        <line num="262" count="2" type="stmt"/>
        <line num="263" count="258" type="cond" truecount="1" falsecount="3"/>
        <line num="264" count="258" type="stmt"/>
        <line num="265" count="258" type="stmt"/>
        <line num="266" count="258" type="cond" truecount="4" falsecount="0"/>
        <line num="267" count="254" type="stmt"/>
        <line num="268" count="254" type="stmt"/>
        <line num="273" count="2" type="stmt"/>
        <line num="275" count="2" type="stmt"/>
        <line num="276" count="512" type="stmt"/>
        <line num="277" count="2" type="stmt"/>
        <line num="289" count="7" type="stmt"/>
        <line num="290" count="7" type="stmt"/>
        <line num="291" count="1664" type="stmt"/>
        <line num="292" count="1664" type="stmt"/>
        <line num="293" count="1664" type="stmt"/>
        <line num="294" count="1664" type="stmt"/>
        <line num="295" count="1664" type="stmt"/>
        <line num="297" count="1664" type="stmt"/>
        <line num="298" count="1664" type="stmt"/>
        <line num="299" count="1664" type="stmt"/>
        <line num="300" count="1664" type="stmt"/>
        <line num="302" count="1664" type="stmt"/>
        <line num="303" count="1664" type="stmt"/>
        <line num="304" count="1664" type="stmt"/>
        <line num="306" count="7" type="stmt"/>
        <line num="317" count="3" type="stmt"/>
        <line num="318" count="3" type="stmt"/>
        <line num="319" count="6" type="stmt"/>
        <line num="320" count="6" type="stmt"/>
        <line num="321" count="1536" type="stmt"/>
        <line num="324" count="3" type="stmt"/>
        <line num="339" count="2" type="cond" truecount="2" falsecount="0"/>
        <line num="340" count="1" type="stmt"/>
        <line num="342" count="1" type="cond" truecount="1" falsecount="1"/>
        <line num="343" count="0" type="stmt"/>
        <line num="344" count="0" type="stmt"/>
        <line num="347" count="1" type="cond" truecount="1" falsecount="1"/>
        <line num="348" count="2" type="stmt"/>
        <line num="349" count="2" type="stmt"/>
        <line num="351" count="2" type="cond" truecount="1" falsecount="1"/>
        <line num="352" count="0" type="stmt"/>
        <line num="353" count="0" type="stmt"/>
        <line num="355" count="0" type="stmt"/>
        <line num="358" count="1" type="stmt"/>
      </file>
      <file name="formantTracking.ts" path="/home/chuby9726/clawspace/web-praat/src/audio/formantTracking.ts">
        <metrics statements="70" coveredstatements="70" conditionals="35" coveredconditionals="29" methods="12" coveredmethods="12"/>
        <line num="12" count="5" type="stmt"/>
        <line num="23" count="708" type="stmt"/>
        <line num="24" count="708" type="stmt"/>
        <line num="25" count="708" type="stmt"/>
        <line num="33" count="7" type="cond" truecount="2" falsecount="0"/>
        <line num="34" count="6" type="stmt"/>
        <line num="35" count="6" type="stmt"/>
        <line num="36" count="28" type="stmt"/>
        <line num="37" count="28" type="stmt"/>
        <line num="38" count="84" type="stmt"/>
        <line num="39" count="84" type="cond" truecount="4" falsecount="0"/>
        <line num="40" count="72" type="stmt"/>
        <line num="43" count="28" type="cond" truecount="1" falsecount="1"/>
        <line num="44" count="46" type="stmt"/>
        <line num="45" count="28" type="stmt"/>
        <line num="54" count="7" type="cond" truecount="2" falsecount="0"/>
        <line num="55" count="6" type="stmt"/>
        <line num="56" count="6" type="stmt"/>
        <line num="58" count="6" type="stmt"/>
        <line num="59" count="6" type="stmt"/>
        <line num="60" count="20" type="stmt"/>
        <line num="63" count="6" type="stmt"/>
        <line num="64" count="28" type="cond" truecount="1" falsecount="1"/>
        <line num="65" count="28" type="stmt"/>
        <line num="66" count="28" type="stmt"/>
        <line num="67" count="28" type="stmt"/>
        <line num="68" count="98" type="stmt"/>
        <line num="69" count="98" type="cond" truecount="4" falsecount="0"/>
        <line num="70" count="82" type="stmt"/>
        <line num="71" count="82" type="stmt"/>
        <line num="72" count="82" type="stmt"/>
        <line num="75" count="28" type="cond" truecount="1" falsecount="1"/>
        <line num="88" count="19" type="cond" truecount="2" falsecount="0"/>
        <line num="90" count="617" type="stmt"/>
        <line num="91" count="617" type="stmt"/>
        <line num="92" count="617" type="stmt"/>
        <line num="95" count="16" type="stmt"/>
        <line num="96" count="27" type="stmt"/>
        <line num="100" count="16" type="stmt"/>
        <line num="101" count="601" type="stmt"/>
        <line num="102" count="513" type="stmt"/>
        <line num="104" count="513" type="stmt"/>
        <line num="105" count="513" type="stmt"/>
        <line num="106" count="708" type="stmt"/>
        <line num="107" count="708" type="stmt"/>
        <line num="108" count="708" type="stmt"/>
        <line num="109" count="708" type="cond" truecount="2" falsecount="0"/>
        <line num="110" count="168" type="stmt"/>
        <line num="111" count="168" type="stmt"/>
        <line num="118" count="16" type="stmt"/>
        <line num="119" count="47" type="cond" truecount="2" falsecount="0"/>
        <line num="121" count="7" type="stmt"/>
        <line num="122" count="7" type="stmt"/>
        <line num="123" count="7" type="stmt"/>
        <line num="124" count="7" type="stmt"/>
        <line num="125" count="21" type="cond" truecount="2" falsecount="0"/>
        <line num="126" count="11" type="stmt"/>
        <line num="127" count="11" type="stmt"/>
        <line num="131" count="7" type="stmt"/>
        <line num="132" count="35" type="cond" truecount="1" falsecount="1"/>
        <line num="133" count="35" type="stmt"/>
        <line num="134" count="35" type="cond" truecount="3" falsecount="1"/>
        <line num="138" count="7" type="stmt"/>
        <line num="139" count="7" type="stmt"/>
        <line num="151" count="8" type="stmt"/>
        <line num="152" count="8" type="stmt"/>
        <line num="153" count="8" type="stmt"/>
        <line num="154" count="8" type="stmt"/>
        <line num="155" count="19" type="cond" truecount="1" falsecount="1"/>
        <line num="157" count="8" type="stmt"/>
      </file>
      <file name="harmonicity.ts" path="/home/chuby9726/clawspace/web-praat/src/audio/harmonicity.ts">
        <metrics statements="46" coveredstatements="43" conditionals="16" coveredconditionals="14" methods="4" coveredmethods="4"/>
        <line num="29" count="5" type="stmt"/>
        <line num="42" count="5" type="stmt"/>
        <line num="43" count="5" type="stmt"/>
        <line num="44" count="5" type="stmt"/>
        <line num="45" count="5" type="stmt"/>
        <line num="46" count="5" type="stmt"/>
        <line num="47" count="5" type="stmt"/>
        <line num="49" count="5" type="stmt"/>
        <line num="50" count="5" type="stmt"/>
        <line num="53" count="5" type="stmt"/>
        <line num="54" count="36000" type="stmt"/>
        <line num="55" count="5" type="stmt"/>
        <line num="57" count="5" type="stmt"/>
        <line num="58" count="225" type="stmt"/>
        <line num="59" count="225" type="stmt"/>
        <line num="61" count="225" type="stmt"/>
        <line num="62" count="194400" type="stmt"/>
        <line num="64" count="225" type="stmt"/>
        <line num="67" count="225" type="stmt"/>
        <line num="68" count="194400" type="stmt"/>
        <line num="69" count="225" type="stmt"/>
        <line num="70" count="225" type="cond" truecount="3" falsecount="1"/>
        <line num="71" count="0" type="stmt"/>
        <line num="72" count="0" type="stmt"/>
        <line num="76" count="225" type="stmt"/>
        <line num="77" count="225" type="stmt"/>
        <line num="78" count="36900" type="stmt"/>
        <line num="79" count="36900" type="stmt"/>
        <line num="80" count="36900" type="stmt"/>
        <line num="81" count="36900" type="stmt"/>
        <line num="82" count="29169090" type="stmt"/>
        <line num="83" count="29169090" type="stmt"/>
        <line num="84" count="29169090" type="stmt"/>
        <line num="86" count="36900" type="stmt"/>
        <line num="87" count="36900" type="cond" truecount="2" falsecount="0"/>
        <line num="88" count="36900" type="cond" truecount="2" falsecount="0"/>
        <line num="92" count="225" type="cond" truecount="2" falsecount="0"/>
        <line num="93" count="45" type="stmt"/>
        <line num="94" count="180" type="cond" truecount="1" falsecount="1"/>
        <line num="95" count="0" type="stmt"/>
        <line num="97" count="180" type="stmt"/>
        <line num="102" count="225" type="stmt"/>
        <line num="103" count="180" type="cond" truecount="2" falsecount="0"/>
        <line num="104" count="614" type="stmt"/>
        <line num="105" count="5" type="cond" truecount="2" falsecount="0"/>
        <line num="107" count="5" type="stmt"/>
      </file>
      <file name="lpc.ts" path="/home/chuby9726/clawspace/web-praat/src/audio/lpc.ts">
        <metrics statements="121" coveredstatements="121" conditionals="59" coveredconditionals="55" methods="9" coveredmethods="9"/>
        <line num="5" count="5" type="stmt"/>
        <line num="8" count="196" type="cond" truecount="2" falsecount="0"/>
        <line num="9" count="100" type="stmt"/>
        <line num="10" count="100" type="stmt"/>
        <line num="11" count="100" type="stmt"/>
        <line num="12" count="27481" type="stmt"/>
        <line num="13" count="27481" type="stmt"/>
        <line num="14" count="109924" type="stmt"/>
        <line num="16" count="27481" type="stmt"/>
        <line num="18" count="100" type="stmt"/>
        <line num="22" count="195" type="stmt"/>
        <line num="23" count="195" type="stmt"/>
        <line num="24" count="195" type="stmt"/>
        <line num="25" count="55830" type="stmt"/>
        <line num="27" count="195" type="stmt"/>
        <line num="31" count="195" type="stmt"/>
        <line num="32" count="195" type="stmt"/>
        <line num="33" count="195" type="stmt"/>
        <line num="34" count="56025" type="stmt"/>
        <line num="36" count="195" type="stmt"/>
        <line num="40" count="196" type="stmt"/>
        <line num="41" count="196" type="stmt"/>
        <line num="42" count="196" type="stmt"/>
        <line num="43" count="196" type="stmt"/>
        <line num="45" count="196" type="stmt"/>
        <line num="46" count="2352" type="stmt"/>
        <line num="47" count="2352" type="stmt"/>
        <line num="48" count="2352" type="stmt"/>
        <line num="49" count="660084" type="stmt"/>
        <line num="50" count="660084" type="stmt"/>
        <line num="52" count="2352" type="cond" truecount="1" falsecount="1"/>
        <line num="53" count="2352" type="stmt"/>
        <line num="54" count="2352" type="stmt"/>
        <line num="55" count="2352" type="stmt"/>
        <line num="56" count="12936" type="stmt"/>
        <line num="59" count="2352" type="stmt"/>
        <line num="60" count="2352" type="stmt"/>
        <line num="61" count="2352" type="stmt"/>
        <line num="62" count="660084" type="stmt"/>
        <line num="63" count="660084" type="stmt"/>
        <line num="65" count="2352" type="stmt"/>
        <line num="66" count="2352" type="stmt"/>
        <line num="69" count="196" type="stmt"/>
        <line num="70" count="2352" type="stmt"/>
        <line num="72" count="196" type="stmt"/>
        <line num="76" count="195" type="stmt"/>
        <line num="77" count="195" type="stmt"/>
        <line num="78" count="195" type="stmt"/>
        <line num="79" count="2340" type="stmt"/>
        <line num="82" count="195" type="stmt"/>
        <line num="83" count="195" type="stmt"/>
        <line num="84" count="2340" type="stmt"/>
        <line num="85" count="2340" type="stmt"/>
        <line num="86" count="2340" type="stmt"/>
        <line num="89" count="195" type="stmt"/>
        <line num="90" count="2267" type="stmt"/>
        <line num="91" count="2267" type="stmt"/>
        <line num="92" count="27204" type="stmt"/>
        <line num="93" count="27204" type="stmt"/>
        <line num="94" count="27204" type="stmt"/>
        <line num="95" count="326448" type="stmt"/>
        <line num="96" count="326448" type="stmt"/>
        <line num="97" count="326448" type="stmt"/>
        <line num="98" count="326448" type="stmt"/>
        <line num="101" count="27204" type="stmt"/>
        <line num="102" count="27204" type="stmt"/>
        <line num="103" count="27204" type="stmt"/>
        <line num="104" count="326448" type="cond" truecount="2" falsecount="0"/>
        <line num="105" count="299244" type="stmt"/>
        <line num="106" count="299244" type="stmt"/>
        <line num="107" count="299244" type="stmt"/>
        <line num="108" count="299244" type="stmt"/>
        <line num="109" count="299244" type="stmt"/>
        <line num="110" count="299244" type="stmt"/>
        <line num="113" count="27204" type="stmt"/>
        <line num="114" count="27204" type="cond" truecount="1" falsecount="1"/>
        <line num="115" count="27204" type="stmt"/>
        <line num="116" count="27204" type="stmt"/>
        <line num="117" count="27204" type="stmt"/>
        <line num="118" count="27204" type="stmt"/>
        <line num="119" count="27204" type="stmt"/>
        <line num="121" count="2267" type="cond" truecount="2" falsecount="0"/>
        <line num="124" count="195" type="stmt"/>
        <line num="128" count="196" type="stmt"/>
        <line num="129" count="196" type="cond" truecount="2" falsecount="0"/>
        <line num="130" count="196" type="stmt"/>
        <line num="131" count="196" type="cond" truecount="1" falsecount="1"/>
        <line num="133" count="196" type="stmt"/>
        <line num="134" count="56281" type="stmt"/>
        <line num="135" count="196" type="cond" truecount="2" falsecount="0"/>
        <line num="137" count="195" type="stmt"/>
        <line num="161" count="196" type="stmt"/>
        <line num="162" count="196" type="cond" truecount="4" falsecount="0"/>
        <line num="164" count="195" type="stmt"/>
        <line num="165" count="195" type="stmt"/>
        <line num="166" count="195" type="stmt"/>
        <line num="168" count="195" type="stmt"/>
        <line num="169" count="2340" type="cond" truecount="2" falsecount="0"/>
        <line num="170" count="1170" type="stmt"/>
        <line num="171" count="1170" type="cond" truecount="3" falsecount="1"/>
        <line num="172" count="1170" type="stmt"/>
        <line num="173" count="1170" type="stmt"/>
        <line num="174" count="1170" type="stmt"/>
        <line num="175" count="1170" type="cond" truecount="5" falsecount="0"/>
        <line num="176" count="274" type="stmt"/>
        <line num="180" count="195" type="stmt"/>
        <line num="189" count="196" type="stmt"/>
        <line num="190" count="196" type="cond" truecount="2" falsecount="0"/>
        <line num="192" count="74" type="stmt"/>
        <line num="193" count="74" type="stmt"/>
        <line num="194" count="74" type="stmt"/>
        <line num="196" count="74" type="stmt"/>
        <line num="197" count="151" type="cond" truecount="5" falsecount="0"/>
        <line num="198" count="74" type="stmt"/>
        <line num="199" count="77" type="cond" truecount="6" falsecount="0"/>
        <line num="200" count="73" type="stmt"/>
        <line num="201" count="4" type="cond" truecount="6" falsecount="0"/>
        <line num="202" count="1" type="stmt"/>
        <line num="203" count="1" type="stmt"/>
        <line num="207" count="74" type="cond" truecount="4" falsecount="0"/>
        <line num="208" count="73" type="stmt"/>
      </file>
      <file name="ltas.ts" path="/home/chuby9726/clawspace/web-praat/src/audio/ltas.ts">
        <metrics statements="37" coveredstatements="37" conditionals="6" coveredconditionals="5" methods="2" coveredmethods="2"/>
        <line num="31" count="2" type="stmt"/>
        <line num="38" count="4" type="stmt"/>
        <line num="46" count="4" type="stmt"/>
        <line num="47" count="4" type="stmt"/>
        <line num="48" count="4" type="stmt"/>
        <line num="49" count="4" type="stmt"/>
        <line num="50" count="4" type="stmt"/>
        <line num="51" count="4" type="cond" truecount="2" falsecount="0"/>
        <line num="54" count="4" type="stmt"/>
        <line num="55" count="4" type="stmt"/>
        <line num="57" count="4" type="stmt"/>
        <line num="59" count="14" type="stmt"/>
        <line num="60" count="14" type="stmt"/>
        <line num="61" count="57344" type="stmt"/>
        <line num="65" count="14" type="stmt"/>
        <line num="68" count="14" type="stmt"/>
        <line num="71" count="14" type="stmt"/>
        <line num="72" count="28686" type="stmt"/>
        <line num="74" count="14" type="stmt"/>
        <line num="78" count="4" type="cond" truecount="2" falsecount="0"/>
        <line num="79" count="1" type="stmt"/>
        <line num="80" count="1" type="stmt"/>
        <line num="81" count="100" type="stmt"/>
        <line num="83" count="1" type="stmt"/>
        <line num="84" count="1" type="stmt"/>
        <line num="85" count="1" type="stmt"/>
        <line num="86" count="2049" type="stmt"/>
        <line num="88" count="1" type="stmt"/>
        <line num="92" count="4" type="stmt"/>
        <line num="93" count="4" type="stmt"/>
        <line num="95" count="4" type="stmt"/>
        <line num="96" count="4" type="stmt"/>
        <line num="98" count="4" type="stmt"/>
        <line num="99" count="7172" type="stmt"/>
        <line num="100" count="7172" type="stmt"/>
        <line num="101" count="7172" type="cond" truecount="1" falsecount="1"/>
        <line num="104" count="4" type="stmt"/>
      </file>
      <file name="pointprocess.ts" path="/home/chuby9726/clawspace/web-praat/src/audio/pointprocess.ts">
        <metrics statements="52" coveredstatements="52" conditionals="22" coveredconditionals="20" methods="1" coveredmethods="1"/>
        <line num="27" count="1" type="stmt"/>
        <line num="44" count="4" type="stmt"/>
        <line num="45" count="4" type="stmt"/>
        <line num="46" count="4" type="stmt"/>
        <line num="49" count="4" type="stmt"/>
        <line num="50" count="4" type="stmt"/>
        <line num="51" count="48000" type="stmt"/>
        <line num="52" count="48000" type="cond" truecount="2" falsecount="0"/>
        <line num="54" count="4" type="stmt"/>
        <line num="56" count="4" type="stmt"/>
        <line num="57" count="4" type="stmt"/>
        <line num="58" count="4" type="stmt"/>
        <line num="60" count="4" type="stmt"/>
        <line num="62" count="288" type="stmt"/>
        <line num="63" count="288" type="stmt"/>
        <line num="64" count="184032" type="stmt"/>
        <line num="65" count="184032" type="cond" truecount="2" falsecount="0"/>
        <line num="67" count="288" type="cond" truecount="1" falsecount="1"/>
        <line num="70" count="288" type="stmt"/>
        <line num="71" count="288" type="stmt"/>
        <line num="72" count="288" type="stmt"/>
        <line num="73" count="52416" type="stmt"/>
        <line num="74" count="52416" type="stmt"/>
        <line num="75" count="52416" type="stmt"/>
        <line num="76" count="52416" type="stmt"/>
        <line num="77" count="52416" type="stmt"/>
        <line num="78" count="27072864" type="stmt"/>
        <line num="79" count="27072864" type="stmt"/>
        <line num="80" count="27072864" type="stmt"/>
        <line num="81" count="27072864" type="stmt"/>
        <line num="83" count="52416" type="stmt"/>
        <line num="84" count="52416" type="cond" truecount="2" falsecount="0"/>
        <line num="85" count="52416" type="cond" truecount="2" falsecount="0"/>
        <line num="86" count="4060" type="stmt"/>
        <line num="87" count="4060" type="stmt"/>
        <line num="92" count="288" type="cond" truecount="4" falsecount="0"/>
        <line num="96" count="144" type="stmt"/>
        <line num="97" count="144" type="stmt"/>
        <line num="99" count="144" type="stmt"/>
        <line num="100" count="814" type="stmt"/>
        <line num="101" count="814" type="stmt"/>
        <line num="102" count="814" type="stmt"/>
        <line num="103" count="814" type="stmt"/>
        <line num="104" count="78215" type="cond" truecount="2" falsecount="0"/>
        <line num="105" count="19622" type="stmt"/>
        <line num="106" count="19622" type="stmt"/>
        <line num="109" count="814" type="cond" truecount="1" falsecount="1"/>
        <line num="110" count="814" type="stmt"/>
        <line num="112" count="814" type="stmt"/>
        <line num="113" count="814" type="cond" truecount="4" falsecount="0"/>
        <line num="114" count="248" type="stmt"/>
        <line num="120" count="4" type="stmt"/>
      </file>
      <file name="psola.ts" path="/home/chuby9726/clawspace/web-praat/src/audio/psola.ts">
        <metrics statements="106" coveredstatements="100" conditionals="50" coveredconditionals="40" methods="7" coveredmethods="6"/>
        <line num="36" count="4" type="stmt"/>
        <line num="37" count="4" type="stmt"/>
        <line num="38" count="4" type="stmt"/>
        <line num="39" count="4" type="stmt"/>
        <line num="41" count="4" type="stmt"/>
        <line num="42" count="4" type="stmt"/>
        <line num="44" count="356" type="stmt"/>
        <line num="45" count="356" type="stmt"/>
        <line num="47" count="356" type="cond" truecount="2" falsecount="0"/>
        <line num="48" count="66378" type="stmt"/>
        <line num="49" count="66378" type="stmt"/>
        <line num="50" count="66378" type="stmt"/>
        <line num="51" count="66378" type="stmt"/>
        <line num="52" count="28409784" type="stmt"/>
        <line num="53" count="28409784" type="stmt"/>
        <line num="54" count="28409784" type="stmt"/>
        <line num="56" count="66378" type="stmt"/>
        <line num="57" count="66378" type="cond" truecount="1" falsecount="1"/>
        <line num="58" count="66378" type="cond" truecount="2" falsecount="0"/>
        <line num="59" count="9579" type="stmt"/>
        <line num="60" count="9579" type="stmt"/>
        <line num="64" count="356" type="stmt"/>
        <line num="66" count="356" type="cond" truecount="2" falsecount="0"/>
        <line num="69" count="4" type="stmt"/>
        <line num="76" count="905" type="cond" truecount="1" falsecount="1"/>
        <line num="77" count="905" type="cond" truecount="1" falsecount="1"/>
        <line num="78" count="905" type="cond" truecount="2" falsecount="0"/>
        <line num="79" count="898" type="cond" truecount="2" falsecount="0"/>
        <line num="82" count="697" type="stmt"/>
        <line num="83" count="697" type="cond" truecount="3" falsecount="1"/>
        <line num="84" count="697" type="stmt"/>
        <line num="85" count="697" type="stmt"/>
        <line num="88" count="0" type="stmt"/>
        <line num="95" count="4006" type="cond" truecount="2" falsecount="0"/>
        <line num="99" count="4003" type="stmt"/>
        <line num="101" count="4003" type="stmt"/>
        <line num="102" count="4003" type="stmt"/>
        <line num="103" count="4003" type="cond" truecount="1" falsecount="1"/>
        <line num="105" count="4006" type="stmt"/>
        <line num="106" count="4003" type="cond" truecount="1" falsecount="1"/>
        <line num="108" count="0" type="stmt"/>
        <line num="109" count="0" type="stmt"/>
        <line num="111" count="4003" type="stmt"/>
        <line num="112" count="4003" type="stmt"/>
        <line num="113" count="4003" type="stmt"/>
        <line num="117" count="4003" type="stmt"/>
        <line num="118" count="4003" type="stmt"/>
        <line num="125" count="63657" type="stmt"/>
        <line num="132" count="3" type="stmt"/>
        <line num="135" count="3" type="stmt"/>
        <line num="136" count="3" type="cond" truecount="1" falsecount="1"/>
        <line num="137" count="0" type="stmt"/>
        <line num="141" count="3" type="stmt"/>
        <line num="142" count="3" type="stmt"/>
        <line num="143" count="3" type="stmt"/>
        <line num="144" count="3" type="stmt"/>
        <line num="147" count="3" type="stmt"/>
        <line num="148" count="3" type="stmt"/>
        <line num="149" count="3" type="stmt"/>
        <line num="150" count="451" type="stmt"/>
        <line num="151" count="451" type="stmt"/>
        <line num="152" count="451" type="stmt"/>
        <line num="153" count="451" type="cond" truecount="1" falsecount="1"/>
        <line num="154" count="451" type="stmt"/>
        <line num="158" count="3" type="stmt"/>
        <line num="159" count="451" type="stmt"/>
        <line num="163" count="451" type="stmt"/>
        <line num="164" count="451" type="cond" truecount="2" falsecount="0"/>
        <line num="166" count="200" type="stmt"/>
        <line num="167" count="200" type="stmt"/>
        <line num="168" count="4000" type="stmt"/>
        <line num="169" count="4000" type="stmt"/>
        <line num="170" count="4000" type="cond" truecount="2" falsecount="0"/>
        <line num="171" count="1952" type="stmt"/>
        <line num="173" count="200" type="stmt"/>
        <line num="177" count="451" type="stmt"/>
        <line num="178" count="451" type="stmt"/>
        <line num="179" count="451" type="stmt"/>
        <line num="180" count="451" type="stmt"/>
        <line num="181" count="39221" type="stmt"/>
        <line num="182" count="39221" type="cond" truecount="2" falsecount="0"/>
        <line num="183" count="20388" type="stmt"/>
        <line num="184" count="20388" type="stmt"/>
        <line num="189" count="451" type="stmt"/>
        <line num="190" count="451" type="cond" truecount="1" falsecount="1"/>
        <line num="191" count="451" type="stmt"/>
        <line num="192" count="451" type="stmt"/>
        <line num="195" count="451" type="stmt"/>
        <line num="196" count="64006" type="stmt"/>
        <line num="197" count="64006" type="stmt"/>
        <line num="198" count="64006" type="cond" truecount="6" falsecount="0"/>
        <line num="199" count="63657" type="stmt"/>
        <line num="200" count="63657" type="stmt"/>
        <line num="206" count="3" type="stmt"/>
        <line num="207" count="3" type="stmt"/>
        <line num="208" count="32000" type="stmt"/>
        <line num="209" count="32000" type="cond" truecount="2" falsecount="0"/>
        <line num="211" count="3" type="cond" truecount="1" falsecount="1"/>
        <line num="212" count="0" type="stmt"/>
        <line num="213" count="0" type="stmt"/>
        <line num="217" count="3" type="stmt"/>
        <line num="224" count="5" type="stmt"/>
        <line num="225" count="5" type="stmt"/>
        <line num="226" count="5" type="stmt"/>
        <line num="227" count="40000" type="stmt"/>
        <line num="229" count="5" type="stmt"/>
      </file>
      <file name="rhythm.ts" path="/home/chuby9726/clawspace/web-praat/src/audio/rhythm.ts">
        <metrics statements="16" coveredstatements="15" conditionals="4" coveredconditionals="2" methods="4" coveredmethods="4"/>
        <line num="4" count="12" type="stmt"/>
        <line num="8" count="2" type="cond" truecount="1" falsecount="1"/>
        <line num="9" count="0" type="stmt"/>
        <line num="20" count="2" type="stmt"/>
        <line num="21" count="6" type="stmt"/>
        <line num="22" count="2" type="stmt"/>
        <line num="23" count="2" type="stmt"/>
        <line num="24" count="2" type="stmt"/>
        <line num="25" count="4" type="stmt"/>
        <line num="26" count="4" type="stmt"/>
        <line num="27" count="4" type="stmt"/>
        <line num="28" count="4" type="stmt"/>
        <line num="29" count="4" type="cond" truecount="1" falsecount="1"/>
        <line num="30" count="4" type="stmt"/>
        <line num="34" count="2" type="stmt"/>
        <line num="35" count="2" type="stmt"/>
      </file>
      <file name="soundEnhance.ts" path="/home/chuby9726/clawspace/web-praat/src/audio/soundEnhance.ts">
        <metrics statements="107" coveredstatements="107" conditionals="35" coveredconditionals="33" methods="6" coveredmethods="6"/>
        <line num="40" count="163840" type="stmt"/>
        <line num="44" count="364" type="stmt"/>
        <line num="45" count="364" type="stmt"/>
        <line num="46" count="364" type="stmt"/>
        <line num="48" count="364" type="stmt"/>
        <line num="49" count="93184" type="stmt"/>
        <line num="50" count="93184" type="stmt"/>
        <line num="51" count="93184" type="stmt"/>
        <line num="52" count="23855104" type="stmt"/>
        <line num="53" count="23855104" type="stmt"/>
        <line num="54" count="23855104" type="stmt"/>
        <line num="56" count="93184" type="stmt"/>
        <line num="57" count="93184" type="stmt"/>
        <line num="59" count="364" type="stmt"/>
        <line num="63" count="276" type="stmt"/>
        <line num="64" count="276" type="stmt"/>
        <line num="65" count="276" type="stmt"/>
        <line num="66" count="70656" type="stmt"/>
        <line num="67" count="70656" type="stmt"/>
        <line num="68" count="18087936" type="stmt"/>
        <line num="69" count="18087936" type="stmt"/>
        <line num="71" count="70656" type="stmt"/>
        <line num="73" count="276" type="stmt"/>
        <line num="87" count="2" type="stmt"/>
        <line num="89" count="2" type="stmt"/>
        <line num="95" count="2" type="stmt"/>
        <line num="96" count="2" type="stmt"/>
        <line num="98" count="2" type="stmt"/>
        <line num="99" count="88" type="stmt"/>
        <line num="100" count="88" type="stmt"/>
        <line num="101" count="22528" type="stmt"/>
        <line num="103" count="88" type="stmt"/>
        <line num="104" count="88" type="stmt"/>
        <line num="105" count="22528" type="stmt"/>
        <line num="107" count="88" type="stmt"/>
        <line num="110" count="2" type="cond" truecount="1" falsecount="1"/>
        <line num="111" count="2" type="stmt"/>
        <line num="112" count="512" type="stmt"/>
        <line num="117" count="2" type="stmt"/>
        <line num="118" count="2" type="stmt"/>
        <line num="120" count="2" type="stmt"/>
        <line num="121" count="276" type="stmt"/>
        <line num="122" count="276" type="stmt"/>
        <line num="123" count="70656" type="stmt"/>
        <line num="126" count="276" type="stmt"/>
        <line num="129" count="276" type="stmt"/>
        <line num="130" count="70656" type="stmt"/>
        <line num="131" count="70656" type="stmt"/>
        <line num="132" count="70656" type="stmt"/>
        <line num="136" count="70656" type="stmt"/>
        <line num="137" count="70656" type="stmt"/>
        <line num="140" count="276" type="stmt"/>
        <line num="142" count="276" type="stmt"/>
        <line num="143" count="70656" type="stmt"/>
        <line num="144" count="70656" type="stmt"/>
        <line num="145" count="70656" type="stmt"/>
        <line num="150" count="2" type="stmt"/>
        <line num="151" count="18048" type="cond" truecount="2" falsecount="0"/>
        <line num="152" count="18044" type="stmt"/>
        <line num="156" count="2" type="stmt"/>
        <line num="165" count="5" type="cond" truecount="1" falsecount="0"/>
        <line num="166" count="5" type="stmt"/>
        <line num="167" count="5" type="stmt"/>
        <line num="168" count="5" type="stmt"/>
        <line num="169" count="1107" type="stmt"/>
        <line num="171" count="5" type="stmt"/>
        <line num="186" count="3" type="stmt"/>
        <line num="188" count="3" type="stmt"/>
        <line num="191" count="3" type="stmt"/>
        <line num="194" count="3" type="stmt"/>
        <line num="195" count="3" type="stmt"/>
        <line num="197" count="3" type="stmt"/>
        <line num="198" count="29" type="stmt"/>
        <line num="199" count="29" type="stmt"/>
        <line num="200" count="29" type="stmt"/>
        <line num="201" count="29696" type="stmt"/>
        <line num="202" count="29696" type="stmt"/>
        <line num="204" count="29" type="stmt"/>
        <line num="205" count="29" type="stmt"/>
        <line num="209" count="3" type="stmt"/>
        <line num="210" count="3" type="stmt"/>
        <line num="212" count="3" type="stmt"/>
        <line num="213" count="32" type="cond" truecount="2" falsecount="0"/>
        <line num="214" count="32" type="cond" truecount="4" falsecount="0"/>
        <line num="215" count="3" type="stmt"/>
        <line num="216" count="29" type="cond" truecount="4" falsecount="0"/>
        <line num="218" count="3" type="stmt"/>
        <line num="219" count="3" type="stmt"/>
        <line num="220" count="3" type="cond" truecount="2" falsecount="0"/>
        <line num="221" count="3" type="stmt"/>
        <line num="222" count="3" type="stmt"/>
        <line num="224" count="3" type="cond" truecount="3" falsecount="1"/>
        <line num="226" count="3" type="stmt"/>
        <line num="227" count="3" type="stmt"/>
        <line num="228" count="3" type="stmt"/>
        <line num="229" count="3" type="stmt"/>
        <line num="236" count="3" type="cond" truecount="2" falsecount="0"/>
        <line num="237" count="1" type="stmt"/>
        <line num="241" count="2" type="stmt"/>
        <line num="242" count="2" type="stmt"/>
        <line num="243" count="3" type="stmt"/>
        <line num="246" count="2" type="stmt"/>
        <line num="247" count="2" type="stmt"/>
        <line num="248" count="2" type="stmt"/>
        <line num="249" count="3" type="stmt"/>
        <line num="250" count="3" type="stmt"/>
        <line num="253" count="2" type="stmt"/>
      </file>
      <file name="streamingRecorder.ts" path="/home/chuby9726/clawspace/web-praat/src/audio/streamingRecorder.ts">
        <metrics statements="51" coveredstatements="14" conditionals="6" coveredconditionals="2" methods="9" coveredmethods="3"/>
        <line num="12" count="2" type="stmt"/>
        <line num="13" count="2" type="stmt"/>
        <line num="14" count="2" type="stmt"/>
        <line num="15" count="2" type="stmt"/>
        <line num="16" count="2" type="stmt"/>
        <line num="17" count="2" type="stmt"/>
        <line num="18" count="2" type="stmt"/>
        <line num="21" count="1" type="stmt"/>
        <line num="25" count="1" type="cond" truecount="2" falsecount="0"/>
        <line num="29" count="0" type="stmt"/>
        <line num="30" count="0" type="stmt"/>
        <line num="32" count="0" type="stmt"/>
        <line num="33" count="0" type="stmt"/>
        <line num="34" count="0" type="stmt"/>
        <line num="35" count="0" type="stmt"/>
        <line num="39" count="0" type="stmt"/>
        <line num="40" count="0" type="stmt"/>
        <line num="42" count="0" type="stmt"/>
        <line num="43" count="0" type="cond" truecount="0" falsecount="2"/>
        <line num="44" count="0" type="stmt"/>
        <line num="45" count="0" type="stmt"/>
        <line num="46" count="0" type="stmt"/>
        <line num="47" count="0" type="stmt"/>
        <line num="50" count="0" type="stmt"/>
        <line num="51" count="0" type="stmt"/>
        <line num="52" count="0" type="stmt"/>
        <line num="56" count="0" type="stmt"/>
        <line num="58" count="0" type="stmt"/>
        <line num="59" count="0" type="stmt"/>
        <line num="60" count="0" type="stmt"/>
        <line num="62" count="0" type="cond" truecount="0" falsecount="2"/>
        <line num="63" count="0" type="stmt"/>
        <line num="66" count="0" type="stmt"/>
        <line num="67" count="0" type="stmt"/>
        <line num="68" count="0" type="stmt"/>
        <line num="69" count="0" type="stmt"/>
        <line num="70" count="0" type="stmt"/>
        <line num="71" count="0" type="stmt"/>
        <line num="74" count="0" type="stmt"/>
        <line num="75" count="0" type="stmt"/>
        <line num="76" count="0" type="stmt"/>
        <line num="77" count="0" type="stmt"/>
        <line num="78" count="0" type="stmt"/>
        <line num="80" count="0" type="stmt"/>
        <line num="85" count="1" type="stmt"/>
        <line num="86" count="1" type="stmt"/>
        <line num="87" count="1" type="stmt"/>
        <line num="88" count="1" type="stmt"/>
        <line num="89" count="0" type="stmt"/>
        <line num="90" count="0" type="stmt"/>
        <line num="92" count="1" type="stmt"/>
      </file>
      <file name="vocaltract.ts" path="/home/chuby9726/clawspace/web-praat/src/audio/vocaltract.ts">
        <metrics statements="83" coveredstatements="83" conditionals="23" coveredconditionals="22" methods="9" coveredmethods="9"/>
        <line num="10" count="1" type="stmt"/>
        <line num="13" count="1" type="stmt"/>
        <line num="39" count="503808" type="stmt"/>
        <line num="46" count="167936" type="stmt"/>
        <line num="50" count="2816" type="stmt"/>
        <line num="54" count="2816" type="stmt"/>
        <line num="62" count="9" type="stmt"/>
        <line num="63" count="9" type="stmt"/>
        <line num="64" count="9" type="stmt"/>
        <line num="65" count="90" type="stmt"/>
        <line num="66" count="90" type="cond" truecount="2" falsecount="0"/>
        <line num="68" count="9" type="stmt"/>
        <line num="82" count="6" type="cond" truecount="2" falsecount="0"/>
        <line num="83" count="6" type="stmt"/>
        <line num="84" count="6" type="stmt"/>
        <line num="85" count="6" type="stmt"/>
        <line num="87" count="6" type="stmt"/>
        <line num="89" count="6" type="stmt"/>
        <line num="90" count="6" type="stmt"/>
        <line num="91" count="6" type="stmt"/>
        <line num="93" count="6" type="stmt"/>
        <line num="95" count="6" type="stmt"/>
        <line num="96" count="2816" type="stmt"/>
        <line num="97" count="2816" type="stmt"/>
        <line num="99" count="2816" type="stmt"/>
        <line num="101" count="2816" type="stmt"/>
        <line num="102" count="2816" type="stmt"/>
        <line num="103" count="2816" type="stmt"/>
        <line num="109" count="2816" type="stmt"/>
        <line num="110" count="2816" type="stmt"/>
        <line num="111" count="2816" type="stmt"/>
        <line num="112" count="2816" type="stmt"/>
        <line num="114" count="2816" type="stmt"/>
        <line num="115" count="41984" type="stmt"/>
        <line num="116" count="41984" type="stmt"/>
        <line num="122" count="41984" type="stmt"/>
        <line num="123" count="41984" type="stmt"/>
        <line num="124" count="41984" type="stmt"/>
        <line num="125" count="41984" type="stmt"/>
        <line num="128" count="41984" type="stmt"/>
        <line num="129" count="41984" type="stmt"/>
        <line num="132" count="41984" type="stmt"/>
        <line num="133" count="41984" type="stmt"/>
        <line num="134" count="41984" type="stmt"/>
        <line num="135" count="41984" type="stmt"/>
        <line num="138" count="41984" type="stmt"/>
        <line num="139" count="41984" type="stmt"/>
        <line num="140" count="41984" type="stmt"/>
        <line num="141" count="41984" type="stmt"/>
        <line num="143" count="41984" type="stmt"/>
        <line num="144" count="41984" type="stmt"/>
        <line num="145" count="41984" type="stmt"/>
        <line num="146" count="41984" type="stmt"/>
        <line num="151" count="2816" type="stmt"/>
        <line num="152" count="2816" type="cond" truecount="1" falsecount="1"/>
        <line num="153" count="2816" type="stmt"/>
        <line num="154" count="2816" type="stmt"/>
        <line num="157" count="6" type="stmt"/>
        <line num="177" count="15" type="stmt"/>
        <line num="178" count="15" type="stmt"/>
        <line num="181" count="15" type="stmt"/>
        <line num="182" count="15" type="stmt"/>
        <line num="188" count="15" type="cond" truecount="2" falsecount="0"/>
        <line num="189" count="45" type="stmt"/>
        <line num="191" count="45" type="stmt"/>
        <line num="192" count="45" type="stmt"/>
        <line num="195" count="45" type="stmt"/>
        <line num="196" count="765" type="stmt"/>
        <line num="199" count="765" type="stmt"/>
        <line num="203" count="765" type="stmt"/>
        <line num="204" count="765" type="stmt"/>
        <line num="209" count="15" type="stmt"/>
        <line num="210" count="255" type="stmt"/>
        <line num="213" count="15" type="stmt"/>
        <line num="221" count="12" type="stmt"/>
        <line num="230" count="12" type="cond" truecount="2" falsecount="0"/>
        <line num="231" count="12" type="stmt"/>
        <line num="238" count="5" type="stmt"/>
        <line num="239" count="5" type="stmt"/>
        <line num="241" count="5" type="cond" truecount="2" falsecount="0"/>
        <line num="242" count="1118" type="cond" truecount="2" falsecount="0"/>
        <line num="248" count="16" type="stmt"/>
        <line num="252" count="5" type="stmt"/>
      </file>
      <file name="voiceQuality.ts" path="/home/chuby9726/clawspace/web-praat/src/audio/voiceQuality.ts">
        <metrics statements="62" coveredstatements="57" conditionals="35" coveredconditionals="20" methods="12" coveredmethods="12"/>
        <line num="4" count="2245" type="stmt"/>
        <line num="8" count="20" type="cond" truecount="1" falsecount="1"/>
        <line num="9" count="20" type="stmt"/>
        <line num="10" count="20" type="stmt"/>
        <line num="11" count="20" type="stmt"/>
        <line num="12" count="1450" type="stmt"/>
        <line num="13" count="1450" type="stmt"/>
        <line num="14" count="5780" type="cond" truecount="2" falsecount="0"/>
        <line num="15" count="4330" type="stmt"/>
        <line num="17" count="1450" type="stmt"/>
        <line num="18" count="1450" type="stmt"/>
        <line num="19" count="1450" type="stmt"/>
        <line num="21" count="20" type="cond" truecount="1" falsecount="1"/>
        <line num="25" count="5" type="stmt"/>
        <line num="26" count="5" type="stmt"/>
        <line num="27" count="5" type="stmt"/>
        <line num="28" count="16962" type="stmt"/>
        <line num="30" count="5" type="stmt"/>
        <line num="40" count="5" type="stmt"/>
        <line num="41" count="5" type="stmt"/>
        <line num="42" count="5" type="stmt"/>
        <line num="43" count="16967" type="stmt"/>
        <line num="44" count="16967" type="stmt"/>
        <line num="47" count="5" type="stmt"/>
        <line num="48" count="5" type="stmt"/>
        <line num="49" count="5" type="stmt"/>
        <line num="50" count="5" type="stmt"/>
        <line num="51" count="5" type="stmt"/>
        <line num="53" count="5" type="stmt"/>
        <line num="55" count="16957" type="cond" truecount="3" falsecount="0"/>
        <line num="58" count="16957" type="cond" truecount="2" falsecount="0"/>
        <line num="59" count="380" type="cond" truecount="1" falsecount="1"/>
        <line num="60" count="0" type="cond" truecount="0" falsecount="4"/>
        <line num="61" count="0" type="stmt"/>
        <line num="62" count="0" type="stmt"/>
        <line num="64" count="0" type="stmt"/>
        <line num="66" count="380" type="cond" truecount="2" falsecount="2"/>
        <line num="67" count="0" type="stmt"/>
        <line num="69" count="380" type="stmt"/>
        <line num="70" count="380" type="stmt"/>
        <line num="73" count="5" type="stmt"/>
        <line num="77" count="5" type="stmt"/>
        <line num="78" count="380" type="stmt"/>
        <line num="79" count="380" type="stmt"/>
        <line num="80" count="380" type="stmt"/>
        <line num="81" count="380" type="stmt"/>
        <line num="82" count="20551" type="stmt"/>
        <line num="84" count="380" type="stmt"/>
        <line num="92" count="5" type="stmt"/>
        <line num="93" count="5" type="stmt"/>
        <line num="94" count="5" type="stmt"/>
        <line num="95" count="5" type="stmt"/>
        <line num="96" count="375" type="stmt"/>
        <line num="98" count="5" type="stmt"/>
        <line num="100" count="5" type="stmt"/>
        <line num="101" count="5" type="stmt"/>
        <line num="103" count="370" type="stmt"/>
        <line num="104" count="375" type="stmt"/>
        <line num="105" count="5" type="stmt"/>
        <line num="107" count="375" type="stmt"/>
        <line num="109" count="5" type="stmt"/>
        <line num="110" count="380" type="stmt"/>
      </file>
    </package>
    <package name="export">
      <metrics statements="61" coveredstatements="39" conditionals="16" coveredconditionals="7" methods="10" coveredmethods="6"/>
      <file name="index.ts" path="/home/chuby9726/clawspace/web-praat/src/export/index.ts">
        <metrics statements="61" coveredstatements="39" conditionals="16" coveredconditionals="7" methods="10" coveredmethods="6"/>
        <line num="5" count="0" type="cond" truecount="0" falsecount="2"/>
        <line num="9" count="1" type="stmt"/>
        <line num="13" count="1" type="stmt"/>
        <line num="14" count="1" type="stmt"/>
        <line num="15" count="2" type="cond" truecount="2" falsecount="0"/>
        <line num="17" count="1" type="stmt"/>
        <line num="21" count="1" type="stmt"/>
        <line num="22" count="1" type="stmt"/>
        <line num="23" count="1" type="stmt"/>
        <line num="25" count="1" type="stmt"/>
        <line num="29" count="0" type="stmt"/>
        <line num="30" count="0" type="stmt"/>
        <line num="31" count="0" type="cond" truecount="0" falsecount="2"/>
        <line num="32" count="0" type="stmt"/>
        <line num="34" count="0" type="stmt"/>
        <line num="38" count="1" type="stmt"/>
        <line num="39" count="1" type="stmt"/>
        <line num="40" count="1" type="stmt"/>
        <line num="49" count="1" type="stmt"/>
        <line num="53" count="1" type="stmt"/>
        <line num="54" count="1" type="stmt"/>
        <line num="55" count="1" type="stmt"/>
        <line num="56" count="1" type="stmt"/>
        <line num="58" count="1" type="stmt"/>
        <line num="59" count="4" type="stmt"/>
        <line num="60" count="16" type="stmt"/>
        <line num="64" count="1" type="stmt"/>
        <line num="65" count="1" type="stmt"/>
        <line num="66" count="1" type="stmt"/>
        <line num="67" count="1" type="stmt"/>
        <line num="68" count="1" type="stmt"/>
        <line num="69" count="1" type="stmt"/>
        <line num="70" count="1" type="stmt"/>
        <line num="71" count="1" type="stmt"/>
        <line num="72" count="1" type="stmt"/>
        <line num="73" count="1" type="stmt"/>
        <line num="74" count="1" type="stmt"/>
        <line num="75" count="1" type="stmt"/>
        <line num="76" count="1" type="stmt"/>
        <line num="78" count="1" type="stmt"/>
        <line num="79" count="1" type="stmt"/>
        <line num="80" count="3" type="stmt"/>
        <line num="81" count="3" type="cond" truecount="2" falsecount="0"/>
        <line num="82" count="3" type="stmt"/>
        <line num="85" count="1" type="stmt"/>
        <line num="89" count="0" type="stmt"/>
        <line num="90" count="0" type="stmt"/>
        <line num="91" count="0" type="stmt"/>
        <line num="92" count="0" type="stmt"/>
        <line num="93" count="0" type="stmt"/>
        <line num="94" count="0" type="stmt"/>
        <line num="95" count="0" type="stmt"/>
        <line num="99" count="0" type="stmt"/>
        <line num="100" count="0" type="stmt"/>
        <line num="101" count="0" type="stmt"/>
        <line num="102" count="0" type="stmt"/>
        <line num="103" count="0" type="stmt"/>
        <line num="104" count="0" type="stmt"/>
        <line num="105" count="0" type="stmt"/>
        <line num="106" count="0" type="stmt"/>
        <line num="107" count="0" type="stmt"/>
      </file>
    </package>
    <package name="scripting">
      <metrics statements="583" coveredstatements="464" conditionals="445" coveredconditionals="273" methods="75" coveredmethods="53"/>
      <file name="interpreter.ts" path="/home/chuby9726/clawspace/web-praat/src/scripting/interpreter.ts">
        <metrics statements="189" coveredstatements="130" conditionals="169" coveredconditionals="83" methods="29" coveredmethods="13"/>
        <line num="9" count="0" type="stmt"/>
        <line num="10" count="0" type="stmt"/>
        <line num="28" count="15" type="stmt"/>
        <line num="29" count="15" type="stmt"/>
        <line num="30" count="15" type="stmt"/>
        <line num="31" count="15" type="stmt"/>
        <line num="32" count="15" type="stmt"/>
        <line num="33" count="15" type="stmt"/>
        <line num="34" count="15" type="stmt"/>
        <line num="36" count="15" type="stmt"/>
        <line num="37" count="1" type="stmt"/>
        <line num="38" count="0" type="stmt"/>
        <line num="39" count="0" type="stmt"/>
        <line num="40" count="0" type="stmt"/>
        <line num="41" count="0" type="stmt"/>
        <line num="42" count="0" type="stmt"/>
        <line num="43" count="0" type="stmt"/>
        <line num="44" count="0" type="stmt"/>
        <line num="45" count="0" type="stmt"/>
        <line num="46" count="0" type="stmt"/>
        <line num="47" count="0" type="stmt"/>
        <line num="48" count="0" type="stmt"/>
        <line num="49" count="0" type="stmt"/>
        <line num="50" count="0" type="stmt"/>
        <line num="54" count="15" type="stmt"/>
        <line num="55" count="15" type="stmt"/>
        <line num="56" count="15" type="stmt"/>
        <line num="57" count="15" type="stmt"/>
        <line num="58" count="15" type="stmt"/>
        <line num="59" count="15" type="stmt"/>
        <line num="61" count="15" type="stmt"/>
        <line num="63" count="15" type="stmt"/>
        <line num="64" count="15" type="stmt"/>
        <line num="65" count="15" type="stmt"/>
        <line num="68" count="15" type="stmt"/>
        <line num="69" count="31" type="cond" truecount="2" falsecount="0"/>
        <line num="70" count="1" type="stmt"/>
        <line num="75" count="14" type="stmt"/>
        <line num="77" count="1" type="cond" truecount="2" falsecount="2"/>
        <line num="78" count="1" type="stmt"/>
        <line num="80" count="0" type="stmt"/>
        <line num="84" count="15" type="stmt"/>
        <line num="88" count="38" type="stmt"/>
        <line num="89" count="55" type="stmt"/>
        <line num="94" count="55" type="cond" truecount="6" falsecount="1"/>
        <line num="96" count="28" type="stmt"/>
        <line num="97" count="28" type="stmt"/>
        <line num="98" count="28" type="stmt"/>
        <line num="101" count="5" type="stmt"/>
        <line num="102" count="5" type="stmt"/>
        <line num="103" count="5" type="stmt"/>
        <line num="104" count="5" type="stmt"/>
        <line num="105" count="17" type="cond" truecount="1" falsecount="1"/>
        <line num="106" count="17" type="stmt"/>
        <line num="107" count="17" type="stmt"/>
        <line num="109" count="5" type="stmt"/>
        <line num="112" count="1" type="stmt"/>
        <line num="113" count="1" type="stmt"/>
        <line num="114" count="4" type="cond" truecount="1" falsecount="1"/>
        <line num="115" count="4" type="stmt"/>
        <line num="117" count="1" type="stmt"/>
        <line num="120" count="2" type="cond" truecount="1" falsecount="1"/>
        <line num="121" count="2" type="stmt"/>
        <line num="123" count="0" type="stmt"/>
        <line num="124" count="0" type="stmt"/>
        <line num="125" count="0" type="cond" truecount="0" falsecount="2"/>
        <line num="126" count="0" type="stmt"/>
        <line num="127" count="0" type="stmt"/>
        <line num="128" count="0" type="stmt"/>
        <line num="131" count="0" type="cond" truecount="0" falsecount="2"/>
        <line num="132" count="0" type="stmt"/>
        <line num="135" count="2" type="stmt"/>
        <line num="138" count="18" type="stmt"/>
        <line num="139" count="18" type="stmt"/>
        <line num="143" count="1" type="stmt"/>
        <line num="146" count="0" type="stmt"/>
        <line num="147" count="0" type="stmt"/>
        <line num="153" count="18" type="stmt"/>
        <line num="154" count="20" type="stmt"/>
        <line num="157" count="18" type="stmt"/>
        <line num="159" count="18" type="cond" truecount="4" falsecount="0"/>
        <line num="160" count="15" type="cond" truecount="1" falsecount="1"/>
        <line num="161" count="15" type="stmt"/>
        <line num="164" count="3" type="cond" truecount="3" falsecount="1"/>
        <line num="165" count="0" type="cond" truecount="0" falsecount="2"/>
        <line num="166" count="0" type="stmt"/>
        <line num="169" count="3" type="cond" truecount="3" falsecount="1"/>
        <line num="170" count="0" type="cond" truecount="0" falsecount="2"/>
        <line num="171" count="0" type="stmt"/>
        <line num="174" count="3" type="cond" truecount="1" falsecount="1"/>
        <line num="176" count="0" type="stmt"/>
        <line num="177" count="0" type="cond" truecount="0" falsecount="2"/>
        <line num="178" count="0" type="cond" truecount="0" falsecount="2"/>
        <line num="179" count="0" type="stmt"/>
        <line num="182" count="3" type="cond" truecount="1" falsecount="1"/>
        <line num="183" count="0" type="cond" truecount="0" falsecount="2"/>
        <line num="184" count="0" type="stmt"/>
        <line num="185" count="0" type="stmt"/>
        <line num="187" count="0" type="stmt"/>
        <line num="190" count="3" type="cond" truecount="2" falsecount="0"/>
        <line num="191" count="1" type="cond" truecount="1" falsecount="1"/>
        <line num="192" count="1" type="stmt"/>
        <line num="198" count="1" type="stmt"/>
        <line num="199" count="1" type="stmt"/>
        <line num="200" count="1" type="stmt"/>
        <line num="203" count="2" type="cond" truecount="2" falsecount="0"/>
        <line num="204" count="1" type="cond" truecount="1" falsecount="1"/>
        <line num="205" count="1" type="stmt"/>
        <line num="215" count="1" type="stmt"/>
        <line num="216" count="1" type="stmt"/>
        <line num="217" count="1" type="stmt"/>
        <line num="220" count="1" type="cond" truecount="1" falsecount="1"/>
        <line num="221" count="0" type="cond" truecount="0" falsecount="2"/>
        <line num="222" count="0" type="stmt"/>
        <line num="232" count="0" type="stmt"/>
        <line num="233" count="0" type="stmt"/>
        <line num="234" count="0" type="stmt"/>
        <line num="237" count="1" type="cond" truecount="1" falsecount="1"/>
        <line num="239" count="0" type="stmt"/>
        <line num="240" count="0" type="stmt"/>
        <line num="243" count="1" type="cond" truecount="1" falsecount="1"/>
        <line num="244" count="0" type="stmt"/>
        <line num="245" count="0" type="stmt"/>
        <line num="249" count="1" type="stmt"/>
        <line num="250" count="1" type="cond" truecount="1" falsecount="1"/>
        <line num="251" count="1" type="stmt"/>
        <line num="252" count="1" type="stmt"/>
        <line num="253" count="1" type="cond" truecount="1" falsecount="1"/>
        <line num="255" count="1" type="stmt"/>
        <line num="257" count="1" type="stmt"/>
        <line num="258" count="1" type="cond" truecount="1" falsecount="1"/>
        <line num="259" count="0" type="stmt"/>
        <line num="261" count="1" type="stmt"/>
        <line num="264" count="1" type="stmt"/>
        <line num="271" count="134" type="cond" truecount="6" falsecount="0"/>
        <line num="273" count="47" type="stmt"/>
        <line num="275" count="12" type="stmt"/>
        <line num="277" count="39" type="stmt"/>
        <line num="278" count="39" type="cond" truecount="1" falsecount="1"/>
        <line num="280" count="0" type="cond" truecount="0" falsecount="2"/>
        <line num="281" count="0" type="stmt"/>
        <line num="283" count="39" type="stmt"/>
        <line num="286" count="33" type="stmt"/>
        <line num="288" count="1" type="stmt"/>
        <line num="289" count="1" type="cond" truecount="1" falsecount="1"/>
        <line num="290" count="0" type="cond" truecount="0" falsecount="4"/>
        <line num="291" count="0" type="stmt"/>
        <line num="294" count="2" type="stmt"/>
        <line num="299" count="33" type="stmt"/>
        <line num="300" count="33" type="stmt"/>
        <line num="303" count="33" type="cond" truecount="5" falsecount="0"/>
        <line num="304" count="4" type="stmt"/>
        <line num="307" count="29" type="stmt"/>
        <line num="308" count="29" type="stmt"/>
        <line num="310" count="29" type="cond" truecount="7" falsecount="6"/>
        <line num="311" count="15" type="stmt"/>
        <line num="312" count="0" type="stmt"/>
        <line num="313" count="5" type="stmt"/>
        <line num="314" count="0" type="cond" truecount="0" falsecount="2"/>
        <line num="315" count="5" type="cond" truecount="2" falsecount="0"/>
        <line num="316" count="1" type="cond" truecount="1" falsecount="1"/>
        <line num="317" count="1" type="cond" truecount="1" falsecount="1"/>
        <line num="318" count="1" type="cond" truecount="1" falsecount="1"/>
        <line num="319" count="0" type="cond" truecount="0" falsecount="2"/>
        <line num="320" count="0" type="cond" truecount="0" falsecount="2"/>
        <line num="321" count="1" type="cond" truecount="3" falsecount="1"/>
        <line num="322" count="0" type="cond" truecount="0" falsecount="4"/>
        <line num="323" count="0" type="stmt"/>
        <line num="328" count="2" type="stmt"/>
        <line num="331" count="2" type="cond" truecount="1" falsecount="1"/>
        <line num="332" count="2" type="cond" truecount="1" falsecount="1"/>
        <line num="333" count="2" type="cond" truecount="1" falsecount="1"/>
        <line num="334" count="2" type="cond" truecount="1" falsecount="1"/>
        <line num="335" count="2" type="cond" truecount="1" falsecount="3"/>
        <line num="336" count="2" type="cond" truecount="2" falsecount="0"/>
        <line num="337" count="1" type="cond" truecount="1" falsecount="1"/>
        <line num="338" count="1" type="cond" truecount="1" falsecount="1"/>
        <line num="339" count="1" type="cond" truecount="1" falsecount="1"/>
        <line num="340" count="1" type="cond" truecount="1" falsecount="1"/>
        <line num="343" count="1" type="stmt"/>
        <line num="344" count="1" type="cond" truecount="1" falsecount="1"/>
        <line num="347" count="0" type="stmt"/>
        <line num="351" count="10" type="stmt"/>
        <line num="352" count="10" type="cond" truecount="1" falsecount="1"/>
        <line num="353" count="10" type="stmt"/>
        <line num="357" count="9" type="cond" truecount="1" falsecount="1"/>
        <line num="358" count="9" type="stmt"/>
        <line num="364" count="15" type="stmt"/>
        <line num="365" count="15" type="stmt"/>
      </file>
      <file name="jsApi.ts" path="/home/chuby9726/clawspace/web-praat/src/scripting/jsApi.ts">
        <metrics statements="53" coveredstatements="29" conditionals="62" coveredconditionals="28" methods="16" coveredmethods="10"/>
        <line num="25" count="19" type="stmt"/>
        <line num="28" count="7" type="stmt"/>
        <line num="31" count="1" type="stmt"/>
        <line num="34" count="0" type="cond" truecount="0" falsecount="2"/>
        <line num="42" count="2" type="cond" truecount="2" falsecount="0"/>
        <line num="43" count="2" type="stmt"/>
        <line num="61" count="1" type="cond" truecount="1" falsecount="1"/>
        <line num="62" count="1" type="stmt"/>
        <line num="75" count="1" type="cond" truecount="1" falsecount="1"/>
        <line num="76" count="0" type="stmt"/>
        <line num="77" count="1" type="cond" truecount="1" falsecount="1"/>
        <line num="78" count="1" type="stmt"/>
        <line num="79" count="0" type="cond" truecount="0" falsecount="2"/>
        <line num="80" count="0" type="stmt"/>
        <line num="82" count="0" type="stmt"/>
[...]
        <line num="168" count="4" type="stmt"/>
        <line num="169" count="4" type="stmt"/>
        <line num="175" count="4" type="stmt"/>
        <line num="181" count="4" type="stmt"/>
        <line num="182" count="4" type="stmt"/>
        <line num="188" count="2" type="stmt"/>
        <line num="191" count="4" type="cond" truecount="4" falsecount="0"/>
        <line num="192" count="2" type="stmt"/>
        <line num="194" count="0" type="stmt"/>
        <line num="206" count="1" type="stmt"/>
        <line num="209" count="2" type="cond" truecount="2" falsecount="0"/>
        <line num="210" count="1" type="cond" truecount="1" falsecount="1"/>
        <line num="211" count="1" type="stmt"/>
        <line num="214" count="2" type="cond" truecount="2" falsecount="0"/>
        <line num="218" count="0" type="stmt"/>
        <line num="220" count="0" type="cond" truecount="0" falsecount="2"/>
        <line num="227" count="1" type="stmt"/>
        <line num="230" count="2" type="cond" truecount="4" falsecount="0"/>
        <line num="231" count="1" type="cond" truecount="3" falsecount="1"/>
        <line num="232" count="1" type="stmt"/>
        <line num="233" count="1" type="stmt"/>
        <line num="234" count="1" type="stmt"/>
        <line num="235" count="1" type="stmt"/>
        <line num="236" count="1" type="stmt"/>
        <line num="237" count="1" type="stmt"/>
        <line num="238" count="1" type="stmt"/>
        <line num="239" count="1" type="stmt"/>
        <line num="245" count="1" type="stmt"/>
        <line num="248" count="2" type="cond" truecount="4" falsecount="0"/>
        <line num="249" count="1" type="stmt"/>
        <line num="251" count="1" type="cond" truecount="1" falsecount="1"/>
        <line num="255" count="0" type="stmt"/>
        <line num="256" count="1" type="stmt"/>
        <line num="266" count="1" type="stmt"/>
        <line num="268" count="1" type="cond" truecount="1" falsecount="1"/>
        <line num="271" count="1" type="stmt"/>
        <line num="275" count="2" type="stmt"/>
        <line num="279" count="1" type="stmt"/>
        <line num="281" count="2" type="cond" truecount="2" falsecount="0"/>
        <line num="286" count="1" type="stmt"/>
        <line num="289" count="2" type="cond" truecount="4" falsecount="0"/>
        <line num="290" count="1" type="cond" truecount="3" falsecount="1"/>
        <line num="291" count="1" type="stmt"/>
        <line num="292" count="1" type="stmt"/>
        <line num="293" count="1" type="stmt"/>
        <line num="294" count="1" type="stmt"/>
        <line num="300" count="2" type="stmt"/>
        <line num="301" count="2" type="stmt"/>
        <line num="307" count="1" type="stmt"/>
        <line num="310" count="2" type="cond" truecount="4" falsecount="0"/>
        <line num="311" count="1" type="stmt"/>
      </file>
    </package>
    <package name="utils">
      <metrics statements="298" coveredstatements="201" conditionals="107" coveredconditionals="57" methods="30" coveredmethods="26"/>
      <file name="fft-gpu.ts" path="/home/chuby9726/clawspace/web-praat/src/utils/fft-gpu.ts">
        <metrics statements="88" coveredstatements="7" conditionals="20" coveredconditionals="1" methods="6" coveredmethods="2"/>
        <line num="12" count="1" type="stmt"/>
        <line num="13" count="1" type="stmt"/>
        <line num="20" count="0" type="cond" truecount="0" falsecount="2"/>
        <line num="22" count="0" type="stmt"/>
        <line num="23" count="0" type="cond" truecount="0" falsecount="4"/>
        <line num="24" count="0" type="stmt"/>
        <line num="25" count="0" type="stmt"/>
        <line num="27" count="0" type="stmt"/>
        <line num="28" count="0" type="cond" truecount="0" falsecount="2"/>
        <line num="29" count="0" type="stmt"/>
        <line num="30" count="0" type="stmt"/>
        <line num="32" count="0" type="stmt"/>
        <line num="33" count="0" type="stmt"/>
        <line num="34" count="0" type="stmt"/>
        <line num="36" count="0" type="stmt"/>
        <line num="37" count="0" type="stmt"/>
        <line num="45" count="1" type="cond" truecount="1" falsecount="1"/>
        <line num="55" count="1" type="stmt"/>
        <line num="102" count="1" type="stmt"/>
        <line num="103" count="1" type="stmt"/>
        <line num="109" count="0" type="cond" truecount="0" falsecount="4"/>
        <line num="111" count="0" type="stmt"/>
        <line num="112" count="0" type="stmt"/>
        <line num="119" count="0" type="stmt"/>
        <line num="120" count="0" type="stmt"/>
        <line num="124" count="0" type="stmt"/>
        <line num="130" count="0" type="stmt"/>
        <line num="131" count="0" type="stmt"/>
        <line num="132" count="0" type="cond" truecount="0" falsecount="2"/>
        <line num="133" count="0" type="stmt"/>
        <line num="134" count="0" type="stmt"/>
        <line num="135" count="0" type="stmt"/>
        <line num="137" count="0" type="stmt"/>
        <line num="138" count="0" type="stmt"/>
        <line num="139" count="0" type="stmt"/>
        <line num="140" count="0" type="stmt"/>
        <line num="142" count="0" type="stmt"/>
        <line num="157" count="0" type="cond" truecount="0" falsecount="4"/>
        <line num="158" count="0" type="stmt"/>
        <line num="161" count="0" type="stmt"/>
        <line num="162" count="0" type="stmt"/>
        <line num="165" count="0" type="stmt"/>
        <line num="166" count="0" type="stmt"/>
        <line num="167" count="0" type="stmt"/>
        <line num="168" count="0" type="stmt"/>
        <line num="172" count="0" type="stmt"/>
        <line num="173" count="0" type="stmt"/>
        <line num="176" count="0" type="stmt"/>
        <line num="180" count="0" type="stmt"/>
        <line num="184" count="0" type="stmt"/>
        <line num="189" count="0" type="stmt"/>
        <line num="190" count="0" type="stmt"/>
        <line num="192" count="0" type="stmt"/>
        <line num="194" count="0" type="stmt"/>
        <line num="204" count="0" type="stmt"/>
        <line num="205" count="0" type="stmt"/>
        <line num="206" count="0" type="stmt"/>
        <line num="207" count="0" type="stmt"/>
        <line num="208" count="0" type="stmt"/>
        <line num="209" count="0" type="stmt"/>
        <line num="211" count="0" type="stmt"/>
        <line num="212" count="0" type="stmt"/>
        <line num="213" count="0" type="stmt"/>
        <line num="215" count="0" type="stmt"/>
        <line num="216" count="0" type="stmt"/>
        <line num="217" count="0" type="stmt"/>
        <line num="221" count="0" type="stmt"/>
        <line num="225" count="0" type="stmt"/>
        <line num="229" count="0" type="stmt"/>
        <line num="230" count="0" type="stmt"/>
        <line num="232" count="0" type="stmt"/>
        <line num="234" count="0" type="stmt"/>
        <line num="235" count="0" type="stmt"/>
        <line num="237" count="0" type="stmt"/>
        <line num="238" count="0" type="stmt"/>
        <line num="240" count="0" type="stmt"/>
        <line num="241" count="0" type="stmt"/>
        <line num="242" count="0" type="stmt"/>
        <line num="243" count="0" type="stmt"/>
        <line num="246" count="0" type="stmt"/>
        <line num="247" count="0" type="stmt"/>
        <line num="250" count="0" type="stmt"/>
        <line num="251" count="0" type="stmt"/>
        <line num="252" count="0" type="stmt"/>
        <line num="253" count="0" type="stmt"/>
        <line num="254" count="0" type="stmt"/>
        <line num="256" count="0" type="stmt"/>
        <line num="264" count="3" type="stmt"/>
      </file>
      <file name="fft.ts" path="/home/chuby9726/clawspace/web-praat/src/utils/fft.ts">
        <metrics statements="75" coveredstatements="71" conditionals="12" coveredconditionals="7" methods="8" coveredmethods="8"/>
        <line num="11" count="125" type="stmt"/>
        <line num="13" count="125" type="stmt"/>
        <line num="14" count="125" type="stmt"/>
        <line num="15" count="125" type="stmt"/>
        <line num="16" count="178276" type="stmt"/>
        <line num="19" count="125" type="stmt"/>
        <line num="21" count="125" type="stmt"/>
        <line num="22" count="125" type="stmt"/>
        <line num="23" count="125" type="stmt"/>
        <line num="24" count="89597" type="stmt"/>
        <line num="26" count="125" type="stmt"/>
        <line num="33" count="131" type="stmt"/>
        <line num="34" count="131" type="cond" truecount="1" falsecount="1"/>
        <line num="37" count="131" type="stmt"/>
        <line num="38" count="131" type="stmt"/>
        <line num="39" count="179965" type="cond" truecount="2" falsecount="0"/>
        <line num="40" count="87680" type="stmt"/>
        <line num="41" count="87680" type="stmt"/>
        <line num="43" count="179965" type="stmt"/>
        <line num="44" count="179965" type="stmt"/>
        <line num="45" count="178638" type="stmt"/>
        <line num="46" count="178638" type="stmt"/>
        <line num="48" count="179965" type="stmt"/>
        <line num="52" count="131" type="stmt"/>
        <line num="53" count="1327" type="stmt"/>
        <line num="54" count="1327" type="stmt"/>
        <line num="55" count="1327" type="stmt"/>
        <line num="56" count="179965" type="stmt"/>
        <line num="57" count="966272" type="stmt"/>
        <line num="58" count="966272" type="stmt"/>
        <line num="59" count="966272" type="stmt"/>
        <line num="60" count="966272" type="stmt"/>
        <line num="61" count="966272" type="stmt"/>
        <line num="62" count="966272" type="stmt"/>
        <line num="63" count="966272" type="stmt"/>
        <line num="64" count="966272" type="stmt"/>
        <line num="65" count="966272" type="stmt"/>
        <line num="66" count="966272" type="stmt"/>
        <line num="67" count="966272" type="stmt"/>
        <line num="77" count="825" type="stmt"/>
        <line num="78" count="825" type="stmt"/>
        <line num="79" count="825" type="stmt"/>
        <line num="80" count="832624" type="stmt"/>
        <line num="82" count="825" type="stmt"/>
        <line num="89" count="101" type="stmt"/>
        <line num="90" count="101" type="stmt"/>
        <line num="91" count="101" type="stmt"/>
        <line num="92" count="101392" type="stmt"/>
        <line num="94" count="101" type="stmt"/>
        <line num="101" count="1" type="stmt"/>
        <line num="102" count="1" type="stmt"/>
        <line num="103" count="1" type="stmt"/>
        <line num="104" count="1" type="stmt"/>
        <line num="105" count="8" type="stmt"/>
        <line num="106" count="8" type="stmt"/>
        <line num="108" count="1" type="stmt"/>
        <line num="115" count="1" type="stmt"/>
        <line num="116" count="1" type="stmt"/>
        <line num="117" count="1" type="stmt"/>
        <line num="118" count="8" type="stmt"/>
        <line num="120" count="1" type="stmt"/>
        <line num="127" count="101" type="cond" truecount="2" falsecount="4"/>
        <line num="128" count="0" type="stmt"/>
        <line num="129" count="100" type="stmt"/>
        <line num="130" count="0" type="stmt"/>
        <line num="131" count="0" type="stmt"/>
        <line num="132" count="1" type="stmt"/>
        <line num="133" count="0" type="stmt"/>
        <line num="141" count="101" type="cond" truecount="2" falsecount="0"/>
        <line num="143" count="100" type="stmt"/>
        <line num="144" count="100" type="stmt"/>
        <line num="145" count="100" type="stmt"/>
        <line num="146" count="100" type="stmt"/>
        <line num="147" count="101284" type="stmt"/>
        <line num="149" count="100" type="stmt"/>
      </file>
      <file name="id.ts" path="/home/chuby9726/clawspace/web-praat/src/utils/id.ts">
        <metrics statements="1" coveredstatements="1" conditionals="0" coveredconditionals="0" methods="1" coveredmethods="1"/>
        <line num="2" count="16" type="stmt"/>
      </file>
      <file name="psola.ts" path="/home/chuby9726/clawspace/web-praat/src/utils/psola.ts">
        <metrics statements="115" coveredstatements="103" conditionals="70" coveredconditionals="45" methods="8" coveredmethods="8"/>
        <line num="12" count="4" type="stmt"/>
        <line num="13" count="4" type="stmt"/>
        <line num="16" count="4" type="stmt"/>
        <line num="17" count="100" type="stmt"/>
        <line num="18" count="100" type="cond" truecount="3" falsecount="1"/>
        <line num="20" count="100" type="stmt"/>
        <line num="21" count="100" type="cond" truecount="3" falsecount="1"/>
        <line num="24" count="100" type="stmt"/>
        <line num="28" count="4" type="stmt"/>
        <line num="29" count="4" type="stmt"/>
        <line num="30" count="100" type="stmt"/>
        <line num="32" count="100" type="stmt"/>
        <line num="33" count="100" type="stmt"/>
        <line num="34" count="100" type="stmt"/>
        <line num="36" count="100" type="stmt"/>
        <line num="37" count="100" type="stmt"/>
        <line num="38" count="100" type="stmt"/>
        <line num="39" count="6372" type="stmt"/>
        <line num="40" count="6372" type="cond" truecount="2" falsecount="0"/>
        <line num="41" count="1332" type="stmt"/>
        <line num="42" count="1332" type="stmt"/>
        <line num="45" count="100" type="stmt"/>
        <line num="49" count="96" type="stmt"/>
        <line num="50" count="4" type="stmt"/>
        <line num="51" count="4" type="stmt"/>
        <line num="52" count="100" type="cond" truecount="3" falsecount="1"/>
        <line num="53" count="100" type="stmt"/>
        <line num="57" count="4" type="stmt"/>
        <line num="64" count="139" type="cond" truecount="1" falsecount="1"/>
        <line num="65" count="139" type="cond" truecount="1" falsecount="1"/>
        <line num="66" count="139" type="cond" truecount="1" falsecount="1"/>
        <line num="67" count="139" type="cond" truecount="2" falsecount="0"/>
        <line num="69" count="116" type="stmt"/>
        <line num="70" count="116" type="cond" truecount="3" falsecount="1"/>
        <line num="71" count="116" type="stmt"/>
        <line num="72" count="116" type="stmt"/>
        <line num="75" count="0" type="stmt"/>
        <line num="82" count="3000" type="cond" truecount="1" falsecount="1"/>
        <line num="83" count="3000" type="cond" truecount="1" falsecount="1"/>
        <line num="84" count="0" type="cond" truecount="0" falsecount="2"/>
        <line num="85" count="0" type="cond" truecount="0" falsecount="2"/>
        <line num="87" count="0" type="stmt"/>
        <line num="88" count="0" type="cond" truecount="0" falsecount="4"/>
        <line num="89" count="0" type="stmt"/>
        <line num="90" count="0" type="stmt"/>
        <line num="93" count="0" type="stmt"/>
        <line num="106" count="3" type="stmt"/>
        <line num="107" count="3" type="stmt"/>
        <line num="108" count="3" type="stmt"/>
        <line num="110" count="3" type="stmt"/>
        <line num="111" count="3" type="stmt"/>
        <line num="112" count="3000" type="stmt"/>
        <line num="113" count="3000" type="stmt"/>
        <line num="114" count="3000" type="stmt"/>
        <line num="115" count="3000" type="stmt"/>
        <line num="116" count="3000" type="stmt"/>
        <line num="119" count="3" type="stmt"/>
        <line num="122" count="139" type="cond" truecount="1" falsecount="1"/>
        <line num="123" count="139" type="cond" truecount="1" falsecount="1"/>
        <line num="125" count="139" type="stmt"/>
        <line num="126" count="139" type="stmt"/>
        <line num="127" count="139" type="stmt"/>
        <line num="128" count="1377" type="stmt"/>
        <line num="129" count="1377" type="cond" truecount="2" falsecount="0"/>
        <line num="130" count="625" type="stmt"/>
        <line num="132" count="139" type="stmt"/>
        <line num="133" count="139" type="stmt"/>
        <line num="136" count="3" type="stmt"/>
        <line num="143" count="139" type="stmt"/>
        <line num="144" count="139" type="stmt"/>
        <line num="145" count="139" type="stmt"/>
        <line num="146" count="4221" type="stmt"/>
        <line num="147" count="4221" type="cond" truecount="2" falsecount="0"/>
        <line num="148" count="2264" type="stmt"/>
        <line num="149" count="2264" type="stmt"/>
        <line num="152" count="139" type="stmt"/>
        <line num="165" count="3" type="cond" truecount="1" falsecount="1"/>
        <line num="166" count="0" type="stmt"/>
        <line num="169" count="3" type="stmt"/>
        <line num="170" count="3" type="stmt"/>
        <line num="171" count="3" type="stmt"/>
        <line num="172" count="3" type="stmt"/>
        <line num="175" count="3" type="stmt"/>
        <line num="176" count="3" type="stmt"/>
        <line num="178" count="3" type="stmt"/>
        <line num="179" count="3" type="stmt"/>
        <line num="180" count="139" type="stmt"/>
        <line num="181" count="139" type="stmt"/>
        <line num="182" count="139" type="cond" truecount="3" falsecount="1"/>
        <line num="183" count="139" type="stmt"/>
        <line num="185" count="0" type="stmt"/>
        <line num="190" count="3" type="stmt"/>
        <line num="191" count="139" type="stmt"/>
        <line num="192" count="139" type="stmt"/>
        <line num="193" count="139" type="stmt"/>
        <line num="197" count="139" type="cond" truecount="4" falsecount="0"/>
        <line num="198" count="129" type="stmt"/>
        <line num="199" count="10" type="cond" truecount="1" falsecount="1"/>
        <line num="200" count="0" type="stmt"/>
        <line num="201" count="10" type="cond" truecount="1" falsecount="1"/>
        <line num="202" count="10" type="stmt"/>
        <line num="204" count="0" type="stmt"/>
        <line num="208" count="139" type="stmt"/>
        <line num="209" count="139" type="cond" truecount="1" falsecount="1"/>
        <line num="211" count="139" type="stmt"/>
        <line num="212" count="139" type="stmt"/>
        <line num="213" count="139" type="stmt"/>
        <line num="215" count="139" type="stmt"/>
        <line num="216" count="22219" type="stmt"/>
        <line num="217" count="22219" type="stmt"/>
        <line num="218" count="22219" type="cond" truecount="3" falsecount="1"/>
        <line num="219" count="22219" type="cond" truecount="4" falsecount="0"/>
        <line num="222" count="21932" type="stmt"/>
        <line num="223" count="21932" type="stmt"/>
        <line num="227" count="3" type="stmt"/>
      </file>
      <file name="view.ts" path="/home/chuby9726/clawspace/web-praat/src/utils/view.ts">
        <metrics statements="19" coveredstatements="19" conditionals="5" coveredconditionals="4" methods="7" coveredmethods="7"/>
        <line num="4" count="16" type="stmt"/>
        <line num="5" count="16" type="stmt"/>
        <line num="6" count="16" type="stmt"/>
        <line num="7" count="16" type="stmt"/>
        <line num="8" count="16" type="cond" truecount="2" falsecount="0"/>
        <line num="9" count="1" type="stmt"/>
        <line num="10" count="1" type="stmt"/>
        <line num="12" count="16" type="stmt"/>
        <line num="16" count="1" type="stmt"/>
        <line num="25" count="2" type="stmt"/>
        <line num="26" count="2" type="stmt"/>
        <line num="27" count="2" type="stmt"/>
        <line num="28" count="2" type="stmt"/>
        <line num="32" count="12" type="stmt"/>
        <line num="42" count="1" type="stmt"/>
        <line num="46" count="1" type="cond" truecount="1" falsecount="1"/>
        <line num="47" count="1" type="stmt"/>
        <line num="51" count="1" type="stmt"/>
        <line num="52" count="1" type="stmt"/>
      </file>
    </package>
  </project>
</coverage>
