{"/home/chuby9726/clawspace/web-praat/src/audio/analyzer.ts": {"path":"/home/chuby9726/clawspace/web-praat/src/audio/analyzer.ts","statementMap":{"0":{"start":{"line":18,"column":2},"end":{"line":22,"column":null}},"1":{"start":{"line":30,"column":19},"end":{"line":30,"column":null}},"2":{"start":{"line":31,"column":19},"end":{"line":31,"column":null}},"3":{"start":{"line":32,"column":22},"end":{"line":32,"column":null}},"4":{"start":{"line":33,"column":16},"end":{"line":33,"column":null}},"5":{"start":{"line":34,"column":19},"end":{"line":34,"column":null}},"6":{"start":{"line":35,"column":20},"end":{"line":35,"column":null}},"7":{"start":{"line":36,"column":8},"end":{"line":36,"column":null}},"8":{"start":{"line":37,"column":8},"end":{"line":37,"column":null}},"9":{"start":{"line":39,"column":2},"end":{"line":51,"column":null}},"10":{"start":{"line":59,"column":19},"end":{"line":59,"column":null}},"11":{"start":{"line":60,"column":18},"end":{"line":60,"column":null}},"12":{"start":{"line":61,"column":18},"end":{"line":61,"column":null}},"13":{"start":{"line":62,"column":25},"end":{"line":62,"column":null}},"14":{"start":{"line":63,"column":24},"end":{"line":63,"column":null}},"15":{"start":{"line":64,"column":37},"end":{"line":64,"column":null}},"16":{"start":{"line":65,"column":31},"end":{"line":65,"column":null}},"17":{"start":{"line":66,"column":22},"end":{"line":66,"column":null}},"18":{"start":{"line":68,"column":2},"end":{"line":77,"column":null}},"19":{"start":{"line":68,"column":24},"end":{"line":68,"column":27}},"20":{"start":{"line":69,"column":18},"end":{"line":69,"column":null}},"21":{"start":{"line":70,"column":18},"end":{"line":70,"column":null}},"22":{"start":{"line":71,"column":4},"end":{"line":73,"column":null}},"23":{"start":{"line":71,"column":17},"end":{"line":71,"column":20}},"24":{"start":{"line":72,"column":6},"end":{"line":72,"column":null}},"25":{"start":{"line":74,"column":10},"end":{"line":74,"column":null}},"26":{"start":{"line":75,"column":4},"end":{"line":75,"column":null}},"27":{"start":{"line":76,"column":4},"end":{"line":76,"column":null}},"28":{"start":{"line":79,"column":2},"end":{"line":85,"column":null}},"29":{"start":{"line":98,"column":19},"end":{"line":98,"column":null}},"30":{"start":{"line":99,"column":13},"end":{"line":99,"column":null}},"31":{"start":{"line":100,"column":20},"end":{"line":100,"column":null}},"32":{"start":{"line":101,"column":18},"end":{"line":101,"column":null}},"33":{"start":{"line":102,"column":17},"end":{"line":102,"column":null}},"34":{"start":{"line":103,"column":17},"end":{"line":103,"column":null}},"35":{"start":{"line":104,"column":19},"end":{"line":104,"column":null}},"36":{"start":{"line":107,"column":18},"end":{"line":107,"column":null}},"37":{"start":{"line":108,"column":2},"end":{"line":111,"column":null}},"38":{"start":{"line":108,"column":15},"end":{"line":108,"column":18}},"39":{"start":{"line":109,"column":14},"end":{"line":109,"column":null}},"40":{"start":{"line":110,"column":4},"end":{"line":110,"column":null}},"41":{"start":{"line":110,"column":23},"end":{"line":110,"column":null}},"42":{"start":{"line":113,"column":26},"end":{"line":113,"column":null}},"43":{"start":{"line":114,"column":46},"end":{"line":114,"column":null}},"44":{"start":{"line":117,"column":2},"end":{"line":173,"column":null}},"45":{"start":{"line":117,"column":19},"end":{"line":117,"column":22}},"46":{"start":{"line":118,"column":10},"end":{"line":118,"column":null}},"47":{"start":{"line":119,"column":4},"end":{"line":119,"column":null}},"48":{"start":{"line":120,"column":18},"end":{"line":120,"column":null}},"49":{"start":{"line":121,"column":4},"end":{"line":121,"column":null}},"50":{"start":{"line":121,"column":17},"end":{"line":121,"column":20}},"51":{"start":{"line":121,"column":40},"end":{"line":121,"column":null}},"52":{"start":{"line":122,"column":10},"end":{"line":122,"column":null}},"53":{"start":{"line":125,"column":19},"end":{"line":125,"column":null}},"54":{"start":{"line":126,"column":4},"end":{"line":129,"column":null}},"55":{"start":{"line":126,"column":17},"end":{"line":126,"column":20}},"56":{"start":{"line":127,"column":16},"end":{"line":127,"column":null}},"57":{"start":{"line":128,"column":6},"end":{"line":128,"column":null}},"58":{"start":{"line":128,"column":24},"end":{"line":128,"column":null}},"59":{"start":{"line":130,"column":21},"end":{"line":130,"column":null}},"60":{"start":{"line":133,"column":41},"end":{"line":133,"column":null}},"61":{"start":{"line":135,"column":4},"end":{"line":170,"column":null}},"62":{"start":{"line":137,"column":50},"end":{"line":137,"column":null}},"63":{"start":{"line":138,"column":18},"end":{"line":138,"column":null}},"64":{"start":{"line":139,"column":22},"end":{"line":139,"column":null}},"65":{"start":{"line":140,"column":6},"end":{"line":155,"column":null}},"66":{"start":{"line":140,"column":21},"end":{"line":140,"column":29}},"67":{"start":{"line":141,"column":24},"end":{"line":141,"column":27}},"68":{"start":{"line":141,"column":32},"end":{"line":141,"column":35}},"69":{"start":{"line":141,"column":40},"end":{"line":141,"column":null}},"70":{"start":{"line":142,"column":8},"end":{"line":146,"column":null}},"71":{"start":{"line":142,"column":21},"end":{"line":142,"column":24}},"72":{"start":{"line":143,"column":10},"end":{"line":143,"column":null}},"73":{"start":{"line":144,"column":10},"end":{"line":144,"column":null}},"74":{"start":{"line":145,"column":10},"end":{"line":145,"column":null}},"75":{"start":{"line":147,"column":22},"end":{"line":147,"column":null}},"76":{"start":{"line":148,"column":18},"end":{"line":148,"column":null}},"77":{"start":{"line":150,"column":8},"end":{"line":152,"column":null}},"78":{"start":{"line":151,"column":10},"end":{"line":151,"column":null}},"79":{"start":{"line":153,"column":8},"end":{"line":153,"column":null}},"80":{"start":{"line":154,"column":8},"end":{"line":154,"column":null}},"81":{"start":{"line":157,"column":6},"end":{"line":159,"column":null}},"82":{"start":{"line":158,"column":8},"end":{"line":158,"column":null}},"83":{"start":{"line":162,"column":6},"end":{"line":162,"column":null}},"84":{"start":{"line":162,"column":27},"end":{"line":162,"column":36}},"85":{"start":{"line":163,"column":24},"end":{"line":163,"column":null}},"86":{"start":{"line":164,"column":6},"end":{"line":169,"column":null}},"87":{"start":{"line":164,"column":19},"end":{"line":164,"column":22}},"88":{"start":{"line":165,"column":21},"end":{"line":165,"column":null}},"89":{"start":{"line":167,"column":25},"end":{"line":167,"column":null}},"90":{"start":{"line":168,"column":8},"end":{"line":168,"column":null}},"91":{"start":{"line":172,"column":4},"end":{"line":172,"column":null}},"92":{"start":{"line":176,"column":18},"end":{"line":176,"column":null}},"93":{"start":{"line":177,"column":2},"end":{"line":177,"column":null}},"94":{"start":{"line":177,"column":21},"end":{"line":177,"column":null}},"95":{"start":{"line":180,"column":27},"end":{"line":180,"column":null}},"96":{"start":{"line":181,"column":34},"end":{"line":181,"column":null}},"97":{"start":{"line":184,"column":2},"end":{"line":184,"column":null}},"98":{"start":{"line":184,"column":41},"end":{"line":184,"column":42}},"99":{"start":{"line":185,"column":2},"end":{"line":185,"column":null}},"100":{"start":{"line":185,"column":48},"end":{"line":185,"column":50}},"101":{"start":{"line":188,"column":25},"end":{"line":188,"column":null}},"102":{"start":{"line":190,"column":2},"end":{"line":225,"column":null}},"103":{"start":{"line":190,"column":15},"end":{"line":190,"column":18}},"104":{"start":{"line":191,"column":17},"end":{"line":191,"column":null}},"105":{"start":{"line":192,"column":17},"end":{"line":192,"column":null}},"106":{"start":{"line":193,"column":4},"end":{"line":193,"column":null}},"107":{"start":{"line":194,"column":4},"end":{"line":194,"column":null}},"108":{"start":{"line":196,"column":4},"end":{"line":224,"column":null}},"109":{"start":{"line":196,"column":17},"end":{"line":196,"column":20}},"110":{"start":{"line":197,"column":21},"end":{"line":197,"column":null}},"111":{"start":{"line":198,"column":21},"end":{"line":198,"column":null}},"112":{"start":{"line":200,"column":6},"end":{"line":219,"column":null}},"113":{"start":{"line":200,"column":19},"end":{"line":200,"column":22}},"114":{"start":{"line":201,"column":29},"end":{"line":201,"column":null}},"115":{"start":{"line":202,"column":29},"end":{"line":202,"column":null}},"116":{"start":{"line":203,"column":29},"end":{"line":203,"column":null}},"117":{"start":{"line":205,"column":8},"end":{"line":212,"column":null}},"118":{"start":{"line":207,"column":10},"end":{"line":207,"column":null}},"119":{"start":{"line":208,"column":15},"end":{"line":212,"column":null}},"120":{"start":{"line":210,"column":10},"end":{"line":211,"column":null}},"121":{"start":{"line":214,"column":26},"end":{"line":214,"column":null}},"122":{"start":{"line":215,"column":8},"end":{"line":218,"column":null}},"123":{"start":{"line":216,"column":10},"end":{"line":216,"column":null}},"124":{"start":{"line":217,"column":10},"end":{"line":217,"column":null}},"125":{"start":{"line":222,"column":6},"end":{"line":222,"column":null}},"126":{"start":{"line":223,"column":6},"end":{"line":223,"column":null}},"127":{"start":{"line":228,"column":29},"end":{"line":228,"column":null}},"128":{"start":{"line":229,"column":16},"end":{"line":229,"column":null}},"129":{"start":{"line":230,"column":15},"end":{"line":230,"column":null}},"130":{"start":{"line":231,"column":2},"end":{"line":236,"column":null}},"131":{"start":{"line":231,"column":15},"end":{"line":231,"column":18}},"132":{"start":{"line":232,"column":4},"end":{"line":235,"column":null}},"133":{"start":{"line":233,"column":6},"end":{"line":233,"column":null}},"134":{"start":{"line":234,"column":6},"end":{"line":234,"column":null}},"135":{"start":{"line":237,"column":2},"end":{"line":237,"column":null}},"136":{"start":{"line":238,"column":2},"end":{"line":240,"column":null}},"137":{"start":{"line":238,"column":15},"end":{"line":238,"column":28}},"138":{"start":{"line":239,"column":4},"end":{"line":239,"column":null}},"139":{"start":{"line":243,"column":44},"end":{"line":246,"column":null}},"140":{"start":{"line":244,"column":17},"end":{"line":244,"column":null}},"141":{"start":{"line":245,"column":4},"end":{"line":245,"column":null}},"142":{"start":{"line":248,"column":2},"end":{"line":248,"column":null}},"143":{"start":{"line":256,"column":19},"end":{"line":256,"column":null}},"144":{"start":{"line":257,"column":20},"end":{"line":257,"column":null}},"145":{"start":{"line":258,"column":18},"end":{"line":258,"column":null}},"146":{"start":{"line":259,"column":26},"end":{"line":259,"column":null}},"147":{"start":{"line":260,"column":33},"end":{"line":260,"column":null}},"148":{"start":{"line":262,"column":2},"end":{"line":279,"column":null}},"149":{"start":{"line":262,"column":19},"end":{"line":262,"column":22}},"150":{"start":{"line":263,"column":18},"end":{"line":263,"column":null}},"151":{"start":{"line":264,"column":4},"end":{"line":266,"column":null}},"152":{"start":{"line":264,"column":17},"end":{"line":264,"column":20}},"153":{"start":{"line":265,"column":6},"end":{"line":265,"column":null}},"154":{"start":{"line":267,"column":10},"end":{"line":267,"column":null}},"155":{"start":{"line":268,"column":4},"end":{"line":268,"column":null}},"156":{"start":{"line":269,"column":10},"end":{"line":274,"column":null}},"157":{"start":{"line":275,"column":4},"end":{"line":278,"column":null}},"158":{"start":{"line":277,"column":56},"end":{"line":277,"column":70}},"159":{"start":{"line":281,"column":17},"end":{"line":281,"column":null}},"160":{"start":{"line":282,"column":26},"end":{"line":282,"column":null}},"161":{"start":{"line":283,"column":8},"end":{"line":287,"column":null}},"162":{"start":{"line":288,"column":23},"end":{"line":288,"column":null}},"163":{"start":{"line":290,"column":2},"end":{"line":297,"column":null}},"164":{"start":{"line":301,"column":20},"end":{"line":301,"column":null}},"165":{"start":{"line":302,"column":18},"end":{"line":302,"column":null}},"166":{"start":{"line":303,"column":26},"end":{"line":303,"column":null}},"167":{"start":{"line":304,"column":27},"end":{"line":304,"column":null}},"168":{"start":{"line":306,"column":2},"end":{"line":314,"column":null}},"169":{"start":{"line":306,"column":19},"end":{"line":306,"column":22}},"170":{"start":{"line":307,"column":17},"end":{"line":307,"column":null}},"171":{"start":{"line":308,"column":4},"end":{"line":310,"column":null}},"172":{"start":{"line":308,"column":17},"end":{"line":308,"column":20}},"173":{"start":{"line":309,"column":6},"end":{"line":309,"column":null}},"174":{"start":{"line":311,"column":16},"end":{"line":311,"column":null}},"175":{"start":{"line":312,"column":4},"end":{"line":312,"column":null}},"176":{"start":{"line":313,"column":4},"end":{"line":313,"column":null}},"177":{"start":{"line":316,"column":2},"end":{"line":316,"column":null}}},"fnMap":{"0":{"name":"mergeSettings","decl":{"start":{"line":17,"column":9},"end":{"line":17,"column":23}},"loc":{"start":{"line":17,"column":79},"end":{"line":23,"column":null}},"line":17},"1":{"name":"analyzeAudio","decl":{"start":{"line":25,"column":16},"end":{"line":25,"column":null}},"loc":{"start":{"line":29,"column":18},"end":{"line":52,"column":null}},"line":29},"2":{"name":"computeSpectrogram","decl":{"start":{"line":54,"column":16},"end":{"line":54,"column":null}},"loc":{"start":{"line":58,"column":19},"end":{"line":86,"column":null}},"line":58},"3":{"name":"computePitch","decl":{"start":{"line":93,"column":16},"end":{"line":93,"column":null}},"loc":{"start":{"line":97,"column":13},"end":{"line":249,"column":null}},"line":97},"4":{"name":"(anonymous_4)","decl":{"start":{"line":162,"column":12},"end":{"line":162,"column":18}},"loc":{"start":{"line":162,"column":27},"end":{"line":162,"column":36}},"line":162},"5":{"name":"(anonymous_5)","decl":{"start":{"line":184,"column":31},"end":{"line":184,"column":41}},"loc":{"start":{"line":184,"column":41},"end":{"line":184,"column":42}},"line":184},"6":{"name":"(anonymous_6)","decl":{"start":{"line":185,"column":38},"end":{"line":185,"column":48}},"loc":{"start":{"line":185,"column":48},"end":{"line":185,"column":50}},"line":185},"7":{"name":"(anonymous_7)","decl":{"start":{"line":243,"column":53},"end":{"line":243,"column":58}},"loc":{"start":{"line":243,"column":69},"end":{"line":246,"column":3}},"line":243},"8":{"name":"computeFormants","decl":{"start":{"line":251,"column":16},"end":{"line":251,"column":null}},"loc":{"start":{"line":255,"column":15},"end":{"line":298,"column":null}},"line":255},"9":{"name":"(anonymous_9)","decl":{"start":{"line":277,"column":37},"end":{"line":277,"column":42}},"loc":{"start":{"line":277,"column":56},"end":{"line":277,"column":70}},"line":277},"10":{"name":"computeIntensity","decl":{"start":{"line":300,"column":16},"end":{"line":300,"column":33}},"loc":{"start":{"line":300,"column":91},"end":{"line":317,"column":null}},"line":300}},"branchMap":{"0":{"loc":{"start":{"line":72,"column":17},"end":{"line":72,"column":null}},"type":"cond-expr","locations":[{"start":{"line":72,"column":46},"end":{"line":72,"column":67}},{"start":{"line":72,"column":67},"end":{"line":72,"column":null}}],"line":72},"1":{"loc":{"start":{"line":110,"column":4},"end":{"line":110,"column":null}},"type":"if","locations":[{"start":{"line":110,"column":4},"end":{"line":110,"column":null}},{"start":{},"end":{}}],"line":110},"2":{"loc":{"start":{"line":128,"column":6},"end":{"line":128,"column":null}},"type":"if","locations":[{"start":{"line":128,"column":6},"end":{"line":128,"column":null}},{"start":{},"end":{}}],"line":128},"3":{"loc":{"start":{"line":130,"column":21},"end":{"line":130,"column":null}},"type":"binary-expr","locations":[{"start":{"line":130,"column":21},"end":{"line":130,"column":38}},{"start":{"line":130,"column":38},"end":{"line":130,"column":null}}],"line":130},"4":{"loc":{"start":{"line":135,"column":4},"end":{"line":170,"column":null}},"type":"if","locations":[{"start":{"line":135,"column":4},"end":{"line":170,"column":null}},{"start":{},"end":{}}],"line":135},"5":{"loc":{"start":{"line":148,"column":18},"end":{"line":148,"column":null}},"type":"cond-expr","locations":[{"start":{"line":148,"column":30},"end":{"line":148,"column":50}},{"start":{"line":148,"column":50},"end":{"line":148,"column":null}}],"line":148},"6":{"loc":{"start":{"line":150,"column":8},"end":{"line":152,"column":null}},"type":"if","locations":[{"start":{"line":150,"column":8},"end":{"line":152,"column":null}},{"start":{},"end":{}}],"line":150},"7":{"loc":{"start":{"line":150,"column":12},"end":{"line":150,"column":57}},"type":"binary-expr","locations":[{"start":{"line":150,"column":12},"end":{"line":150,"column":33}},{"start":{"line":150,"column":33},"end":{"line":150,"column":46}},{"start":{"line":150,"column":46},"end":{"line":150,"column":57}}],"line":150},"8":{"loc":{"start":{"line":157,"column":6},"end":{"line":159,"column":null}},"type":"if","locations":[{"start":{"line":157,"column":6},"end":{"line":159,"column":null}},{"start":{},"end":{}}],"line":157},"9":{"loc":{"start":{"line":157,"column":10},"end":{"line":157,"column":42}},"type":"binary-expr","locations":[{"start":{"line":157,"column":10},"end":{"line":157,"column":31}},{"start":{"line":157,"column":31},"end":{"line":157,"column":42}}],"line":157},"10":{"loc":{"start":{"line":177,"column":2},"end":{"line":177,"column":null}},"type":"if","locations":[{"start":{"line":177,"column":2},"end":{"line":177,"column":null}},{"start":{},"end":{}}],"line":177},"11":{"loc":{"start":{"line":205,"column":8},"end":{"line":212,"column":null}},"type":"if","locations":[{"start":{"line":205,"column":8},"end":{"line":212,"column":null}},{"start":{"line":208,"column":15},"end":{"line":212,"column":null}}],"line":205},"12":{"loc":{"start":{"line":208,"column":15},"end":{"line":212,"column":null}},"type":"if","locations":[{"start":{"line":208,"column":15},"end":{"line":212,"column":null}},{"start":{},"end":{}}],"line":208},"13":{"loc":{"start":{"line":208,"column":19},"end":{"line":208,"column":49}},"type":"binary-expr","locations":[{"start":{"line":208,"column":19},"end":{"line":208,"column":35}},{"start":{"line":208,"column":35},"end":{"line":208,"column":49}}],"line":208},"14":{"loc":{"start":{"line":215,"column":8},"end":{"line":218,"column":null}},"type":"if","locations":[{"start":{"line":215,"column":8},"end":{"line":218,"column":null}},{"start":{},"end":{}}],"line":215},"15":{"loc":{"start":{"line":232,"column":4},"end":{"line":235,"column":null}},"type":"if","locations":[{"start":{"line":232,"column":4},"end":{"line":235,"column":null}},{"start":{},"end":{}}],"line":232},"16":{"loc":{"start":{"line":245,"column":11},"end":{"line":245,"column":null}},"type":"cond-expr","locations":[{"start":{"line":245,"column":32},"end":{"line":245,"column":49}},{"start":{"line":245,"column":49},"end":{"line":245,"column":null}}],"line":245},"17":{"loc":{"start":{"line":277,"column":18},"end":{"line":277,"column":null}},"type":"binary-expr","locations":[{"start":{"line":277,"column":18},"end":{"line":277,"column":75}},{"start":{"line":277,"column":75},"end":{"line":277,"column":null}}],"line":277},"18":{"loc":{"start":{"line":292,"column":8},"end":{"line":292,"column":null}},"type":"binary-expr","locations":[{"start":{"line":292,"column":8},"end":{"line":292,"column":14}},{"start":{"line":292,"column":14},"end":{"line":292,"column":null}}],"line":292},"19":{"loc":{"start":{"line":293,"column":8},"end":{"line":293,"column":null}},"type":"binary-expr","locations":[{"start":{"line":293,"column":8},"end":{"line":293,"column":14}},{"start":{"line":293,"column":14},"end":{"line":293,"column":null}}],"line":293},"20":{"loc":{"start":{"line":294,"column":8},"end":{"line":294,"column":null}},"type":"binary-expr","locations":[{"start":{"line":294,"column":8},"end":{"line":294,"column":14}},{"start":{"line":294,"column":14},"end":{"line":294,"column":null}}],"line":294},"21":{"loc":{"start":{"line":312,"column":16},"end":{"line":312,"column":53}},"type":"cond-expr","locations":[{"start":{"line":312,"column":26},"end":{"line":312,"column":49}},{"start":{"line":312,"column":49},"end":{"line":312,"column":53}}],"line":312}},"s":{"0":20,"1":2,"2":2,"3":2,"4":2,"5":2,"6":2,"7":2,"8":2,"9":2,"10":3,"11":3,"12":3,"13":3,"14":3,"15":3,"16":3,"17":3,"18":3,"19":3,"20":99,"21":99,"22":99,"23":99,"24":101376,"25":99,"26":99,"27":99,"28":3,"29":12,"30":12,"31":12,"32":12,"33":12,"34":12,"35":12,"36":12,"37":12,"38":12,"39":151400,"40":151400,"41":299,"42":12,"43":12,"44":12,"45":12,"46":584,"47":584,"48":584,"49":584,"50":584,"51":576776,"52":584,"53":584,"54":584,"55":584,"56":576776,"57":576776,"58":64743,"59":584,"60":584,"61":584,"62":572,"63":572,"64":572,"65":572,"66":572,"67":163781,"68":163781,"69":163781,"70":163781,"71":163781,"72":175389947,"73":175389947,"74":175389947,"75":163781,"76":163781,"77":163781,"78":1751,"79":163781,"80":163781,"81":572,"82":303,"83":572,"84":2130,"85":572,"86":572,"87":572,"88":2054,"89":2054,"90":2054,"91":584,"92":584,"93":584,"94":0,"95":12,"96":12,"97":12,"98":46,"99":12,"100":46,"101":12,"102":12,"103":12,"104":572,"105":572,"106":572,"107":572,"108":572,"109":572,"110":2592,"111":2592,"112":2592,"113":2592,"114":13802,"115":13802,"116":13802,"117":13802,"118":4038,"119":9764,"120":9192,"121":13802,"122":13802,"123":4985,"124":4985,"125":2592,"126":2592,"127":12,"128":12,"129":12,"130":12,"131":12,"132":48,"133":25,"134":25,"135":12,"136":12,"137":12,"138":572,"139":12,"140":584,"141":584,"142":12,"143":3,"144":3,"145":3,"146":3,"147":3,"148":3,"149":3,"150":194,"151":194,"152":194,"153":136894,"154":194,"155":194,"156":194,"157":194,"158":145,"159":194,"160":194,"161":194,"162":194,"163":194,"164":3,"165":3,"166":3,"167":3,"168":3,"169":3,"170":191,"171":191,"172":191,"173":85760,"174":191,"175":191,"176":191,"177":3},"f":{"0":20,"1":2,"2":3,"3":12,"4":2130,"5":46,"6":46,"7":584,"8":3,"9":145,"10":3},"b":{"0":[101376,0],"1":[299,151101],"2":[64743,512033],"3":[584,584],"4":[572,12],"5":[163781,0],"6":[1751,162030],"7":[163781,83364,2083],"8":[303,269],"9":[572,506],"10":[0,584],"11":[4038,9764],"12":[9192,572],"13":[9764,9192],"14":[4985,8817],"15":[25,23],"16":[570,14],"17":[194,122],"18":[194,0],"19":[3,0],"20":[3,0],"21":[191,0]},"meta":{"lastBranch":22,"lastFunction":11,"lastStatement":178,"seen":{"f:17:9:17:23":0,"s:18:2:22:Infinity":0,"f:25:16:25:Infinity":1,"s:30:19:30:Infinity":1,"s:31:19:31:Infinity":2,"s:32:22:32:Infinity":3,"s:33:16:33:Infinity":4,"s:34:19:34:Infinity":5,"s:35:20:35:Infinity":6,"s:36:8:36:Infinity":7,"s:37:8:37:Infinity":8,"s:39:2:51:Infinity":9,"f:54:16:54:Infinity":2,"s:59:19:59:Infinity":10,"s:60:18:60:Infinity":11,"s:61:18:61:Infinity":12,"s:62:25:62:Infinity":13,"s:63:24:63:Infinity":14,"s:64:37:64:Infinity":15,"s:65:31:65:Infinity":16,"s:66:22:66:Infinity":17,"s:68:2:77:Infinity":18,"s:68:24:68:27":19,"s:69:18:69:Infinity":20,"s:70:18:70:Infinity":21,"s:71:4:73:Infinity":22,"s:71:17:71:20":23,"s:72:6:72:Infinity":24,"b:72:46:72:67:72:67:72:Infinity":0,"s:74:10:74:Infinity":25,"s:75:4:75:Infinity":26,"s:76:4:76:Infinity":27,"s:79:2:85:Infinity":28,"f:93:16:93:Infinity":3,"s:98:19:98:Infinity":29,"s:99:13:99:Infinity":30,"s:100:20:100:Infinity":31,"s:101:18:101:Infinity":32,"s:102:17:102:Infinity":33,"s:103:17:103:Infinity":34,"s:104:19:104:Infinity":35,"s:107:18:107:Infinity":36,"s:108:2:111:Infinity":37,"s:108:15:108:18":38,"s:109:14:109:Infinity":39,"b:110:4:110:Infinity:undefined:undefined:undefined:undefined":1,"s:110:4:110:Infinity":40,"s:110:23:110:Infinity":41,"s:113:26:113:Infinity":42,"s:114:46:114:Infinity":43,"s:117:2:173:Infinity":44,"s:117:19:117:22":45,"s:118:10:118:Infinity":46,"s:119:4:119:Infinity":47,"s:120:18:120:Infinity":48,"s:121:4:121:Infinity":49,"s:121:17:121:20":50,"s:121:40:121:Infinity":51,"s:122:10:122:Infinity":52,"s:125:19:125:Infinity":53,"s:126:4:129:Infinity":54,"s:126:17:126:20":55,"s:127:16:127:Infinity":56,"b:128:6:128:Infinity:undefined:undefined:undefined:undefined":2,"s:128:6:128:Infinity":57,"s:128:24:128:Infinity":58,"s:130:21:130:Infinity":59,"b:130:21:130:38:130:38:130:Infinity":3,"s:133:41:133:Infinity":60,"b:135:4:170:Infinity:undefined:undefined:undefined:undefined":4,"s:135:4:170:Infinity":61,"s:137:50:137:Infinity":62,"s:138:18:138:Infinity":63,"s:139:22:139:Infinity":64,"s:140:6:155:Infinity":65,"s:140:21:140:29":66,"s:141:24:141:27":67,"s:141:32:141:35":68,"s:141:40:141:Infinity":69,"s:142:8:146:Infinity":70,"s:142:21:142:24":71,"s:143:10:143:Infinity":72,"s:144:10:144:Infinity":73,"s:145:10:145:Infinity":74,"s:147:22:147:Infinity":75,"s:148:18:148:Infinity":76,"b:148:30:148:50:148:50:148:Infinity":5,"b:150:8:152:Infinity:undefined:undefined:undefined:undefined":6,"s:150:8:152:Infinity":77,"b:150:12:150:33:150:33:150:46:150:46:150:57":7,"s:151:10:151:Infinity":78,"s:153:8:153:Infinity":79,"s:154:8:154:Infinity":80,"b:157:6:159:Infinity:undefined:undefined:undefined:undefined":8,"s:157:6:159:Infinity":81,"b:157:10:157:31:157:31:157:42":9,"s:158:8:158:Infinity":82,"s:162:6:162:Infinity":83,"f:162:12:162:18":4,"s:162:27:162:36":84,"s:163:24:163:Infinity":85,"s:164:6:169:Infinity":86,"s:164:19:164:22":87,"s:165:21:165:Infinity":88,"s:167:25:167:Infinity":89,"s:168:8:168:Infinity":90,"s:172:4:172:Infinity":91,"s:176:18:176:Infinity":92,"b:177:2:177:Infinity:undefined:undefined:undefined:undefined":10,"s:177:2:177:Infinity":93,"s:177:21:177:Infinity":94,"s:180:27:180:Infinity":95,"s:181:34:181:Infinity":96,"s:184:2:184:Infinity":97,"f:184:31:184:41":5,"s:184:41:184:42":98,"s:185:2:185:Infinity":99,"f:185:38:185:48":6,"s:185:48:185:50":100,"s:188:25:188:Infinity":101,"s:190:2:225:Infinity":102,"s:190:15:190:18":103,"s:191:17:191:Infinity":104,"s:192:17:192:Infinity":105,"s:193:4:193:Infinity":106,"s:194:4:194:Infinity":107,"s:196:4:224:Infinity":108,"s:196:17:196:20":109,"s:197:21:197:Infinity":110,"s:198:21:198:Infinity":111,"s:200:6:219:Infinity":112,"s:200:19:200:22":113,"s:201:29:201:Infinity":114,"s:202:29:202:Infinity":115,"s:203:29:203:Infinity":116,"b:205:8:212:Infinity:208:15:212:Infinity":11,"s:205:8:212:Infinity":117,"s:207:10:207:Infinity":118,"b:208:15:212:Infinity:undefined:undefined:undefined:undefined":12,"s:208:15:212:Infinity":119,"b:208:19:208:35:208:35:208:49":13,"s:210:10:211:Infinity":120,"s:214:26:214:Infinity":121,"b:215:8:218:Infinity:undefined:undefined:undefined:undefined":14,"s:215:8:218:Infinity":122,"s:216:10:216:Infinity":123,"s:217:10:217:Infinity":124,"s:222:6:222:Infinity":125,"s:223:6:223:Infinity":126,"s:228:29:228:Infinity":127,"s:229:16:229:Infinity":128,"s:230:15:230:Infinity":129,"s:231:2:236:Infinity":130,"s:231:15:231:18":131,"b:232:4:235:Infinity:undefined:undefined:undefined:undefined":15,"s:232:4:235:Infinity":132,"s:233:6:233:Infinity":133,"s:234:6:234:Infinity":134,"s:237:2:237:Infinity":135,"s:238:2:240:Infinity":136,"s:238:15:238:28":137,"s:239:4:239:Infinity":138,"s:243:44:246:Infinity":139,"f:243:53:243:58":7,"s:244:17:244:Infinity":140,"s:245:4:245:Infinity":141,"b:245:32:245:49:245:49:245:Infinity":16,"s:248:2:248:Infinity":142,"f:251:16:251:Infinity":8,"s:256:19:256:Infinity":143,"s:257:20:257:Infinity":144,"s:258:18:258:Infinity":145,"s:259:26:259:Infinity":146,"s:260:33:260:Infinity":147,"s:262:2:279:Infinity":148,"s:262:19:262:22":149,"s:263:18:263:Infinity":150,"s:264:4:266:Infinity":151,"s:264:17:264:20":152,"s:265:6:265:Infinity":153,"s:267:10:267:Infinity":154,"s:268:4:268:Infinity":155,"s:269:10:274:Infinity":156,"s:275:4:278:Infinity":157,"b:277:18:277:75:277:75:277:Infinity":17,"f:277:37:277:42":9,"s:277:56:277:70":158,"s:281:17:281:Infinity":159,"s:282:26:282:Infinity":160,"s:283:8:287:Infinity":161,"s:288:23:288:Infinity":162,"s:290:2:297:Infinity":163,"b:292:8:292:14:292:14:292:Infinity":18,"b:293:8:293:14:293:14:293:Infinity":19,"b:294:8:294:14:294:14:294:Infinity":20,"f:300:16:300:33":10,"s:301:20:301:Infinity":164,"s:302:18:302:Infinity":165,"s:303:26:303:Infinity":166,"s:304:27:304:Infinity":167,"s:306:2:314:Infinity":168,"s:306:19:306:22":169,"s:307:17:307:Infinity":170,"s:308:4:310:Infinity":171,"s:308:17:308:20":172,"s:309:6:309:Infinity":173,"s:311:16:311:Infinity":174,"s:312:4:312:Infinity":175,"b:312:26:312:49:312:49:312:53":21,"s:313:4:313:Infinity":176,"s:316:2:316:Infinity":177}}}
,"/home/chuby9726/clawspace/web-praat/src/audio/cochleagram.ts": {"path":"/home/chuby9726/clawspace/web-praat/src/audio/cochleagram.ts","statementMap":{"0":{"start":{"line":14,"column":2},"end":{"line":14,"column":null}},"1":{"start":{"line":20,"column":12},"end":{"line":20,"column":null}},"2":{"start":{"line":21,"column":2},"end":{"line":21,"column":null}},"3":{"start":{"line":26,"column":2},"end":{"line":26,"column":null}},"4":{"start":{"line":31,"column":2},"end":{"line":31,"column":null}},"5":{"start":{"line":58,"column":63},"end":{"line":62,"column":null}},"6":{"start":{"line":72,"column":44},"end":{"line":72,"column":null}},"7":{"start":{"line":73,"column":76},"end":{"line":73,"column":null}},"8":{"start":{"line":75,"column":18},"end":{"line":75,"column":null}},"9":{"start":{"line":76,"column":18},"end":{"line":76,"column":null}},"10":{"start":{"line":77,"column":8},"end":{"line":77,"column":null}},"11":{"start":{"line":80,"column":29},"end":{"line":80,"column":null}},"12":{"start":{"line":81,"column":35},"end":{"line":81,"column":null}},"13":{"start":{"line":82,"column":2},"end":{"line":85,"column":null}},"14":{"start":{"line":82,"column":15},"end":{"line":82,"column":18}},"15":{"start":{"line":83,"column":4},"end":{"line":83,"column":null}},"16":{"start":{"line":84,"column":4},"end":{"line":84,"column":null}},"17":{"start":{"line":88,"column":24},"end":{"line":88,"column":null}},"18":{"start":{"line":89,"column":21},"end":{"line":89,"column":null}},"19":{"start":{"line":92,"column":49},"end":{"line":92,"column":null}},"20":{"start":{"line":93,"column":2},"end":{"line":99,"column":null}},"21":{"start":{"line":93,"column":15},"end":{"line":93,"column":18}},"22":{"start":{"line":94,"column":20},"end":{"line":94,"column":null}},"23":{"start":{"line":95,"column":20},"end":{"line":95,"column":null}},"24":{"start":{"line":96,"column":21},"end":{"line":96,"column":null}},"25":{"start":{"line":97,"column":21},"end":{"line":97,"column":null}},"26":{"start":{"line":98,"column":4},"end":{"line":98,"column":null}},"27":{"start":{"line":102,"column":44},"end":{"line":102,"column":null}},"28":{"start":{"line":103,"column":2},"end":{"line":118,"column":null}},"29":{"start":{"line":103,"column":15},"end":{"line":103,"column":18}},"30":{"start":{"line":104,"column":18},"end":{"line":104,"column":null}},"31":{"start":{"line":105,"column":22},"end":{"line":105,"column":null}},"32":{"start":{"line":106,"column":4},"end":{"line":116,"column":null}},"33":{"start":{"line":106,"column":17},"end":{"line":106,"column":20}},"34":{"start":{"line":107,"column":23},"end":{"line":107,"column":null}},"35":{"start":{"line":108,"column":6},"end":{"line":108,"column":null}},"36":{"start":{"line":108,"column":19},"end":{"line":108,"column":null}},"37":{"start":{"line":109,"column":16},"end":{"line":109,"column":null}},"38":{"start":{"line":110,"column":18},"end":{"line":110,"column":null}},"39":{"start":{"line":111,"column":6},"end":{"line":114,"column":null}},"40":{"start":{"line":111,"column":19},"end":{"line":111,"column":23}},"41":{"start":{"line":112,"column":8},"end":{"line":112,"column":null}},"42":{"start":{"line":113,"column":8},"end":{"line":113,"column":null}},"43":{"start":{"line":115,"column":6},"end":{"line":115,"column":null}},"44":{"start":{"line":117,"column":4},"end":{"line":117,"column":null}},"45":{"start":{"line":120,"column":2},"end":{"line":127,"column":null}}},"fnMap":{"0":{"name":"hzToBark","decl":{"start":{"line":13,"column":16},"end":{"line":13,"column":25}},"loc":{"start":{"line":13,"column":45},"end":{"line":15,"column":null}},"line":13},"1":{"name":"barkToHz","decl":{"start":{"line":18,"column":16},"end":{"line":18,"column":25}},"loc":{"start":{"line":18,"column":47},"end":{"line":22,"column":null}},"line":18},"2":{"name":"hzToErb","decl":{"start":{"line":25,"column":16},"end":{"line":25,"column":24}},"loc":{"start":{"line":25,"column":44},"end":{"line":27,"column":null}},"line":25},"3":{"name":"erbToHz","decl":{"start":{"line":30,"column":16},"end":{"line":30,"column":24}},"loc":{"start":{"line":30,"column":45},"end":{"line":32,"column":null}},"line":30},"4":{"name":"computeCochleagram","decl":{"start":{"line":68,"column":16},"end":{"line":68,"column":null}},"loc":{"start":{"line":71,"column":19},"end":{"line":128,"column":null}},"line":71}},"branchMap":{"0":{"loc":{"start":{"line":70,"column":2},"end":{"line":70,"column":null}},"type":"default-arg","locations":[{"start":{"line":70,"column":34},"end":{"line":70,"column":null}}],"line":70},"1":{"loc":{"start":{"line":88,"column":24},"end":{"line":88,"column":null}},"type":"cond-expr","locations":[{"start":{"line":88,"column":48},"end":{"line":88,"column":71}},{"start":{"line":88,"column":71},"end":{"line":88,"column":null}}],"line":88},"2":{"loc":{"start":{"line":89,"column":43},"end":{"line":89,"column":null}},"type":"cond-expr","locations":[{"start":{"line":89,"column":63},"end":{"line":89,"column":79}},{"start":{"line":89,"column":79},"end":{"line":89,"column":null}}],"line":89},"3":{"loc":{"start":{"line":108,"column":6},"end":{"line":108,"column":null}},"type":"if","locations":[{"start":{"line":108,"column":6},"end":{"line":108,"column":null}},{"start":{},"end":{}}],"line":108},"4":{"loc":{"start":{"line":115,"column":21},"end":{"line":115,"column":null}},"type":"cond-expr","locations":[{"start":{"line":115,"column":33},"end":{"line":115,"column":47}},{"start":{"line":115,"column":47},"end":{"line":115,"column":null}}],"line":115}},"s":{"0":19,"1":1061,"2":1061,"3":4,"4":4,"5":1,"6":6,"7":6,"8":6,"9":6,"10":6,"11":6,"12":6,"13":6,"14":6,"15":352,"16":352,"17":6,"18":6,"19":6,"20":6,"21":6,"22":352,"23":352,"24":352,"25":352,"26":352,"27":6,"28":6,"29":6,"30":29,"31":29,"32":29,"33":29,"34":1824,"35":1824,"36":0,"37":1824,"38":1824,"39":1824,"40":1824,"41":11445,"42":11445,"43":1824,"44":29,"45":6},"f":{"0":19,"1":1061,"2":4,"3":4,"4":6},"b":{"0":[6],"1":[5,1],"2":[5,1],"3":[0,1824],"4":[1824,0]},"meta":{"lastBranch":5,"lastFunction":5,"lastStatement":46,"seen":{"f:13:16:13:25":0,"s:14:2:14:Infinity":0,"f:18:16:18:25":1,"s:20:12:20:Infinity":1,"s:21:2:21:Infinity":2,"f:25:16:25:24":2,"s:26:2:26:Infinity":3,"f:30:16:30:24":3,"s:31:2:31:Infinity":4,"s:58:63:62:Infinity":5,"f:68:16:68:Infinity":4,"b:70:34:70:Infinity":0,"s:72:44:72:Infinity":6,"s:73:76:73:Infinity":7,"s:75:18:75:Infinity":8,"s:76:18:76:Infinity":9,"s:77:8:77:Infinity":10,"s:80:29:80:Infinity":11,"s:81:35:81:Infinity":12,"s:82:2:85:Infinity":13,"s:82:15:82:18":14,"s:83:4:83:Infinity":15,"s:84:4:84:Infinity":16,"s:88:24:88:Infinity":17,"b:88:48:88:71:88:71:88:Infinity":1,"s:89:21:89:Infinity":18,"b:89:63:89:79:89:79:89:Infinity":2,"s:92:49:92:Infinity":19,"s:93:2:99:Infinity":20,"s:93:15:93:18":21,"s:94:20:94:Infinity":22,"s:95:20:95:Infinity":23,"s:96:21:96:Infinity":24,"s:97:21:97:Infinity":25,"s:98:4:98:Infinity":26,"s:102:44:102:Infinity":27,"s:103:2:118:Infinity":28,"s:103:15:103:18":29,"s:104:18:104:Infinity":30,"s:105:22:105:Infinity":31,"s:106:4:116:Infinity":32,"s:106:17:106:20":33,"s:107:23:107:Infinity":34,"b:108:6:108:Infinity:undefined:undefined:undefined:undefined":3,"s:108:6:108:Infinity":35,"s:108:19:108:Infinity":36,"s:109:16:109:Infinity":37,"s:110:18:110:Infinity":38,"s:111:6:114:Infinity":39,"s:111:19:111:23":40,"s:112:8:112:Infinity":41,"s:113:8:113:Infinity":42,"s:115:6:115:Infinity":43,"b:115:33:115:47:115:47:115:Infinity":4,"s:117:4:117:Infinity":44,"s:120:2:127:Infinity":45}}}
,"/home/chuby9726/clawspace/web-praat/src/audio/defaults.ts": {"path":"/home/chuby9726/clawspace/web-praat/src/audio/defaults.ts","statementMap":{"0":{"start":{"line":3,"column":57},"end":{"line":31,"column":null}},"1":{"start":{"line":33,"column":53},"end":{"line":37,"column":null}},"2":{"start":{"line":40,"column":2},"end":{"line":57,"column":null}}},"fnMap":{"0":{"name":"createEmptyTextGrid","decl":{"start":{"line":39,"column":16},"end":{"line":39,"column":36}},"loc":{"start":{"line":39,"column":64},"end":{"line":58,"column":null}},"line":39}},"branchMap":{},"s":{"0":6,"1":6,"2":8},"f":{"0":8},"b":{},"meta":{"lastBranch":0,"lastFunction":1,"lastStatement":3,"seen":{"s:3:57:31:Infinity":0,"s:33:53:37:Infinity":1,"f:39:16:39:36":0,"s:40:2:57:Infinity":2}}}
,"/home/chuby9726/clawspace/web-praat/src/audio/editor.ts": {"path":"/home/chuby9726/clawspace/web-praat/src/audio/editor.ts","statementMap":{"0":{"start":{"line":12,"column":2},"end":{"line":12,"column":null}},"1":{"start":{"line":16,"column":16},"end":{"line":16,"column":null}},"2":{"start":{"line":16,"column":44},"end":{"line":16,"column":63}},"3":{"start":{"line":17,"column":17},"end":{"line":17,"column":null}},"4":{"start":{"line":18,"column":15},"end":{"line":18,"column":null}},"5":{"start":{"line":19,"column":2},"end":{"line":22,"column":null}},"6":{"start":{"line":20,"column":4},"end":{"line":20,"column":null}},"7":{"start":{"line":21,"column":4},"end":{"line":21,"column":null}},"8":{"start":{"line":23,"column":2},"end":{"line":23,"column":null}},"9":{"start":{"line":27,"column":20},"end":{"line":27,"column":null}},"10":{"start":{"line":28,"column":18},"end":{"line":28,"column":null}},"11":{"start":{"line":29,"column":2},"end":{"line":29,"column":null}},"12":{"start":{"line":33,"column":20},"end":{"line":33,"column":null}},"13":{"start":{"line":34,"column":18},"end":{"line":34,"column":null}},"14":{"start":{"line":35,"column":2},"end":{"line":35,"column":null}},"15":{"start":{"line":43,"column":20},"end":{"line":43,"column":null}},"16":{"start":{"line":44,"column":2},"end":{"line":44,"column":null}},"17":{"start":{"line":51,"column":21},"end":{"line":51,"column":null}},"18":{"start":{"line":52,"column":21},"end":{"line":52,"column":null}},"19":{"start":{"line":53,"column":21},"end":{"line":53,"column":null}},"20":{"start":{"line":55,"column":4},"end":{"line":55,"column":null}},"21":{"start":{"line":59,"column":4},"end":{"line":59,"column":null}},"22":{"start":{"line":60,"column":25},"end":{"line":60,"column":null}},"23":{"start":{"line":61,"column":24},"end":{"line":61,"column":null}},"24":{"start":{"line":62,"column":4},"end":{"line":65,"column":null}},"25":{"start":{"line":69,"column":28},"end":{"line":69,"column":null}},"26":{"start":{"line":70,"column":24},"end":{"line":70,"column":null}},"27":{"start":{"line":71,"column":4},"end":{"line":71,"column":null}},"28":{"start":{"line":76,"column":42},"end":{"line":76,"column":null}},"29":{"start":{"line":77,"column":42},"end":{"line":77,"column":null}},"30":{"start":{"line":81,"column":4},"end":{"line":81,"column":null}},"31":{"start":{"line":85,"column":4},"end":{"line":85,"column":null}},"32":{"start":{"line":86,"column":4},"end":{"line":86,"column":null}},"33":{"start":{"line":87,"column":4},"end":{"line":87,"column":null}},"34":{"start":{"line":91,"column":4},"end":{"line":94,"column":null}},"35":{"start":{"line":98,"column":19},"end":{"line":98,"column":null}},"36":{"start":{"line":99,"column":4},"end":{"line":99,"column":null}},"37":{"start":{"line":100,"column":4},"end":{"line":100,"column":null}},"38":{"start":{"line":104,"column":4},"end":{"line":104,"column":null}},"39":{"start":{"line":105,"column":4},"end":{"line":105,"column":null}},"40":{"start":{"line":106,"column":4},"end":{"line":106,"column":null}},"41":{"start":{"line":107,"column":4},"end":{"line":107,"column":null}},"42":{"start":{"line":111,"column":4},"end":{"line":111,"column":null}},"43":{"start":{"line":115,"column":4},"end":{"line":115,"column":null}},"44":{"start":{"line":119,"column":20},"end":{"line":119,"column":null}},"45":{"start":{"line":120,"column":4},"end":{"line":120,"column":null}},"46":{"start":{"line":120,"column":18},"end":{"line":120,"column":null}},"47":{"start":{"line":121,"column":4},"end":{"line":121,"column":null}},"48":{"start":{"line":122,"column":4},"end":{"line":122,"column":null}},"49":{"start":{"line":123,"column":4},"end":{"line":123,"column":null}},"50":{"start":{"line":127,"column":20},"end":{"line":127,"column":null}},"51":{"start":{"line":128,"column":4},"end":{"line":128,"column":null}},"52":{"start":{"line":128,"column":18},"end":{"line":128,"column":null}},"53":{"start":{"line":129,"column":4},"end":{"line":129,"column":null}},"54":{"start":{"line":130,"column":4},"end":{"line":130,"column":null}},"55":{"start":{"line":131,"column":4},"end":{"line":131,"column":null}}},"fnMap":{"0":{"name":"clampIndex","decl":{"start":{"line":11,"column":9},"end":{"line":11,"column":20}},"loc":{"start":{"line":11,"column":59},"end":{"line":13,"column":null}},"line":11},"1":{"name":"sliceConcat","decl":{"start":{"line":15,"column":9},"end":{"line":15,"column":21}},"loc":{"start":{"line":15,"column":80},"end":{"line":24,"column":null}},"line":15},"2":{"name":"(anonymous_2)","decl":{"start":{"line":16,"column":22},"end":{"line":16,"column":30}},"loc":{"start":{"line":16,"column":44},"end":{"line":16,"column":63}},"line":16},"3":{"name":"copySamples","decl":{"start":{"line":26,"column":16},"end":{"line":26,"column":28}},"loc":{"start":{"line":26,"column":110},"end":{"line":30,"column":null}},"line":26},"4":{"name":"deleteSamples","decl":{"start":{"line":32,"column":16},"end":{"line":32,"column":30}},"loc":{"start":{"line":32,"column":112},"end":{"line":36,"column":null}},"line":32},"5":{"name":"insertSamples","decl":{"start":{"line":38,"column":16},"end":{"line":38,"column":null}},"loc":{"start":{"line":42,"column":16},"end":{"line":45,"column":null}},"line":42},"6":{"name":"(anonymous_6)","decl":{"start":{"line":50,"column":2},"end":{"line":50,"column":null}},"loc":{"start":{"line":54,"column":4},"end":{"line":56,"column":null}},"line":54},"7":{"name":"(anonymous_7)","decl":{"start":{"line":58,"column":2},"end":{"line":58,"column":8}},"loc":{"start":{"line":58,"column":47},"end":{"line":66,"column":null}},"line":58},"8":{"name":"(anonymous_8)","decl":{"start":{"line":68,"column":2},"end":{"line":68,"column":9}},"loc":{"start":{"line":68,"column":48},"end":{"line":72,"column":null}},"line":68},"9":{"name":"(anonymous_9)","decl":{"start":{"line":80,"column":2},"end":{"line":80,"column":14}},"loc":{"start":{"line":80,"column":61},"end":{"line":82,"column":null}},"line":80},"10":{"name":"(anonymous_10)","decl":{"start":{"line":84,"column":2},"end":{"line":84,"column":13}},"loc":{"start":{"line":84,"column":59},"end":{"line":88,"column":null}},"line":84},"11":{"name":"(anonymous_11)","decl":{"start":{"line":90,"column":2},"end":{"line":90,"column":29}},"loc":{"start":{"line":90,"column":29},"end":{"line":95,"column":null}},"line":90},"12":{"name":"(anonymous_12)","decl":{"start":{"line":97,"column":2},"end":{"line":97,"column":7}},"loc":{"start":{"line":97,"column":49},"end":{"line":101,"column":null}},"line":97},"13":{"name":"(anonymous_13)","decl":{"start":{"line":103,"column":2},"end":{"line":103,"column":10}},"loc":{"start":{"line":103,"column":53},"end":{"line":108,"column":null}},"line":103},"14":{"name":"(anonymous_14)","decl":{"start":{"line":110,"column":2},"end":{"line":110,"column":21}},"loc":{"start":{"line":110,"column":21},"end":{"line":112,"column":null}},"line":110},"15":{"name":"(anonymous_15)","decl":{"start":{"line":114,"column":2},"end":{"line":114,"column":21}},"loc":{"start":{"line":114,"column":21},"end":{"line":116,"column":null}},"line":114},"16":{"name":"(anonymous_16)","decl":{"start":{"line":118,"column":2},"end":{"line":118,"column":32}},"loc":{"start":{"line":118,"column":32},"end":{"line":124,"column":null}},"line":118},"17":{"name":"(anonymous_17)","decl":{"start":{"line":126,"column":2},"end":{"line":126,"column":32}},"loc":{"start":{"line":126,"column":32},"end":{"line":132,"column":null}},"line":126}},"branchMap":{"0":{"loc":{"start":{"line":64,"column":17},"end":{"line":64,"column":null}},"type":"cond-expr","locations":[{"start":{"line":64,"column":44},"end":{"line":64,"column":79}},{"start":{"line":64,"column":79},"end":{"line":64,"column":null}}],"line":64},"1":{"loc":{"start":{"line":93,"column":17},"end":{"line":93,"column":null}},"type":"cond-expr","locations":[{"start":{"line":93,"column":40},"end":{"line":93,"column":82}},{"start":{"line":93,"column":82},"end":{"line":93,"column":null}}],"line":93},"2":{"loc":{"start":{"line":120,"column":4},"end":{"line":120,"column":null}},"type":"if","locations":[{"start":{"line":120,"column":4},"end":{"line":120,"column":null}},{"start":{},"end":{}}],"line":120},"3":{"loc":{"start":{"line":128,"column":4},"end":{"line":128,"column":null}},"type":"if","locations":[{"start":{"line":128,"column":4},"end":{"line":128,"column":null}},{"start":{},"end":{}}],"line":128}},"s":{"0":25,"1":10,"2":25,"3":10,"4":10,"5":10,"6":25,"7":25,"8":10,"9":5,"10":5,"11":5,"12":5,"13":5,"14":5,"15":5,"16":5,"17":3,"18":3,"19":3,"20":3,"21":4,"22":4,"23":4,"24":4,"25":1,"26":1,"27":1,"28":2,"29":2,"30":2,"31":0,"32":0,"33":0,"34":8,"35":1,"36":1,"37":1,"38":3,"39":3,"40":3,"41":3,"42":0,"43":0,"44":1,"45":1,"46":0,"47":1,"48":1,"49":1,"50":1,"51":1,"52":0,"53":1,"54":1,"55":1},"f":{"0":25,"1":10,"2":25,"3":5,"4":5,"5":5,"6":3,"7":4,"8":1,"9":2,"10":0,"11":8,"12":1,"13":3,"14":0,"15":0,"16":1,"17":1},"b":{"0":[3,1],"1":[8,0],"2":[0,1],"3":[0,1]},"meta":{"lastBranch":4,"lastFunction":18,"lastStatement":56,"seen":{"f:11:9:11:20":0,"s:12:2:12:Infinity":0,"f:15:9:15:21":1,"s:16:16:16:Infinity":1,"f:16:22:16:30":2,"s:16:44:16:63":2,"s:17:17:17:Infinity":3,"s:18:15:18:Infinity":4,"s:19:2:22:Infinity":5,"s:20:4:20:Infinity":6,"s:21:4:21:Infinity":7,"s:23:2:23:Infinity":8,"f:26:16:26:28":3,"s:27:20:27:Infinity":9,"s:28:18:28:Infinity":10,"s:29:2:29:Infinity":11,"f:32:16:32:30":4,"s:33:20:33:Infinity":12,"s:34:18:34:Infinity":13,"s:35:2:35:Infinity":14,"f:38:16:38:Infinity":5,"s:43:20:43:Infinity":15,"s:44:2:44:Infinity":16,"f:50:2:50:Infinity":6,"s:51:21:51:Infinity":17,"s:52:21:52:Infinity":18,"s:53:21:53:Infinity":19,"s:55:4:55:Infinity":20,"f:58:2:58:8":7,"s:59:4:59:Infinity":21,"s:60:25:60:Infinity":22,"s:61:24:61:Infinity":23,"s:62:4:65:Infinity":24,"b:64:44:64:79:64:79:64:Infinity":0,"f:68:2:68:9":8,"s:69:28:69:Infinity":25,"s:70:24:70:Infinity":26,"s:71:4:71:Infinity":27,"s:76:42:76:Infinity":28,"s:77:42:77:Infinity":29,"f:80:2:80:14":9,"s:81:4:81:Infinity":30,"f:84:2:84:13":10,"s:85:4:85:Infinity":31,"s:86:4:86:Infinity":32,"s:87:4:87:Infinity":33,"f:90:2:90:29":11,"s:91:4:94:Infinity":34,"b:93:40:93:82:93:82:93:Infinity":1,"f:97:2:97:7":12,"s:98:19:98:Infinity":35,"s:99:4:99:Infinity":36,"s:100:4:100:Infinity":37,"f:103:2:103:10":13,"s:104:4:104:Infinity":38,"s:105:4:105:Infinity":39,"s:106:4:106:Infinity":40,"s:107:4:107:Infinity":41,"f:110:2:110:21":14,"s:111:4:111:Infinity":42,"f:114:2:114:21":15,"s:115:4:115:Infinity":43,"f:118:2:118:32":16,"s:119:20:119:Infinity":44,"b:120:4:120:Infinity:undefined:undefined:undefined:undefined":2,"s:120:4:120:Infinity":45,"s:120:18:120:Infinity":46,"s:121:4:121:Infinity":47,"s:122:4:122:Infinity":48,"s:123:4:123:Infinity":49,"f:126:2:126:32":17,"s:127:20:127:Infinity":50,"b:128:4:128:Infinity:undefined:undefined:undefined:undefined":3,"s:128:4:128:Infinity":51,"s:128:18:128:Infinity":52,"s:129:4:129:Infinity":53,"s:130:4:130:Infinity":54,"s:131:4:131:Infinity":55}}}
,"/home/chuby9726/clawspace/web-praat/src/audio/experiment.ts": {"path":"/home/chuby9726/clawspace/web-praat/src/audio/experiment.ts","statementMap":{"0":{"start":{"line":37,"column":27},"end":{"line":37,"column":null}},"1":{"start":{"line":38,"column":2},"end":{"line":42,"column":null}},"2":{"start":{"line":38,"column":15},"end":{"line":38,"column":18}},"3":{"start":{"line":39,"column":4},"end":{"line":41,"column":null}},"4":{"start":{"line":40,"column":6},"end":{"line":40,"column":null}},"5":{"start":{"line":43,"column":2},"end":{"line":49,"column":null}},"6":{"start":{"line":45,"column":4},"end":{"line":48,"column":null}},"7":{"start":{"line":45,"column":17},"end":{"line":45,"column":36}},"8":{"start":{"line":46,"column":16},"end":{"line":46,"column":null}},"9":{"start":{"line":47,"column":6},"end":{"line":47,"column":null}},"10":{"start":{"line":50,"column":2},"end":{"line":50,"column":null}},"11":{"start":{"line":57,"column":17},"end":{"line":57,"column":null}},"12":{"start":{"line":58,"column":15},"end":{"line":60,"column":null}},"13":{"start":{"line":59,"column":11},"end":{"line":59,"column":null}},"14":{"start":{"line":61,"column":2},"end":{"line":61,"column":null}}},"fnMap":{"0":{"name":"generateTrialOrder","decl":{"start":{"line":36,"column":16},"end":{"line":36,"column":35}},"loc":{"start":{"line":36,"column":71},"end":{"line":51,"column":null}},"line":36},"1":{"name":"exportResultsToCSV","decl":{"start":{"line":56,"column":16},"end":{"line":56,"column":35}},"loc":{"start":{"line":56,"column":71},"end":{"line":62,"column":null}},"line":56},"2":{"name":"(anonymous_2)","decl":{"start":{"line":58,"column":30},"end":{"line":58,"column":null}},"loc":{"start":{"line":59,"column":11},"end":{"line":59,"column":null}},"line":59}},"branchMap":{"0":{"loc":{"start":{"line":43,"column":2},"end":{"line":49,"column":null}},"type":"if","locations":[{"start":{"line":43,"column":2},"end":{"line":49,"column":null}},{"start":{},"end":{}}],"line":43}},"s":{"0":5,"1":5,"2":5,"3":20,"4":60,"5":5,"6":2,"7":2,"8":22,"9":22,"10":5,"11":2,"12":2,"13":2,"14":2},"f":{"0":5,"1":2,"2":2},"b":{"0":[2,3]},"meta":{"lastBranch":1,"lastFunction":3,"lastStatement":15,"seen":{"f:36:16:36:35":0,"s:37:27:37:Infinity":0,"s:38:2:42:Infinity":1,"s:38:15:38:18":2,"s:39:4:41:Infinity":3,"s:40:6:40:Infinity":4,"b:43:2:49:Infinity:undefined:undefined:undefined:undefined":0,"s:43:2:49:Infinity":5,"s:45:4:48:Infinity":6,"s:45:17:45:36":7,"s:46:16:46:Infinity":8,"s:47:6:47:Infinity":9,"s:50:2:50:Infinity":10,"f:56:16:56:35":1,"s:57:17:57:Infinity":11,"s:58:15:60:Infinity":12,"f:58:30:58:Infinity":2,"s:59:11:59:Infinity":13,"s:61:2:61:Infinity":14}}}
,"/home/chuby9726/clawspace/web-praat/src/audio/filters.ts": {"path":"/home/chuby9726/clawspace/web-praat/src/audio/filters.ts","statementMap":{"0":{"start":{"line":22,"column":2},"end":{"line":28,"column":null}},"1":{"start":{"line":37,"column":17},"end":{"line":37,"column":null}},"2":{"start":{"line":38,"column":14},"end":{"line":38,"column":null}},"3":{"start":{"line":39,"column":14},"end":{"line":39,"column":null}},"4":{"start":{"line":40,"column":16},"end":{"line":40,"column":null}},"5":{"start":{"line":42,"column":2},"end":{"line":51,"column":null}},"6":{"start":{"line":43,"column":4},"end":{"line":50,"column":null}},"7":{"start":{"line":53,"column":2},"end":{"line":62,"column":null}},"8":{"start":{"line":54,"column":4},"end":{"line":61,"column":null}},"9":{"start":{"line":64,"column":2},"end":{"line":73,"column":null}},"10":{"start":{"line":65,"column":4},"end":{"line":72,"column":null}},"11":{"start":{"line":76,"column":2},"end":{"line":83,"column":null}},"12":{"start":{"line":90,"column":17},"end":{"line":90,"column":null}},"13":{"start":{"line":91,"column":11},"end":{"line":91,"column":14}},"14":{"start":{"line":91,"column":19},"end":{"line":91,"column":22}},"15":{"start":{"line":91,"column":27},"end":{"line":91,"column":30}},"16":{"start":{"line":91,"column":35},"end":{"line":91,"column":null}},"17":{"start":{"line":92,"column":2},"end":{"line":99,"column":null}},"18":{"start":{"line":92,"column":15},"end":{"line":92,"column":18}},"19":{"start":{"line":93,"column":15},"end":{"line":93,"column":null}},"20":{"start":{"line":94,"column":15},"end":{"line":95,"column":null}},"21":{"start":{"line":96,"column":4},"end":{"line":96,"column":null}},"22":{"start":{"line":97,"column":4},"end":{"line":97,"column":13}},"23":{"start":{"line":97,"column":13},"end":{"line":97,"column":null}},"24":{"start":{"line":98,"column":4},"end":{"line":98,"column":13}},"25":{"start":{"line":98,"column":13},"end":{"line":98,"column":null}},"26":{"start":{"line":100,"column":2},"end":{"line":100,"column":null}},"27":{"start":{"line":108,"column":2},"end":{"line":110,"column":null}},"28":{"start":{"line":109,"column":4},"end":{"line":109,"column":null}},"29":{"start":{"line":111,"column":17},"end":{"line":111,"column":null}},"30":{"start":{"line":112,"column":2},"end":{"line":112,"column":null}},"31":{"start":{"line":128,"column":41},"end":{"line":128,"column":null}},"32":{"start":{"line":129,"column":25},"end":{"line":129,"column":null}},"33":{"start":{"line":131,"column":2},"end":{"line":139,"column":null}},"34":{"start":{"line":133,"column":22},"end":{"line":133,"column":null}},"35":{"start":{"line":134,"column":16},"end":{"line":134,"column":null}},"36":{"start":{"line":135,"column":17},"end":{"line":135,"column":null}},"37":{"start":{"line":136,"column":23},"end":{"line":136,"column":null}},"38":{"start":{"line":137,"column":23},"end":{"line":137,"column":null}},"39":{"start":{"line":138,"column":4},"end":{"line":138,"column":null}},"40":{"start":{"line":142,"column":22},"end":{"line":142,"column":null}},"41":{"start":{"line":143,"column":24},"end":{"line":143,"column":null}},"42":{"start":{"line":145,"column":2},"end":{"line":148,"column":null}},"43":{"start":{"line":145,"column":15},"end":{"line":145,"column":18}},"44":{"start":{"line":146,"column":15},"end":{"line":146,"column":null}},"45":{"start":{"line":147,"column":4},"end":{"line":147,"column":null}},"46":{"start":{"line":150,"column":2},"end":{"line":174,"column":null}},"47":{"start":{"line":152,"column":19},"end":{"line":152,"column":null}},"48":{"start":{"line":153,"column":16},"end":{"line":153,"column":null}},"49":{"start":{"line":154,"column":16},"end":{"line":154,"column":null}},"50":{"start":{"line":155,"column":4},"end":{"line":173,"column":null}},"51":{"start":{"line":156,"column":17},"end":{"line":156,"column":null}},"52":{"start":{"line":157,"column":6},"end":{"line":163,"column":null}},"53":{"start":{"line":165,"column":17},"end":{"line":165,"column":null}},"54":{"start":{"line":166,"column":6},"end":{"line":172,"column":null}},"55":{"start":{"line":176,"column":2},"end":{"line":176,"column":null}},"56":{"start":{"line":186,"column":15},"end":{"line":186,"column":null}},"57":{"start":{"line":187,"column":2},"end":{"line":189,"column":null}},"58":{"start":{"line":188,"column":4},"end":{"line":188,"column":null}},"59":{"start":{"line":190,"column":2},"end":{"line":190,"column":null}},"60":{"start":{"line":204,"column":19},"end":{"line":204,"column":null}},"61":{"start":{"line":205,"column":2},"end":{"line":205,"column":null}},"62":{"start":{"line":211,"column":2},"end":{"line":211,"column":null}},"63":{"start":{"line":218,"column":12},"end":{"line":218,"column":null}},"64":{"start":{"line":220,"column":2},"end":{"line":220,"column":null}},"65":{"start":{"line":220,"column":15},"end":{"line":220,"column":18}},"66":{"start":{"line":220,"column":30},"end":{"line":220,"column":null}},"67":{"start":{"line":221,"column":2},"end":{"line":221,"column":null}},"68":{"start":{"line":223,"column":2},"end":{"line":226,"column":null}},"69":{"start":{"line":223,"column":15},"end":{"line":223,"column":18}},"70":{"start":{"line":224,"column":4},"end":{"line":224,"column":null}},"71":{"start":{"line":225,"column":4},"end":{"line":225,"column":null}},"72":{"start":{"line":233,"column":13},"end":{"line":233,"column":null}},"73":{"start":{"line":234,"column":13},"end":{"line":234,"column":null}},"74":{"start":{"line":235,"column":2},"end":{"line":237,"column":null}},"75":{"start":{"line":235,"column":15},"end":{"line":235,"column":18}},"76":{"start":{"line":236,"column":4},"end":{"line":236,"column":null}},"77":{"start":{"line":238,"column":2},"end":{"line":238,"column":null}},"78":{"start":{"line":239,"column":2},"end":{"line":239,"column":null}},"79":{"start":{"line":252,"column":18},"end":{"line":252,"column":null}},"80":{"start":{"line":253,"column":15},"end":{"line":253,"column":null}},"81":{"start":{"line":256,"column":13},"end":{"line":256,"column":null}},"82":{"start":{"line":257,"column":13},"end":{"line":257,"column":null}},"83":{"start":{"line":258,"column":2},"end":{"line":258,"column":null}},"84":{"start":{"line":258,"column":15},"end":{"line":258,"column":18}},"85":{"start":{"line":258,"column":41},"end":{"line":258,"column":null}},"86":{"start":{"line":259,"column":2},"end":{"line":259,"column":null}},"87":{"start":{"line":262,"column":2},"end":{"line":270,"column":null}},"88":{"start":{"line":262,"column":15},"end":{"line":262,"column":18}},"89":{"start":{"line":263,"column":14},"end":{"line":263,"column":null}},"90":{"start":{"line":264,"column":4},"end":{"line":264,"column":null}},"91":{"start":{"line":265,"column":4},"end":{"line":265,"column":null}},"92":{"start":{"line":266,"column":4},"end":{"line":269,"column":null}},"93":{"start":{"line":267,"column":6},"end":{"line":267,"column":null}},"94":{"start":{"line":268,"column":6},"end":{"line":268,"column":null}},"95":{"start":{"line":273,"column":2},"end":{"line":273,"column":null}},"96":{"start":{"line":275,"column":17},"end":{"line":275,"column":null}},"97":{"start":{"line":276,"column":2},"end":{"line":276,"column":null}},"98":{"start":{"line":276,"column":15},"end":{"line":276,"column":18}},"99":{"start":{"line":276,"column":41},"end":{"line":276,"column":null}},"100":{"start":{"line":277,"column":2},"end":{"line":277,"column":null}},"101":{"start":{"line":289,"column":19},"end":{"line":289,"column":null}},"102":{"start":{"line":290,"column":2},"end":{"line":305,"column":null}},"103":{"start":{"line":290,"column":15},"end":{"line":290,"column":18}},"104":{"start":{"line":291,"column":19},"end":{"line":291,"column":null}},"105":{"start":{"line":292,"column":17},"end":{"line":292,"column":null}},"106":{"start":{"line":293,"column":18},"end":{"line":293,"column":null}},"107":{"start":{"line":294,"column":17},"end":{"line":294,"column":null}},"108":{"start":{"line":295,"column":18},"end":{"line":295,"column":null}},"109":{"start":{"line":297,"column":18},"end":{"line":297,"column":null}},"110":{"start":{"line":298,"column":18},"end":{"line":298,"column":null}},"111":{"start":{"line":299,"column":18},"end":{"line":299,"column":null}},"112":{"start":{"line":300,"column":18},"end":{"line":300,"column":null}},"113":{"start":{"line":302,"column":19},"end":{"line":302,"column":null}},"114":{"start":{"line":303,"column":19},"end":{"line":303,"column":null}},"115":{"start":{"line":304,"column":4},"end":{"line":304,"column":null}},"116":{"start":{"line":306,"column":2},"end":{"line":306,"column":null}},"117":{"start":{"line":317,"column":19},"end":{"line":317,"column":null}},"118":{"start":{"line":318,"column":2},"end":{"line":323,"column":null}},"119":{"start":{"line":319,"column":24},"end":{"line":319,"column":null}},"120":{"start":{"line":320,"column":4},"end":{"line":322,"column":null}},"121":{"start":{"line":320,"column":17},"end":{"line":320,"column":20}},"122":{"start":{"line":321,"column":6},"end":{"line":321,"column":null}},"123":{"start":{"line":324,"column":2},"end":{"line":324,"column":null}},"124":{"start":{"line":339,"column":2},"end":{"line":341,"column":null}},"125":{"start":{"line":340,"column":4},"end":{"line":340,"column":null}},"126":{"start":{"line":342,"column":2},"end":{"line":345,"column":null}},"127":{"start":{"line":343,"column":19},"end":{"line":343,"column":null}},"128":{"start":{"line":344,"column":4},"end":{"line":344,"column":null}},"129":{"start":{"line":347,"column":17},"end":{"line":347,"column":null}},"130":{"start":{"line":348,"column":19},"end":{"line":348,"column":null}},"131":{"start":{"line":349,"column":19},"end":{"line":349,"column":null}},"132":{"start":{"line":351,"column":2},"end":{"line":357,"column":null}},"133":{"start":{"line":352,"column":4},"end":{"line":356,"column":null}},"134":{"start":{"line":352,"column":17},"end":{"line":352,"column":20}},"135":{"start":{"line":353,"column":6},"end":{"line":353,"column":null}},"136":{"start":{"line":355,"column":6},"end":{"line":355,"column":null}},"137":{"start":{"line":358,"column":2},"end":{"line":358,"column":null}}},"fnMap":{"0":{"name":"normalizeCoefficients","decl":{"start":{"line":14,"column":9},"end":{"line":14,"column":null}},"loc":{"start":{"line":21,"column":22},"end":{"line":29,"column":null}},"line":21},"1":{"name":"designBiquad","decl":{"start":{"line":31,"column":16},"end":{"line":31,"column":null}},"loc":{"start":{"line":36,"column":22},"end":{"line":84,"column":null}},"line":36},"2":{"name":"applyBiquadOnce","decl":{"start":{"line":86,"column":9},"end":{"line":86,"column":null}},"loc":{"start":{"line":89,"column":16},"end":{"line":101,"column":null}},"line":89},"3":{"name":"applyBiquadFilter","decl":{"start":{"line":103,"column":16},"end":{"line":103,"column":null}},"loc":{"start":{"line":107,"column":16},"end":{"line":113,"column":null}},"line":107},"4":{"name":"designButterworth","decl":{"start":{"line":121,"column":16},"end":{"line":121,"column":null}},"loc":{"start":{"line":127,"column":24},"end":{"line":177,"column":null}},"line":127},"5":{"name":"applyCascadedFilter","decl":{"start":{"line":182,"column":16},"end":{"line":182,"column":null}},"loc":{"start":{"line":185,"column":16},"end":{"line":191,"column":null}},"line":185},"6":{"name":"applyButterworthFilter","decl":{"start":{"line":196,"column":16},"end":{"line":196,"column":null}},"loc":{"start":{"line":203,"column":16},"end":{"line":206,"column":null}},"line":203},"7":{"name":"nextPowerOfTwo","decl":{"start":{"line":210,"column":9},"end":{"line":210,"column":24}},"loc":{"start":{"line":210,"column":43},"end":{"line":212,"column":null}},"line":210},"8":{"name":"ifftInPlace","decl":{"start":{"line":217,"column":16},"end":{"line":217,"column":28}},"loc":{"start":{"line":217,"column":70},"end":{"line":227,"column":null}},"line":217},"9":{"name":"fftComplex","decl":{"start":{"line":232,"column":16},"end":{"line":232,"column":27}},"loc":{"start":{"line":232,"column":106},"end":{"line":240,"column":null}},"line":232},"10":{"name":"applyGainCurveFilter","decl":{"start":{"line":248,"column":16},"end":{"line":248,"column":null}},"loc":{"start":{"line":251,"column":16},"end":{"line":278,"column":null}},"line":251},"11":{"name":"biquadFrequencyResponse","decl":{"start":{"line":284,"column":16},"end":{"line":284,"column":null}},"loc":{"start":{"line":288,"column":16},"end":{"line":307,"column":null}},"line":288},"12":{"name":"cascadedFrequencyResponse","decl":{"start":{"line":312,"column":16},"end":{"line":312,"column":null}},"loc":{"start":{"line":316,"column":16},"end":{"line":325,"column":null}},"line":316},"13":{"name":"presetToGainCurve","decl":{"start":{"line":331,"column":16},"end":{"line":331,"column":null}},"loc":{"start":{"line":338,"column":16},"end":{"line":359,"column":null}},"line":338}},"branchMap":{"0":{"loc":{"start":{"line":35,"column":2},"end":{"line":35,"column":null}},"type":"default-arg","locations":[{"start":{"line":35,"column":6},"end":{"line":35,"column":null}}],"line":35},"1":{"loc":{"start":{"line":42,"column":2},"end":{"line":51,"column":null}},"type":"if","locations":[{"start":{"line":42,"column":2},"end":{"line":51,"column":null}},{"start":{},"end":{}}],"line":42},"2":{"loc":{"start":{"line":53,"column":2},"end":{"line":62,"column":null}},"type":"if","locations":[{"start":{"line":53,"column":2},"end":{"line":62,"column":null}},{"start":{},"end":{}}],"line":53},"3":{"loc":{"start":{"line":64,"column":2},"end":{"line":73,"column":null}},"type":"if","locations":[{"start":{"line":64,"column":2},"end":{"line":73,"column":null}},{"start":{},"end":{}}],"line":64},"4":{"loc":{"start":{"line":108,"column":2},"end":{"line":110,"column":null}},"type":"if","locations":[{"start":{"line":108,"column":2},"end":{"line":110,"column":null}},{"start":{},"end":{}}],"line":108},"5":{"loc":{"start":{"line":131,"column":2},"end":{"line":139,"column":null}},"type":"if","locations":[{"start":{"line":131,"column":2},"end":{"line":139,"column":null}},{"start":{},"end":{}}],"line":131},"6":{"loc":{"start":{"line":134,"column":28},"end":{"line":134,"column":61}},"type":"binary-expr","locations":[{"start":{"line":134,"column":28},"end":{"line":134,"column":43}},{"start":{"line":134,"column":43},"end":{"line":134,"column":61}}],"line":134},"7":{"loc":{"start":{"line":135,"column":29},"end":{"line":135,"column":62}},"type":"binary-expr","locations":[{"start":{"line":135,"column":29},"end":{"line":135,"column":44}},{"start":{"line":135,"column":44},"end":{"line":135,"column":62}}],"line":135},"8":{"loc":{"start":{"line":150,"column":2},"end":{"line":174,"column":null}},"type":"if","locations":[{"start":{"line":150,"column":2},"end":{"line":174,"column":null}},{"start":{},"end":{}}],"line":150},"9":{"loc":{"start":{"line":155,"column":4},"end":{"line":173,"column":null}},"type":"if","locations":[{"start":{"line":155,"column":4},"end":{"line":173,"column":null}},{"start":{"line":164,"column":11},"end":{"line":173,"column":null}}],"line":155},"10":{"loc":{"start":{"line":263,"column":14},"end":{"line":263,"column":null}},"type":"cond-expr","locations":[{"start":{"line":263,"column":37},"end":{"line":263,"column":53}},{"start":{"line":263,"column":53},"end":{"line":263,"column":null}}],"line":263},"11":{"loc":{"start":{"line":263,"column":53},"end":{"line":263,"column":null}},"type":"cond-expr","locations":[{"start":{"line":263,"column":76},"end":{"line":263,"column":110}},{"start":{"line":263,"column":110},"end":{"line":263,"column":null}}],"line":263},"12":{"loc":{"start":{"line":266,"column":4},"end":{"line":269,"column":null}},"type":"if","locations":[{"start":{"line":266,"column":4},"end":{"line":269,"column":null}},{"start":{},"end":{}}],"line":266},"13":{"loc":{"start":{"line":266,"column":8},"end":{"line":266,"column":34}},"type":"binary-expr","locations":[{"start":{"line":266,"column":8},"end":{"line":266,"column":17}},{"start":{"line":266,"column":17},"end":{"line":266,"column":34}}],"line":266},"14":{"loc":{"start":{"line":337,"column":2},"end":{"line":337,"column":null}},"type":"default-arg","locations":[{"start":{"line":337,"column":10},"end":{"line":337,"column":null}}],"line":337},"15":{"loc":{"start":{"line":339,"column":2},"end":{"line":341,"column":null}},"type":"if","locations":[{"start":{"line":339,"column":2},"end":{"line":341,"column":null}},{"start":{},"end":{}}],"line":339},"16":{"loc":{"start":{"line":342,"column":2},"end":{"line":345,"column":null}},"type":"if","locations":[{"start":{"line":342,"column":2},"end":{"line":345,"column":null}},{"start":{},"end":{}}],"line":342},"17":{"loc":{"start":{"line":347,"column":17},"end":{"line":347,"column":null}},"type":"cond-expr","locations":[{"start":{"line":347,"column":36},"end":{"line":347,"column":49}},{"start":{"line":347,"column":49},"end":{"line":347,"column":null}}],"line":347},"18":{"loc":{"start":{"line":351,"column":2},"end":{"line":357,"column":null}},"type":"if","locations":[{"start":{"line":351,"column":2},"end":{"line":357,"column":null}},{"start":{},"end":{}}],"line":351}},"s":{"0":520,"1":520,"2":520,"3":520,"4":520,"5":520,"6":516,"7":4,"8":2,"9":2,"10":1,"11":1,"12":506,"13":506,"14":506,"15":506,"16":506,"17":506,"18":506,"19":2255560,"20":2255560,"21":2255560,"22":2255560,"23":2255560,"24":2255560,"25":2255560,"26":506,"27":5,"28":1,"29":4,"30":4,"31":7,"32":7,"33":7,"34":0,"35":0,"36":0,"37":0,"38":0,"39":0,"40":7,"41":7,"42":7,"43":7,"44":512,"45":512,"46":7,"47":1,"48":1,"49":1,"50":1,"51":1,"52":1,"53":0,"54":0,"55":7,"56":2,"57":2,"58":502,"59":2,"60":2,"61":2,"62":2,"63":3,"64":3,"65":3,"66":576,"67":3,"68":3,"69":3,"70":576,"71":576,"72":0,"73":0,"74":0,"75":0,"76":0,"77":0,"78":0,"79":2,"80":2,"81":2,"82":2,"83":2,"84":2,"85":512,"86":2,"87":2,"88":2,"89":258,"90":258,"91":258,"92":258,"93":254,"94":254,"95":2,"96":2,"97":2,"98":2,"99":512,"100":2,"101":7,"102":7,"103":7,"104":1664,"105":1664,"106":1664,"107":1664,"108":1664,"109":1664,"110":1664,"111":1664,"112":1664,"113":1664,"114":1664,"115":1664,"116":7,"117":3,"118":3,"119":6,"120":6,"121":6,"122":1536,"123":3,"124":2,"125":1,"126":1,"127":0,"128":0,"129":1,"130":2,"131":2,"132":2,"133":0,"134":0,"135":0,"136":0,"137":1},"f":{"0":520,"1":520,"2":506,"3":5,"4":7,"5":2,"6":2,"7":2,"8":3,"9":0,"10":2,"11":7,"12":3,"13":2},"b":{"0":[520],"1":[516,4],"2":[2,2],"3":[1,1],"4":[1,4],"5":[0,7],"6":[0,0],"7":[0,0],"8":[1,6],"9":[1,0],"10":[258,0],"11":[0,0],"12":[254,4],"13":[258,256],"14":[2],"15":[1,1],"16":[0,1],"17":[0,1],"18":[0,2]},"meta":{"lastBranch":19,"lastFunction":14,"lastStatement":138,"seen":{"f:14:9:14:Infinity":0,"s:22:2:28:Infinity":0,"f:31:16:31:Infinity":1,"b:35:6:35:Infinity":0,"s:37:17:37:Infinity":1,"s:38:14:38:Infinity":2,"s:39:14:39:Infinity":3,"s:40:16:40:Infinity":4,"b:42:2:51:Infinity:undefined:undefined:undefined:undefined":1,"s:42:2:51:Infinity":5,"s:43:4:50:Infinity":6,"b:53:2:62:Infinity:undefined:undefined:undefined:undefined":2,"s:53:2:62:Infinity":7,"s:54:4:61:Infinity":8,"b:64:2:73:Infinity:undefined:undefined:undefined:undefined":3,"s:64:2:73:Infinity":9,"s:65:4:72:Infinity":10,"s:76:2:83:Infinity":11,"f:86:9:86:Infinity":2,"s:90:17:90:Infinity":12,"s:91:11:91:14":13,"s:91:19:91:22":14,"s:91:27:91:30":15,"s:91:35:91:Infinity":16,"s:92:2:99:Infinity":17,"s:92:15:92:18":18,"s:93:15:93:Infinity":19,"s:94:15:95:Infinity":20,"s:96:4:96:Infinity":21,"s:97:4:97:13":22,"s:97:13:97:Infinity":23,"s:98:4:98:13":24,"s:98:13:98:Infinity":25,"s:100:2:100:Infinity":26,"f:103:16:103:Infinity":3,"b:108:2:110:Infinity:undefined:undefined:undefined:undefined":4,"s:108:2:110:Infinity":27,"s:109:4:109:Infinity":28,"s:111:17:111:Infinity":29,"s:112:2:112:Infinity":30,"f:121:16:121:Infinity":4,"s:128:41:128:Infinity":31,"s:129:25:129:Infinity":32,"b:131:2:139:Infinity:undefined:undefined:undefined:undefined":5,"s:131:2:139:Infinity":33,"s:133:22:133:Infinity":34,"s:134:16:134:Infinity":35,"b:134:28:134:43:134:43:134:61":6,"s:135:17:135:Infinity":36,"b:135:29:135:44:135:44:135:62":7,"s:136:23:136:Infinity":37,"s:137:23:137:Infinity":38,"s:138:4:138:Infinity":39,"s:142:22:142:Infinity":40,"s:143:24:143:Infinity":41,"s:145:2:148:Infinity":42,"s:145:15:145:18":43,"s:146:15:146:Infinity":44,"s:147:4:147:Infinity":45,"b:150:2:174:Infinity:undefined:undefined:undefined:undefined":8,"s:150:2:174:Infinity":46,"s:152:19:152:Infinity":47,"s:153:16:153:Infinity":48,"s:154:16:154:Infinity":49,"b:155:4:173:Infinity:164:11:173:Infinity":9,"s:155:4:173:Infinity":50,"s:156:17:156:Infinity":51,"s:157:6:163:Infinity":52,"s:165:17:165:Infinity":53,"s:166:6:172:Infinity":54,"s:176:2:176:Infinity":55,"f:182:16:182:Infinity":5,"s:186:15:186:Infinity":56,"s:187:2:189:Infinity":57,"s:188:4:188:Infinity":58,"s:190:2:190:Infinity":59,"f:196:16:196:Infinity":6,"s:204:19:204:Infinity":60,"s:205:2:205:Infinity":61,"f:210:9:210:24":7,"s:211:2:211:Infinity":62,"f:217:16:217:28":8,"s:218:12:218:Infinity":63,"s:220:2:220:Infinity":64,"s:220:15:220:18":65,"s:220:30:220:Infinity":66,"s:221:2:221:Infinity":67,"s:223:2:226:Infinity":68,"s:223:15:223:18":69,"s:224:4:224:Infinity":70,"s:225:4:225:Infinity":71,"f:232:16:232:27":9,"s:233:13:233:Infinity":72,"s:234:13:234:Infinity":73,"s:235:2:237:Infinity":74,"s:235:15:235:18":75,"s:236:4:236:Infinity":76,"s:238:2:238:Infinity":77,"s:239:2:239:Infinity":78,"f:248:16:248:Infinity":10,"s:252:18:252:Infinity":79,"s:253:15:253:Infinity":80,"s:256:13:256:Infinity":81,"s:257:13:257:Infinity":82,"s:258:2:258:Infinity":83,"s:258:15:258:18":84,"s:258:41:258:Infinity":85,"s:259:2:259:Infinity":86,"s:262:2:270:Infinity":87,"s:262:15:262:18":88,"s:263:14:263:Infinity":89,"b:263:37:263:53:263:53:263:Infinity":10,"b:263:76:263:110:263:110:263:Infinity":11,"s:264:4:264:Infinity":90,"s:265:4:265:Infinity":91,"b:266:4:269:Infinity:undefined:undefined:undefined:undefined":12,"s:266:4:269:Infinity":92,"b:266:8:266:17:266:17:266:34":13,"s:267:6:267:Infinity":93,"s:268:6:268:Infinity":94,"s:273:2:273:Infinity":95,"s:275:17:275:Infinity":96,"s:276:2:276:Infinity":97,"s:276:15:276:18":98,"s:276:41:276:Infinity":99,"s:277:2:277:Infinity":100,"f:284:16:284:Infinity":11,"s:289:19:289:Infinity":101,"s:290:2:305:Infinity":102,"s:290:15:290:18":103,"s:291:19:291:Infinity":104,"s:292:17:292:Infinity":105,"s:293:18:293:Infinity":106,"s:294:17:294:Infinity":107,"s:295:18:295:Infinity":108,"s:297:18:297:Infinity":109,"s:298:18:298:Infinity":110,"s:299:18:299:Infinity":111,"s:300:18:300:Infinity":112,"s:302:19:302:Infinity":113,"s:303:19:303:Infinity":114,"s:304:4:304:Infinity":115,"s:306:2:306:Infinity":116,"f:312:16:312:Infinity":12,"s:317:19:317:Infinity":117,"s:318:2:323:Infinity":118,"s:319:24:319:Infinity":119,"s:320:4:322:Infinity":120,"s:320:17:320:20":121,"s:321:6:321:Infinity":122,"s:324:2:324:Infinity":123,"f:331:16:331:Infinity":13,"b:337:10:337:Infinity":14,"b:339:2:341:Infinity:undefined:undefined:undefined:undefined":15,"s:339:2:341:Infinity":124,"s:340:4:340:Infinity":125,"b:342:2:345:Infinity:undefined:undefined:undefined:undefined":16,"s:342:2:345:Infinity":126,"s:343:19:343:Infinity":127,"s:344:4:344:Infinity":128,"s:347:17:347:Infinity":129,"b:347:36:347:49:347:49:347:Infinity":17,"s:348:19:348:Infinity":130,"s:349:19:349:Infinity":131,"b:351:2:357:Infinity:undefined:undefined:undefined:undefined":18,"s:351:2:357:Infinity":132,"s:352:4:356:Infinity":133,"s:352:17:352:20":134,"s:353:6:353:Infinity":135,"s:355:6:355:Infinity":136,"s:358:2:358:Infinity":137}}}
,"/home/chuby9726/clawspace/web-praat/src/audio/formantTracking.ts": {"path":"/home/chuby9726/clawspace/web-praat/src/audio/formantTracking.ts","statementMap":{"0":{"start":{"line":12,"column":40},"end":{"line":16,"column":null}},"1":{"start":{"line":23,"column":16},"end":{"line":23,"column":null}},"2":{"start":{"line":24,"column":21},"end":{"line":24,"column":null}},"3":{"start":{"line":25,"column":2},"end":{"line":25,"column":null}},"4":{"start":{"line":33,"column":2},"end":{"line":33,"column":null}},"5":{"start":{"line":33,"column":23},"end":{"line":33,"column":null}},"6":{"start":{"line":34,"column":15},"end":{"line":34,"column":null}},"7":{"start":{"line":35,"column":2},"end":{"line":46,"column":null}},"8":{"start":{"line":36,"column":29},"end":{"line":36,"column":null}},"9":{"start":{"line":37,"column":4},"end":{"line":42,"column":null}},"10":{"start":{"line":37,"column":22},"end":{"line":37,"column":29}},"11":{"start":{"line":38,"column":20},"end":{"line":38,"column":null}},"12":{"start":{"line":39,"column":6},"end":{"line":41,"column":null}},"13":{"start":{"line":40,"column":8},"end":{"line":40,"column":null}},"14":{"start":{"line":43,"column":4},"end":{"line":43,"column":null}},"15":{"start":{"line":43,"column":29},"end":{"line":43,"column":null}},"16":{"start":{"line":44,"column":4},"end":{"line":44,"column":null}},"17":{"start":{"line":44,"column":26},"end":{"line":44,"column":31}},"18":{"start":{"line":45,"column":4},"end":{"line":45,"column":null}},"19":{"start":{"line":54,"column":2},"end":{"line":54,"column":null}},"20":{"start":{"line":54,"column":23},"end":{"line":54,"column":null}},"21":{"start":{"line":55,"column":15},"end":{"line":55,"column":null}},"22":{"start":{"line":56,"column":16},"end":{"line":56,"column":null}},"23":{"start":{"line":58,"column":28},"end":{"line":58,"column":null}},"24":{"start":{"line":59,"column":2},"end":{"line":61,"column":null}},"25":{"start":{"line":59,"column":20},"end":{"line":59,"column":27}},"26":{"start":{"line":60,"column":4},"end":{"line":60,"column":null}},"27":{"start":{"line":63,"column":2},"end":{"line":76,"column":null}},"28":{"start":{"line":64,"column":4},"end":{"line":64,"column":null}},"29":{"start":{"line":64,"column":24},"end":{"line":64,"column":null}},"30":{"start":{"line":65,"column":14},"end":{"line":65,"column":null}},"31":{"start":{"line":66,"column":20},"end":{"line":66,"column":null}},"32":{"start":{"line":67,"column":4},"end":{"line":74,"column":null}},"33":{"start":{"line":67,"column":22},"end":{"line":67,"column":29}},"34":{"start":{"line":68,"column":23},"end":{"line":68,"column":null}},"35":{"start":{"line":69,"column":6},"end":{"line":73,"column":null}},"36":{"start":{"line":70,"column":18},"end":{"line":70,"column":null}},"37":{"start":{"line":71,"column":8},"end":{"line":71,"column":null}},"38":{"start":{"line":72,"column":8},"end":{"line":72,"column":null}},"39":{"start":{"line":75,"column":4},"end":{"line":75,"column":null}},"40":{"start":{"line":88,"column":2},"end":{"line":88,"column":null}},"41":{"start":{"line":88,"column":27},"end":{"line":88,"column":null}},"42":{"start":{"line":90,"column":29},"end":{"line":90,"column":null}},"43":{"start":{"line":90,"column":51},"end":{"line":90,"column":67}},"44":{"start":{"line":91,"column":28},"end":{"line":91,"column":null}},"45":{"start":{"line":91,"column":50},"end":{"line":91,"column":104}},"46":{"start":{"line":92,"column":35},"end":{"line":92,"column":null}},"47":{"start":{"line":92,"column":57},"end":{"line":92,"column":89}},"48":{"start":{"line":95,"column":2},"end":{"line":97,"column":null}},"49":{"start":{"line":95,"column":15},"end":{"line":95,"column":18}},"50":{"start":{"line":96,"column":4},"end":{"line":96,"column":null}},"51":{"start":{"line":100,"column":2},"end":{"line":115,"column":null}},"52":{"start":{"line":100,"column":24},"end":{"line":100,"column":27}},"53":{"start":{"line":101,"column":4},"end":{"line":114,"column":null}},"54":{"start":{"line":101,"column":30},"end":{"line":101,"column":33}},"55":{"start":{"line":102,"column":24},"end":{"line":102,"column":null}},"56":{"start":{"line":104,"column":23},"end":{"line":104,"column":null}},"57":{"start":{"line":105,"column":6},"end":{"line":113,"column":null}},"58":{"start":{"line":105,"column":27},"end":{"line":105,"column":30}},"59":{"start":{"line":106,"column":21},"end":{"line":106,"column":null}},"60":{"start":{"line":107,"column":22},"end":{"line":107,"column":null}},"61":{"start":{"line":108,"column":21},"end":{"line":108,"column":null}},"62":{"start":{"line":109,"column":8},"end":{"line":112,"column":null}},"63":{"start":{"line":110,"column":10},"end":{"line":110,"column":null}},"64":{"start":{"line":111,"column":10},"end":{"line":111,"column":null}},"65":{"start":{"line":118,"column":16},"end":{"line":118,"column":null}},"66":{"start":{"line":119,"column":2},"end":{"line":119,"column":null}},"67":{"start":{"line":119,"column":29},"end":{"line":119,"column":47}},"68":{"start":{"line":119,"column":50},"end":{"line":119,"column":null}},"69":{"start":{"line":121,"column":18},"end":{"line":121,"column":null}},"70":{"start":{"line":122,"column":17},"end":{"line":122,"column":null}},"71":{"start":{"line":123,"column":26},"end":{"line":123,"column":null}},"72":{"start":{"line":124,"column":2},"end":{"line":129,"column":null}},"73":{"start":{"line":124,"column":15},"end":{"line":124,"column":18}},"74":{"start":{"line":125,"column":4},"end":{"line":128,"column":null}},"75":{"start":{"line":126,"column":6},"end":{"line":126,"column":null}},"76":{"start":{"line":127,"column":6},"end":{"line":127,"column":null}},"77":{"start":{"line":131,"column":2},"end":{"line":135,"column":null}},"78":{"start":{"line":131,"column":24},"end":{"line":131,"column":43}},"79":{"start":{"line":132,"column":4},"end":{"line":132,"column":null}},"80":{"start":{"line":133,"column":4},"end":{"line":133,"column":null}},"81":{"start":{"line":134,"column":4},"end":{"line":134,"column":null}},"82":{"start":{"line":134,"column":41},"end":{"line":134,"column":null}},"83":{"start":{"line":138,"column":19},"end":{"line":138,"column":null}},"84":{"start":{"line":139,"column":2},"end":{"line":139,"column":null}},"85":{"start":{"line":151,"column":32},"end":{"line":151,"column":null}},"86":{"start":{"line":152,"column":19},"end":{"line":152,"column":n
[...]
c":{"start":{"line":121,"column":53},"end":{"line":134,"column":null}},"line":121},"6":{"name":"findNearestPulse","decl":{"start":{"line":142,"column":9},"end":{"line":142,"column":26}},"loc":{"start":{"line":142,"column":66},"end":{"line":153,"column":null}},"line":142},"7":{"name":"synthesizePsola","decl":{"start":{"line":158,"column":16},"end":{"line":158,"column":null}},"loc":{"start":{"line":164,"column":16},"end":{"line":228,"column":null}},"line":164}},"branchMap":{"0":{"loc":{"start":{"line":18,"column":4},"end":{"line":18,"column":null}},"type":"if","locations":[{"start":{"line":18,"column":4},"end":{"line":18,"column":null}},{"start":{},"end":{}}],"line":18},"1":{"loc":{"start":{"line":18,"column":8},"end":{"line":18,"column":36}},"type":"binary-expr","locations":[{"start":{"line":18,"column":8},"end":{"line":18,"column":25}},{"start":{"line":18,"column":25},"end":{"line":18,"column":36}}],"line":18},"2":{"loc":{"start":{"line":21,"column":4},"end":{"line":21,"column":null}},"type":"if","locations":[{"start":{"line":21,"column":4},"end":{"line":21,"column":null}},{"start":{},"end":{}}],"line":21},"3":{"loc":{"start":{"line":21,"column":8},"end":{"line":21,"column":37}},"type":"binary-expr","locations":[{"start":{"line":21,"column":8},"end":{"line":21,"column":20}},{"start":{"line":21,"column":20},"end":{"line":21,"column":37}}],"line":21},"4":{"loc":{"start":{"line":40,"column":6},"end":{"line":43,"column":null}},"type":"if","locations":[{"start":{"line":40,"column":6},"end":{"line":43,"column":null}},{"start":{},"end":{}}],"line":40},"5":{"loc":{"start":{"line":52,"column":4},"end":{"line":54,"column":null}},"type":"if","locations":[{"start":{"line":52,"column":4},"end":{"line":54,"column":null}},{"start":{},"end":{}}],"line":52},"6":{"loc":{"start":{"line":52,"column":8},"end":{"line":52,"column":73}},"type":"binary-expr","locations":[{"start":{"line":52,"column":8},"end":{"line":52,"column":32}},{"start":{"line":52,"column":32},"end":{"line":52,"column":73}}],"line":52},"7":{"loc":{"start":{"line":64,"column":2},"end":{"line":64,"column":null}},"type":"if","locations":[{"start":{"line":64,"column":2},"end":{"line":64,"column":null}},{"start":{},"end":{}}],"line":64},"8":{"loc":{"start":{"line":65,"column":2},"end":{"line":65,"column":null}},"type":"if","locations":[{"start":{"line":65,"column":2},"end":{"line":65,"column":null}},{"start":{},"end":{}}],"line":65},"9":{"loc":{"start":{"line":66,"column":2},"end":{"line":66,"column":null}},"type":"if","locations":[{"start":{"line":66,"column":2},"end":{"line":66,"column":null}},{"start":{},"end":{}}],"line":66},"10":{"loc":{"start":{"line":67,"column":2},"end":{"line":67,"column":null}},"type":"if","locations":[{"start":{"line":67,"column":2},"end":{"line":67,"column":null}},{"start":{},"end":{}}],"line":67},"11":{"loc":{"start":{"line":70,"column":4},"end":{"line":73,"column":null}},"type":"if","locations":[{"start":{"line":70,"column":4},"end":{"line":73,"column":null}},{"start":{},"end":{}}],"line":70},"12":{"loc":{"start":{"line":70,"column":8},"end":{"line":70,"column":58}},"type":"binary-expr","locations":[{"start":{"line":70,"column":8},"end":{"line":70,"column":32}},{"start":{"line":70,"column":32},"end":{"line":70,"column":58}}],"line":70},"13":{"loc":{"start":{"line":82,"column":2},"end":{"line":82,"column":null}},"type":"if","locations":[{"start":{"line":82,"column":2},"end":{"line":82,"column":null}},{"start":{},"end":{}}],"line":82},"14":{"loc":{"start":{"line":83,"column":2},"end":{"line":83,"column":null}},"type":"if","locations":[{"start":{"line":83,"column":2},"end":{"line":83,"column":null}},{"start":{},"end":{}}],"line":83},"15":{"loc":{"start":{"line":84,"column":2},"end":{"line":84,"column":null}},"type":"if","locations":[{"start":{"line":84,"column":2},"end":{"line":84,"column":null}},{"start":{},"end":{}}],"line":84},"16":{"loc":{"start":{"line":85,"column":2},"end":{"line":85,"column":null}},"type":"if","locations":[{"start":{"line":85,"column":2},"end":{"line":85,"column":null}},{"start":{},"end":{}}],"line":85},"17":{"loc":{"start":{"line":88,"column":4},"end":{"line":91,"column":null}},"type":"if","locations":[{"start":{"line":88,"column":4},"end":{"line":91,"column":null}},{"start":{},"end":{}}],"line":88},"18":{"loc":{"start":{"line":88,"column":8},"end":{"line":88,"column":58}},"type":"binary-expr","locations":[{"start":{"line":88,"column":8},"end":{"line":88,"column":32}},{"start":{"line":88,"column":32},"end":{"line":88,"column":58}}],"line":88},"19":{"loc":{"start":{"line":122,"column":4},"end":{"line":122,"column":null}},"type":"if","locations":[{"start":{"line":122,"column":4},"end":{"line":122,"column":null}},{"start":{},"end":{}}],"line":122},"20":{"loc":{"start":{"line":123,"column":4},"end":{"line":123,"column":null}},"type":"if","locations":[{"start":{"line":123,"column":4},"end":{"line":123,"column":null}},{"start":{},"end":{}}],"line":123},"21":{"loc":{"start":{"line":129,"column":6},"end":{"line":130,"column":null}},"type":"if","locations":[{"start":{"line":129,"column":6},"end":{"line":130,"column":null}},{"start":{"line":130,"column":11},"end":{"line":130,"column":null}}],"line":129},"22":{"loc":{"start":{"line":147,"column":4},"end":{"line":150,"column":null}},"type":"if","locations":[{"start":{"line":147,"column":4},"end":{"line":150,"column":null}},{"start":{},"end":{}}],"line":147},"23":{"loc":{"start":{"line":165,"column":2},"end":{"line":167,"column":null}},"type":"if","locations":[{"start":{"line":165,"column":2},"end":{"line":167,"column":null}},{"start":{},"end":{}}],"line":165},"24":{"loc":{"start":{"line":182,"column":4},"end":{"line":186,"column":null}},"type":"if","locations":[{"start":{"line":182,"column":4},"end":{"line":186,"column":null}},{"start":{"line":184,"column":11},"end":{"line":186,"column":null}}],"line":182},"25":{"loc":{"start":{"line":182,"column":8},"end":{"line":182,"column":38}},"type":"binary-expr","locations":[{"start":{"line":182,"column":8},"end":{"line":182,"column":22}},{"start":{"line":182,"column":22},"end":{"line":182,"column":38}}],"line":182},"26":{"loc":{"start":{"line":197,"column":4},"end":{"line":205,"column":null}},"type":"if","locations":[{"start":{"line":197,"column":4},"end":{"line":205,"column":null}},{"start":{"line":199,"column":11},"end":{"line":205,"column":null}}],"line":197},"27":{"loc":{"start":{"line":197,"column":8},"end":{"line":197,"column":54}},"type":"binary-expr","locations":[{"start":{"line":197,"column":8},"end":{"line":197,"column":24}},{"start":{"line":197,"column":24},"end":{"line":197,"column":54}}],"line":197},"28":{"loc":{"start":{"line":199,"column":11},"end":{"line":205,"column":null}},"type":"if","locations":[{"start":{"line":199,"column":11},"end":{"line":205,"column":null}},{"start":{"line":201,"column":11},"end":{"line":205,"column":null}}],"line":199},"29":{"loc":{"start":{"line":201,"column":11},"end":{"line":205,"column":null}},"type":"if","locations":[{"start":{"line":201,"column":11},"end":{"line":205,"column":null}},{"start":{"line":203,"column":11},"end":{"line":205,"column":null}}],"line":201},"30":{"loc":{"start":{"line":209,"column":4},"end":{"line":209,"column":null}},"type":"if","locations":[{"start":{"line":209,"column":4},"end":{"line":209,"column":null}},{"start":{},"end":{}}],"line":209},"31":{"loc":{"start":{"line":218,"column":6},"end":{"line":218,"column":null}},"type":"if","locations":[{"start":{"line":218,"column":6},"end":{"line":218,"column":null}},{"start":{},"end":{}}],"line":218},"32":{"loc":{"start":{"line":218,"column":10},"end":{"line":218,"column":48}},"type":"binary-expr","locations":[{"start":{"line":218,"column":10},"end":{"line":218,"column":23}},{"start":{"line":218,"column":23},"end":{"line":218,"column":48}}],"line":218},"33":{"loc":{"start":{"line":219,"column":6},"end":{"line":219,"column":null}},"type":"if","locations":[{"start":{"line":219,"column":6},"end":{"line":219,"column":null}},{"start":{},"end":{}}],"line":219},"34":{"loc":{"start":{"line":219,"column":10},"end":{"line":219,"column":48}},"type":"binary-expr","locations":[{"start":{"line":219,"column":10},"end":{"line":219,"column":24}},{"start":{"line":219,"column":24},"end":{"line":219,"column":48}}],"line":219}},"s":{"0":4,"1":4,"2":4,"3":4,"4":100,"5":100,"6":0,"7":100,"8":100,"9":0,"10":100,"11":4,"12":4,"13":100,"14":100,"15":100,"16":100,"17":100,"18":100,"19":100,"20":100,"21":6372,"22":6372,"23":1332,"24":1332,"25":100,"26":4,"27":96,"28":4,"29":4,"30":100,"31":100,"32":4,"33":139,"34":0,"35":139,"36":0,"37":139,"38":0,"39":139,"40":23,"41":116,"42":116,"43":116,"44":116,"45":116,"46":0,"47":3000,"48":0,"49":3000,"50":3000,"51":0,"52":0,"53":0,"54":0,"55":0,"56":0,"57":0,"58":0,"59":0,"60":0,"61":3,"62":3,"63":3,"64":3,"65":3,"66":3,"67":3000,"68":3000,"69":3000,"70":3000,"71":3000,"72":3,"73":139,"74":0,"75":139,"76":0,"77":139,"78":139,"79":139,"80":1377,"81":1377,"82":752,"83":625,"84":139,"85":139,"86":3,"87":139,"88":139,"89":139,"90":139,"91":4221,"92":4221,"93":2264,"94":2264,"95":139,"96":3,"97":0,"98":3,"99":3,"100":3,"101":3,"102":3,"103":3,"104":3,"105":3,"106":139,"107":139,"108":139,"109":139,"110":0,"111":3,"112":139,"113":139,"114":139,"115":139,"116":129,"117":10,"118":0,"119":10,"120":10,"121":0,"122":139,"123":139,"124":0,"125":139,"126":139,"127":139,"128":139,"129":139,"130":22219,"131":22219,"132":22219,"133":0,"134":22219,"135":287,"136":21932,"137":21932,"138":3},"f":{"0":4,"1":96,"2":139,"3":3000,"4":3,"5":139,"6":139,"7":3},"b":{"0":[0,100],"1":[100,100],"2":[0,100],"3":[100,100],"4":[1332,5040],"5":[100,0],"6":[100,96],"7":[0,139],"8":[0,139],"9":[0,139],"10":[23,116],"11":[116,0],"12":[116,116],"13":[0,3000],"14":[3000,0],"15":[0,0],"16":[0,0],"17":[0,0],"18":[0,0],"19":[0,139],"20":[0,139],"21":[752,625],"22":[2264,1957],"23":[0,3],"24":[139,0],"25":[139,139],"26":[129,10],"27":[139,139],"28":[0,10],"29":[10,0],"30":[0,139],"31":[0,22219],"32":[22219,22219],"33":[287,21932],"34":[22219,22219]},"meta":{"lastBranch":35,"lastFunction":8,"lastStatement":139,"seen":{"f:7:16:7:Infinity":0,"s:12:27:12:Infinity":0,"s:13:19:13:Infinity":1,"s:16:2:25:Infinity":2,"s:16:15:16:18":3,"s:17:17:17:Infinity":4,"b:18:4:18:Infinity:undefined:undefined:undefined:undefined":0,"s:18:4:18:Infinity":5,"b:18:8:18:25:18:25:18:36":1,"s:18:36:18:Infinity":6,"s:20:17:20:Infinity":7,"b:21:4:21:Infinity:undefined:undefined:undefined:undefined":2,"s:21:4:21:Infinity":8,"b:21:8:21:20:21:20:21:37":3,"s:21:37:21:Infinity":9,"s:24:4:24:Infinity":10,"s:28:28:28:Infinity":11,"s:29:2:46:Infinity":12,"s:30:19:30:Infinity":13,"s:32:25:32:Infinity":14,"s:33:15:33:Infinity":15,"s:34:15:34:Infinity":16,"s:36:17:36:Infinity":17,"s:37:17:37:Infinity":18,"s:38:4:44:Infinity":19,"s:38:17:38:21":20,"s:39:21:39:Infinity":21,"b:40:6:43:Infinity:undefined:undefined:undefined:undefined":4,"s:40:6:43:Infinity":22,"s:41:8:41:Infinity":23,"s:42:8:42:Infinity":24,"s:45:4:45:Infinity":25,"s:49:2:49:Infinity":26,"f:49:10:49:16":1,"s:49:25:49:30":27,"s:50:28:50:Infinity":28,"s:51:2:55:Infinity":29,"b:52:4:54:Infinity:undefined:undefined:undefined:undefined":5,"s:52:4:54:Infinity":30,"b:52:8:52:32:52:32:52:73":6,"s:53:6:53:Infinity":31,"s:57:2:57:Infinity":32,"f:63:9:63:30":2,"b:64:2:64:Infinity:undefined:undefined:undefined:undefined":7,"s:64:2:64:Infinity":33,"s:64:25:64:Infinity":34,"b:65:2:65:Infinity:undefined:undefined:undefined:undefined":8,"s:65:2:65:Infinity":35,"s:65:25:65:Infinity":36,"b:66:2:66:Infinity:undefined:undefined:undefined:undefined":9,"s:66:2:66:Infinity":37,"s:66:28:66:Infinity":38,"b:67:2:67:Infinity:undefined:undefined:undefined:undefined":10,"s:67:2:67:Infinity":39,"s:67:42:67:Infinity":40,"s:69:2:74:Infinity":41,"s:69:15:69:18":42,"b:70:4:73:Infinity:undefined:undefined:undefined:undefined":11,"s:70:4:73:Infinity":43,"b:70:8:70:32:70:32:70:58":12,"s:71:12:71:Infinity":44,"s:72:6:72:Infinity":45,"s:75:2:75:Infinity":46,"f:81:9:81:33":3,"b:82:2:82:Infinity:undefined:undefined:undefined:undefined":13,"s:82:2:82:Infinity":47,"s:82:25:82:Infinity":48,"b:83:2:83:Infinity:undefined:undefined:undefined:undefined":14,"s:83:2:83:Infinity":49,"s:83:25:83:Infinity":50,"b:84:2:84:Infinity:undefined:undefined:undefined:undefined":15,"s:84:2:84:Infinity":51,"s:84:28:84:Infinity":52,"b:85:2:85:Infinity:undefined:undefined:undefined:undefined":16,"s:85:2:85:Infinity":53,"s:85:42:85:Infinity":54,"s:87:2:92:Infinity":55,"s:87:15:87:18":56,"b:88:4:91:Infinity:undefined:undefined:undefined:undefined":17,"s:88:4:91:Infinity":57,"b:88:8:88:32:88:32:88:58":18,"s:89:12:89:Infinity":58,"s:90:6:90:Infinity":59,"s:93:2:93:Infinity":60,"f:100:9:100:Infinity":4,"s:106:13:106:Infinity":61,"s:107:32:107:Infinity":62,"s:108:31:108:Infinity":63,"s:110:20:110:Infinity":64,"s:111:2:117:Infinity":65,"s:111:15:111:18":66,"s:112:22:112:Infinity":67,"s:113:19:113:Infinity":68,"s:114:4:114:Infinity":69,"s:115:4:115:Infinity":70,"s:116:4:116:Infinity":71,"s:119:25:119:Infinity":72,"f:121:11:121:25":5,"b:122:4:122:Infinity:undefined:undefined:undefined:undefined":19,"s:122:4:122:Infinity":73,"s:122:25:122:Infinity":74,"b:123:4:123:Infinity:undefined:undefined:undefined:undefined":20,"s:123:4:123:Infinity":75,"s:123:38:123:Infinity":76,"s:125:13:125:Infinity":77,"s:126:13:126:Infinity":78,"s:127:4:131:Infinity":79,"s:128:19:128:Infinity":80,"b:129:6:130:Infinity:130:11:130:Infinity":21,"s:129:6:130:Infinity":81,"s:129:42:129:Infinity":82,"s:130:11:130:Infinity":83,"s:132:10:132:Infinity":84,"s:133:4:133:Infinity":85,"s:136:2:136:Infinity":86,"f:142:9:142:26":6,"s:143:13:143:Infinity":87,"s:144:17:144:Infinity":88,"s:145:2:151:Infinity":89,"s:145:15:145:18":90,"s:146:17:146:Infinity":91,"b:147:4:150:Infinity:undefined:undefined:undefined:undefined":22,"s:147:4:150:Infinity":92,"s:148:6:148:Infinity":93,"s:149:6:149:Infinity":94,"s:152:2:152:Infinity":95,"f:158:16:158:Infinity":7,"b:165:2:167:Infinity:undefined:undefined:undefined:undefined":23,"s:165:2:167:Infinity":96,"s:166:4:166:Infinity":97,"s:169:24:169:Infinity":98,"s:170:44:170:Infinity":99,"s:171:23:171:Infinity":100,"s:172:17:172:Infinity":101,"s:175:33:175:Infinity":102,"s:176:10:176:Infinity":103,"s:178:2:178:Infinity":104,"s:179:2:187:Infinity":105,"s:180:4:180:Infinity":106,"s:181:23:181:Infinity":107,"b:182:4:186:Infinity:184:11:186:Infinity":24,"s:182:4:186:Infinity":108,"b:182:8:182:22:182:22:182:38":25,"s:183:6:183:Infinity":109,"s:185:6:185:Infinity":110,"s:190:2:225:Infinity":111,"s:191:19:191:Infinity":112,"s:192:21:192:Infinity":113,"s:193:22:193:Infinity":114,"b:197:4:205:Infinity:199:11:205:Infinity":26,"s:197:4:205:Infinity":115,"b:197:8:197:24:197:24:197:54":27,"s:198:6:198:Infinity":116,"b:199:11:205:Infinity:201:11:205:Infinity":28,"s:199:11:205:Infinity":117,"s:200:6:200:Infinity":118,"b:201:11:205:Infinity:203:11:205:Infinity":29,"s:201:11:205:Infinity":119,"s:202:6:202:Infinity":120,"s:204:6:204:Infinity":121,"s:208:26:208:Infinity":122,"b:209:4:209:Infinity:undefined:undefined:undefined:undefined":30,"s:209:4:209:Infinity":123,"s:209:27:209:Infinity":124,"s:211:24:211:Infinity":125,"s:212:22:212:Infinity":126,"s:213:20:213:Infinity":127,"s:215:4:224:Infinity":128,"s:215:17:215:27":129,"s:216:20:216:Infinity":130,"s:217:21:217:Infinity":131,"b:218:6:218:Infinity:undefined:undefined:undefined:undefined":31,"s:218:6:218:Infinity":132,"b:218:10:218:23:218:23:218:48":32,"s:218:48:218:Infinity":133,"b:219:6:219:Infinity:undefined:undefined:undefined:undefined":33,"s:219:6:219:Infinity":134,"b:219:10:219:24:219:24:219:48":34,"s:219:48:219:Infinity":135,"s:222:16:222:Infinity":136,"s:223:6:223:Infinity":137,"s:227:2:227:Infinity":138}}}
,"/home/chuby9726/clawspace/web-praat/src/utils/view.ts": {"path":"/home/chuby9726/clawspace/web-praat/src/utils/view.ts","statementMap":{"0":{"start":{"line":4,"column":23},"end":{"line":4,"column":null}},"1":{"start":{"line":5,"column":16},"end":{"line":5,"column":null}},"2":{"start":{"line":6,"column":14},"end":{"line":6,"column":null}},"3":{"start":{"line":7,"column":12},"end":{"line":7,"column":null}},"4":{"start":{"line":8,"column":2},"end":{"line":11,"column":null}},"5":{"start":{"line":9,"column":4},"end":{"line":9,"column":null}},"6":{"start":{"line":10,"column":4},"end":{"line":10,"column":null}},"7":{"start":{"line":12,"column":2},"end":{"line":12,"column":null}},"8":{"start":{"line":16,"column":2},"end":{"line":16,"column":null}},"9":{"start":{"line":25,"column":16},"end":{"line":25,"column":null}},"10":{"start":{"line":26,"column":8},"end":{"line":26,"column":null}},"11":{"start":{"line":27,"column":16},"end":{"line":27,"column":null}},"12":{"start":{"line":28,"column":2},"end":{"line":28,"column":null}},"13":{"start":{"line":32,"column":2},"end":{"line":38,"column":null}},"14":{"start":{"line":42,"column":2},"end":{"line":42,"column":null}},"15":{"start":{"line":46,"column":16},"end":{"line":46,"column":null}},"16":{"start":{"line":47,"column":2},"end":{"line":47,"column":null}},"17":{"start":{"line":51,"column":8},"end":{"line":51,"column":null}},"18":{"start":{"line":52,"column":2},"end":{"line":52,"column":null}}},"fnMap":{"0":{"name":"clampViewRange","decl":{"start":{"line":3,"column":16},"end":{"line":3,"column":31}},"loc":{"start":{"line":3,"column":96},"end":{"line":13,"column":null}},"line":3},"1":{"name":"fitToWindow","decl":{"start":{"line":15,"column":16},"end":{"line":15,"column":28}},"loc":{"start":{"line":15,"column":57},"end":{"line":17,"column":null}},"line":15},"2":{"name":"zoomAroundPoint","decl":{"start":{"line":19,"column":16},"end":{"line":19,"column":null}},"loc":{"start":{"line":24,"column":13},"end":{"line":29,"column":null}},"line":24},"3":{"name":"panViewRange","decl":{"start":{"line":31,"column":16},"end":{"line":31,"column":29}},"loc":{"start":{"line":31,"column":95},"end":{"line":39,"column":null}},"line":31},"4":{"name":"selectionToView","decl":{"start":{"line":41,"column":16},"end":{"line":41,"column":32}},"loc":{"start":{"line":41,"column":87},"end":{"line":43,"column":null}},"line":41},"5":{"name":"xToTime","decl":{"start":{"line":45,"column":16},"end":{"line":45,"column":24}},"loc":{"start":{"line":45,"column":76},"end":{"line":48,"column":null}},"line":45},"6":{"name":"timeToX","decl":{"start":{"line":50,"column":16},"end":{"line":50,"column":24}},"loc":{"start":{"line":50,"column":79},"end":{"line":53,"column":null}},"line":50}},"branchMap":{"0":{"loc":{"start":{"line":3,"column":67},"end":{"line":3,"column":96}},"type":"default-arg","locations":[{"start":{"line":3,"column":79},"end":{"line":3,"column":96}}],"line":3},"1":{"loc":{"start":{"line":8,"column":2},"end":{"line":11,"column":null}},"type":"if","locations":[{"start":{"line":8,"column":2},"end":{"line":11,"column":null}},{"start":{},"end":{}}],"line":8},"2":{"loc":{"start":{"line":46,"column":16},"end":{"line":46,"column":null}},"type":"cond-expr","locations":[{"start":{"line":46,"column":28},"end":{"line":46,"column":40}},{"start":{"line":46,"column":40},"end":{"line":46,"column":null}}],"line":46}},"s":{"0":16,"1":16,"2":16,"3":16,"4":16,"5":1,"6":1,"7":16,"8":1,"9":2,"10":2,"11":2,"12":2,"13":12,"14":1,"15":1,"16":1,"17":1,"18":1},"f":{"0":16,"1":1,"2":2,"3":12,"4":1,"5":1,"6":1},"b":{"0":[16],"1":[1,15],"2":[1,0]},"meta":{"lastBranch":3,"lastFunction":7,"lastStatement":19,"seen":{"f:3:16:3:31":0,"b:3:79:3:96":0,"s:4:23:4:Infinity":0,"s:5:16:5:Infinity":1,"s:6:14:6:Infinity":2,"s:7:12:7:Infinity":3,"b:8:2:11:Infinity:undefined:undefined:undefined:undefined":1,"s:8:2:11:Infinity":4,"s:9:4:9:Infinity":5,"s:10:4:10:Infinity":6,"s:12:2:12:Infinity":7,"f:15:16:15:28":1,"s:16:2:16:Infinity":8,"f:19:16:19:Infinity":2,"s:25:16:25:Infinity":9,"s:26:8:26:Infinity":10,"s:27:16:27:Infinity":11,"s:28:2:28:Infinity":12,"f:31:16:31:29":3,"s:32:2:38:Infinity":13,"f:41:16:41:32":4,"s:42:2:42:Infinity":14,"f:45:16:45:24":5,"s:46:16:46:Infinity":15,"b:46:28:46:40:46:40:46:Infinity":2,"s:47:2:47:Infinity":16,"f:50:16:50:24":6,"s:51:8:51:Infinity":17,"s:52:2:52:Infinity":18}}}
}
